<?xml version="1.0" encoding="utf-8"?>
<TestRun id="267c97cb-db80-43cd-8c3a-9a8d8227685b" name="Utilisateur@DESKTOP-D3D29K7 2026-07-13 23:16:26" runUser="DESKTOP-D3D29K7\Utilisateur" xmlns="http://microsoft.com/schemas/VisualStudio/TeamTest/2010">
  <Times creation="2026-07-13T23:16:26.2639922-04:00" queuing="2026-07-13T23:16:26.2639928-04:00" start="2026-07-13T23:16:23.2206506-04:00" finish="2026-07-13T23:16:26.3038830-04:00" />
  <TestSettings name="default" id="0b997bb2-1810-4362-a1c4-bfc45fc9f864">
    <Deployment runDeploymentRoot="Utilisateur_DESKTOP-D3D29K7_2026-07-13_23_16_26" />
  </TestSettings>
  <Results>
    <UnitTestResult executionId="cff80387-69f7-486f-949f-7ba05532d582" testId="e1299764-2d83-64a4-0556-9a329f3060a8" testName="SqlServerSerializesMigrationsAndRejectsConcurrentDuplicateAccount" computerName="DESKTOP-D3D29K7" duration="00:00:02.3869230" startTime="2026-07-13T23:16:23.7433283-04:00" endTime="2026-07-13T23:16:26.1301938-04:00" testType="13cdc9d9-ddb5-4fa4-a97d-d965ccfc6d4b" outcome="Passed" testListId="8c84fa94-04c1-424b-9868-57a2d4851a1d" relativeResultsDirectory="cff80387-69f7-486f-949f-7ba05532d582">
      <Output>
        <StdOut>info: BeeKingdom.Persistence.Migrations.SqlServerMigrationRunner[0]&#xD;
      Applying SQL migration 010_schema_version.sql&#xD;
info: BeeKingdom.Persistence.Migrations.SqlServerMigrationRunner[0]&#xD;
      Applying SQL migration 011_schema_version_uniqueness.sql&#xD;
info: BeeKingdom.Persistence.Migrations.SqlServerMigrationRunner[0]&#xD;
      Applying SQL migration 020_accounts.sql&#xD;
info: BeeKingdom.Persistence.Migrations.SqlServerMigrationRunner[0]&#xD;
      Applying SQL migration 030_authentication_sessions.sql&#xD;
info: BeeKingdom.Persistence.Migrations.SqlServerMigrationRunner[0]&#xD;
      Applying SQL migration 040_colonies.sql&#xD;
info: BeeKingdom.Persistence.Migrations.SqlServerMigrationRunner[0]&#xD;
      Applying SQL migration 050_colony_snapshots.sql&#xD;
warn: BeeKingdom.Persistence.Migrations.SqlServerMigrationRunner[0]&#xD;
      Discarded a pooled SQL connection after session lock acquisition failure for BeeKingdom.Database.Create:BeeKingdom_Local_SERVERB057_aec3792fb4ed4cde8eb3fd161ecadc7f.&#xD;
      Microsoft.Data.SqlClient.SqlException (0x80131904): Une erreur grave s'est produite pendant la commande actuelle. Les résultats devront être supprimés, le cas échéant.&#xD;
      Opération annulée par l'utilisateur.&#xD;
         at Microsoft.Data.SqlClient.SqlConnection.OnError(SqlException exception, Boolean breakConnection, Action`1 wrapCloseInAction)&#xD;
         at Microsoft.Data.SqlClient.SqlInternalConnection.OnError(SqlException exception, Boolean breakConnection, Action`1 wrapCloseInAction)&#xD;
         at Microsoft.Data.SqlClient.TdsParser.ThrowExceptionAndWarning(TdsParserStateObject stateObj, SqlCommand command, Boolean callerHasConnectionLock, Boolean asyncClose)&#xD;
         at Microsoft.Data.SqlClient.TdsParser.TryRun(RunBehavior runBehavior, SqlCommand cmdHandler, SqlDataReader dataStream, BulkCopySimpleResultSet bulkCopyHandler, TdsParserStateObject stateObj, Boolean&amp; dataReady)&#xD;
         at Microsoft.Data.SqlClient.SqlCommand.FinishExecuteReader(SqlDataReader ds, RunBehavior runBehavior, String resetOptionsString, Boolean isInternal, Boolean forDescribeParameterEncryption, Boolean shouldCacheForAlwaysEncrypted)&#xD;
         at Microsoft.Data.SqlClient.SqlCommand.CompleteAsyncExecuteReader(Boolean isInternal, Boolean forDescribeParameterEncryption)&#xD;
         at Microsoft.Data.SqlClient.SqlCommand.InternalEndExecuteNonQuery(IAsyncResult asyncResult, Boolean isInternal, String endMethod)&#xD;
         at Microsoft.Data.SqlClient.SqlCommand.EndExecuteNonQueryInternal(IAsyncResult asyncResult)&#xD;
         at Microsoft.Data.SqlClient.SqlCommand.EndExecuteNonQueryAsync(IAsyncResult asyncResult)&#xD;
         at Microsoft.Data.SqlClient.SqlCommand.&lt;&gt;c.&lt;InternalExecuteNonQueryAsync&gt;b__193_1(IAsyncResult asyncResult)&#xD;
         at System.Threading.Tasks.TaskFactory`1.FromAsyncCoreLogic(IAsyncResult iar, Func`2 endFunction, Action`1 endAction, Task`1 promise, Boolean requiresSynchronization)&#xD;
      --- End of stack trace from previous location ---&#xD;
         at BeeKingdom.Persistence.Migrations.SqlServerMigrationRunner.AcquireSessionLockAsync(SqlConnection connection, String resource, CancellationToken cancellationToken) in C:\projets\beekingdomgame-master\Server\src\BeeKingdom.Persistence\Migrations\SqlServerMigrationRunner.cs:line 203&#xD;
         at BeeKingdom.Persistence.Migrations.SqlServerMigrationRunner.AcquireSessionLockAsync(SqlConnection connection, String resource, CancellationToken cancellationToken) in C:\projets\beekingdomgame-master\Server\src\BeeKingdom.Persistence\Migrations\SqlServerMigrationRunner.cs:line 203&#xD;
         at BeeKingdom.Persistence.Migrations.SqlServerMigrationRunner.ExecuteWithSessionLockAsync[TResult](SqlConnection connection, String resource, Func`2 operation, CancellationToken cancellationToken) in C:\projets\beekingdomgame-master\Server\src\BeeKingdom.Persistence\Migrations\SqlServerMigrationRunner.cs:line 143&#xD;
      ClientConnectionId :6c60ce99-96cf-4713-8b99-470b39fd7dec</StdOut>
      </Output>
    </UnitTestResult>
  </Results>
  <TestDefinitions>
    <UnitTest name="SqlServerSerializesMigrationsAndRejectsConcurrentDuplicateAccount" storage="c:\projets\beekingdomgame-master\server\tests\beekingdom.tests\bin\release\net8.0\beekingdom.tests.dll" id="e1299764-2d83-64a4-0556-9a329f3060a8">
      <Execution id="cff80387-69f7-486f-949f-7ba05532d582" />
      <TestMethod codeBase="C:\projets\beekingdomgame-master\Server\tests\BeeKingdom.Tests\bin\Release\net8.0\BeeKingdom.Tests.dll" adapterTypeName="executor://nunit3testexecutor/" className="BeeKingdom.Tests.SqlServerOptInIntegrationTests" name="SqlServerSerializesMigrationsAndRejectsConcurrentDuplicateAccount" />
    </UnitTest>
  </TestDefinitions>
  <TestEntries>
    <TestEntry testId="e1299764-2d83-64a4-0556-9a329f3060a8" executionId="cff80387-69f7-486f-949f-7ba05532d582" testListId="8c84fa94-04c1-424b-9868-57a2d4851a1d" />
  </TestEntries>
  <TestLists>
    <TestList name="Les résultats ne figurent pas dans une liste" id="8c84fa94-04c1-424b-9868-57a2d4851a1d" />
    <TestList name="Tous les résultats chargés" id="19431567-8539-422a-85d7-44ee4e166bda" />
  </TestLists>
  <ResultSummary outcome="Completed">
    <Counters total="1" executed="1" passed="1" failed="0" error="0" timeout="0" aborted="0" inconclusive="0" passedButRunAborted="0" notRunnable="0" notExecuted="0" disconnected="0" warning="0" completed="0" inProgress="0" pending="0" />
    <Output>
      <StdOut>NUnit Adapter 4.5.0.0: Test execution started&#xD;
Running selected tests in C:\projets\beekingdomgame-master\Server\tests\BeeKingdom.Tests\bin\Release\net8.0\BeeKingdom.Tests.dll&#xD;
   NUnit3TestExecutor discovered 1 of 1 NUnit test cases using Current Discovery mode, Non-Explicit run&#xD;
NUnit Adapter 4.5.0.0: Test execution complete&#xD;
</StdOut>
    </Output>
    <RunInfos>
      <RunInfo computerName="DESKTOP-D3D29K7" outcome="Warning" timestamp="2026-07-13T23:16:26.1414850-04:00">
        <Text>info: BeeKingdom.Persistence.Migrations.SqlServerMigrationRunner[0]&#xD;
      Applying SQL migration 010_schema_version.sql&#xD;
info: BeeKingdom.Persistence.Migrations.SqlServerMigrationRunner[0]&#xD;
      Applying SQL migration 011_schema_version_uniqueness.sql&#xD;
info: BeeKingdom.Persistence.Migrations.SqlServerMigrationRunner[0]&#xD;
      Applying SQL migration 020_accounts.sql&#xD;
info: BeeKingdom.Persistence.Migrations.SqlServerMigrationRunner[0]&#xD;
      Applying SQL migration 030_authentication_sessions.sql&#xD;
info: BeeKingdom.Persistence.Migrations.SqlServerMigrationRunner[0]&#xD;
      Applying SQL migration 040_colonies.sql&#xD;
info: BeeKingdom.Persistence.Migrations.SqlServerMigrationRunner[0]&#xD;
      Applying SQL migration 050_colony_snapshots.sql&#xD;
warn: BeeKingdom.Persistence.Migrations.SqlServerMigrationRunner[0]&#xD;
      Discarded a pooled SQL connection after session lock acquisition failure for BeeKingdom.Database.Create:BeeKingdom_Local_SERVERB057_aec3792fb4ed4cde8eb3fd161ecadc7f.&#xD;
      Microsoft.Data.SqlClient.SqlException (0x80131904): Une erreur grave s'est produite pendant la commande actuelle. Les résultats devront être supprimés, le cas échéant.&#xD;
      Opération annulée par l'utilisateur.&#xD;
         at Microsoft.Data.SqlClient.SqlConnection.OnError(SqlException exception, Boolean breakConnection, Action`1 wrapCloseInAction)&#xD;
         at Microsoft.Data.SqlClient.SqlInternalConnection.OnError(SqlException exception, Boolean breakConnection, Action`1 wrapCloseInAction)&#xD;
         at Microsoft.Data.SqlClient.TdsParser.ThrowExceptionAndWarning(TdsParserStateObject stateObj, SqlCommand command, Boolean callerHasConnectionLock, Boolean asyncClose)&#xD;
         at Microsoft.Data.SqlClient.TdsParser.TryRun(RunBehavior runBehavior, SqlCommand cmdHandler, SqlDataReader dataStream, BulkCopySimpleResultSet bulkCopyHandler, TdsParserStateObject stateObj, Boolean&amp; dataReady)&#xD;
         at Microsoft.Data.SqlClient.SqlCommand.FinishExecuteReader(SqlDataReader ds, RunBehavior runBehavior, String resetOptionsString, Boolean isInternal, Boolean forDescribeParameterEncryption, Boolean shouldCacheForAlwaysEncrypted)&#xD;
         at Microsoft.Data.SqlClient.SqlCommand.CompleteAsyncExecuteReader(Boolean isInternal, Boolean forDescribeParameterEncryption)&#xD;
         at Microsoft.Data.SqlClient.SqlCommand.InternalEndExecuteNonQuery(IAsyncResult asyncResult, Boolean isInternal, String endMethod)&#xD;
         at Microsoft.Data.SqlClient.SqlCommand.EndExecuteNonQueryInternal(IAsyncResult asyncResult)&#xD;
         at Microsoft.Data.SqlClient.SqlCommand.EndExecuteNonQueryAsync(IAsyncResult asyncResult)&#xD;
         at Microsoft.Data.SqlClient.SqlCommand.&lt;&gt;c.&lt;InternalExecuteNonQueryAsync&gt;b__193_1(IAsyncResult asyncResult)&#xD;
         at System.Threading.Tasks.TaskFactory`1.FromAsyncCoreLogic(IAsyncResult iar, Func`2 endFunction, Action`1 endAction, Task`1 promise, Boolean requiresSynchronization)&#xD;
      --- End of stack trace from previous location ---&#xD;
         at BeeKingdom.Persistence.Migrations.SqlServerMigrationRunner.AcquireSessionLockAsync(SqlConnection connection, String resource, CancellationToken cancellationToken) in C:\projets\beekingdomgame-master\Server\src\BeeKingdom.Persistence\Migrations\SqlServerMigrationRunner.cs:line 203&#xD;
         at BeeKingdom.Persistence.Migrations.SqlServerMigrationRunner.AcquireSessionLockAsync(SqlConnection connection, String resource, CancellationToken cancellationToken) in C:\projets\beekingdomgame-master\Server\src\BeeKingdom.Persistence\Migrations\SqlServerMigrationRunner.cs:line 203&#xD;
         at BeeKingdom.Persistence.Migrations.SqlServerMigrationRunner.ExecuteWithSessionLockAsync[TResult](SqlConnection connection, String resource, Func`2 operation, CancellationToken cancellationToken) in C:\projets\beekingdomgame-master\Server\src\BeeKingdom.Persistence\Migrations\SqlServerMigrationRunner.cs:line 143&#xD;
      ClientConnectionId :6c60ce99-96cf-4713-8b99-470b39fd7dec&#xD;
</Text>
      </RunInfo>
    </RunInfos>
  </ResultSummary>
</TestRun>