<?xml version="1.0" encoding="utf-8"?>
<TestRun id="a90850d0-bdc0-4dec-bbc9-f859e5e5fd7a" name="Utilisateur@DESKTOP-D3D29K7 2026-07-13 23:30:04" runUser="DESKTOP-D3D29K7\Utilisateur" xmlns="http://microsoft.com/schemas/VisualStudio/TeamTest/2010">
  <Times creation="2026-07-13T23:30:04.8468525-04:00" queuing="2026-07-13T23:30:04.8468529-04:00" start="2026-07-13T23:30:04.2498817-04:00" finish="2026-07-13T23:30:06.8505698-04:00" />
  <TestSettings name="default" id="8ac6892d-01a5-4162-9f09-ce838c01eee9">
    <Deployment runDeploymentRoot="Utilisateur_DESKTOP-D3D29K7_2026-07-13_23_30_04" />
  </TestSettings>
  <Results>
    <UnitTestResult executionId="320e9087-8e4f-4b4a-8026-af397778ccbe" testId="07404f97-93dc-662c-e1a8-fc7917162904" testName="SharedSerializationUsesWebConventions" computerName="DESKTOP-D3D29K7" duration="00:00:00.0150330" startTime="2026-07-13T23:30:04.7877675-04:00" endTime="2026-07-13T23:30:04.8028001-04:00" testType="13cdc9d9-ddb5-4fa4-a97d-d965ccfc6d4b" outcome="Passed" testListId="8c84fa94-04c1-424b-9868-57a2d4851a1d" relativeResultsDirectory="320e9087-8e4f-4b4a-8026-af397778ccbe" />
    <UnitTestResult executionId="42738aa3-0090-4fcd-be1d-32e9007d8e25" testId="516933e9-6771-a23d-abc6-cf28f7dd5566" testName="FakeSourceDoesNotUseSqlApis" computerName="DESKTOP-D3D29K7" duration="00:00:00.0020810" startTime="2026-07-13T23:30:05.1280535-04:00" endTime="2026-07-13T23:30:05.1301335-04:00" testType="13cdc9d9-ddb5-4fa4-a97d-d965ccfc6d4b" outcome="Passed" testListId="8c84fa94-04c1-424b-9868-57a2d4851a1d" relativeResultsDirectory="42738aa3-0090-4fcd-be1d-32e9007d8e25" />
    <UnitTestResult executionId="6fffdae5-1528-414e-9440-17d10cab0f84" testId="f1a9bffb-0c7d-3499-4e2e-390de2ef88af" testName="ProductionConfigurationRemainsInMemoryAndContainsNoSqlConnectionValue" computerName="DESKTOP-D3D29K7" duration="00:00:00.0075960" startTime="2026-07-13T23:30:04.9776293-04:00" endTime="2026-07-13T23:30:04.9852253-04:00" testType="13cdc9d9-ddb5-4fa4-a97d-d965ccfc6d4b" outcome="Passed" testListId="8c84fa94-04c1-424b-9868-57a2d4851a1d" relativeResultsDirectory="6fffdae5-1528-414e-9440-17d10cab0f84" />
    <UnitTestResult executionId="be4347c9-f7b7-4830-a4c2-81ac010d4cd0" testId="f3c99c96-ceac-f216-d8a7-8cde291f9bcb" testName="EventBusPublishesTypedEvents" computerName="DESKTOP-D3D29K7" duration="00:00:00.0065270" startTime="2026-07-13T23:30:04.7733616-04:00" endTime="2026-07-13T23:30:04.7798883-04:00" testType="13cdc9d9-ddb5-4fa4-a97d-d965ccfc6d4b" outcome="Passed" testListId="8c84fa94-04c1-424b-9868-57a2d4851a1d" relativeResultsDirectory="be4347c9-f7b7-4830-a4c2-81ac010d4cd0" />
    <UnitTestResult executionId="db041c42-ba8d-4a68-8d1e-f28b89d3d857" testId="e1299764-2d83-64a4-0556-9a329f3060a8" testName="SqlServerSerializesMigrationsAndRejectsConcurrentDuplicateAccount" computerName="DESKTOP-D3D29K7" duration="00:00:00.0000520" startTime="2026-07-13T23:30:06.7749957-04:00" endTime="2026-07-13T23:30:06.7750479-04:00" testType="13cdc9d9-ddb5-4fa4-a97d-d965ccfc6d4b" outcome="NotExecuted" testListId="8c84fa94-04c1-424b-9868-57a2d4851a1d" relativeResultsDirectory="db041c42-ba8d-4a68-8d1e-f28b89d3d857">
      <Output>
        <StdOut>BEE_SQL_INTEGRATION_CONNECTION_STRING is not set. Disposable LocalDB integration test skipped by design.</StdOut>
        <ErrorInfo>
          <Message>BEE_SQL_INTEGRATION_CONNECTION_STRING is not set. Disposable LocalDB integration test skipped by design.</Message>
        </ErrorInfo>
      </Output>
    </UnitTestResult>
    <UnitTestResult executionId="cc984dc3-d79d-4018-b581-c19c08b6403a" testId="c89e2801-a268-e141-7bbd-868391c4a0fc" testName="InfrastructureRegistersReusableServerServices" computerName="DESKTOP-D3D29K7" duration="00:00:00.0017770" startTime="2026-07-13T23:30:04.7799231-04:00" endTime="2026-07-13T23:30:04.7816994-04:00" testType="13cdc9d9-ddb5-4fa4-a97d-d965ccfc6d4b" outcome="Passed" testListId="8c84fa94-04c1-424b-9868-57a2d4851a1d" relativeResultsDirectory="cc984dc3-d79d-4018-b581-c19c08b6403a" />
    <UnitTestResult executionId="874e5266-2404-4762-9395-7050a86268ce" testId="191c9103-3f95-1e0f-885c-f1979e6f5ef4" testName="ProtocolManagerSerializesAndDeserializesMessage" computerName="DESKTOP-D3D29K7" duration="00:00:00.0045180" startTime="2026-07-13T23:30:06.6653884-04:00" endTime="2026-07-13T23:30:06.6699058-04:00" testType="13cdc9d9-ddb5-4fa4-a97d-d965ccfc6d4b" outcome="Passed" testListId="8c84fa94-04c1-424b-9868-57a2d4851a1d" relativeResultsDirectory="874e5266-2404-4762-9395-7050a86268ce" />
    <UnitTestResult executionId="47a5b52c-512f-41f6-a5b1-01f19cb0515c" testId="11ff5d46-b204-bedb-7f6f-866d645fac23" testName="SqlServerOptionsCanSeparateRuntimeAndMigrationIdentities" computerName="DESKTOP-D3D29K7" duration="00:00:00.0003400" startTime="2026-07-13T23:30:06.6545935-04:00" endTime="2026-07-13T23:30:06.6549337-04:00" testType="13cdc9d9-ddb5-4fa4-a97d-d965ccfc6d4b" outcome="Passed" testListId="8c84fa94-04c1-424b-9868-57a2d4851a1d" relativeResultsDirectory="47a5b52c-512f-41f6-a5b1-01f19cb0515c" />
    <UnitTestResult executionId="87b5c8cf-7d7d-4a30-b48c-396321e67f4e" testId="3d4aa913-cc6e-4442-47e3-d479283c2b95" testName="PlayableHiveLoopReadinessContractRemainsReadOnlyNonLive" computerName="DESKTOP-D3D29K7" duration="00:00:00.0096780" startTime="2026-07-13T23:30:06.6556656-04:00" endTime="2026-07-13T23:30:06.6653433-04:00" testType="13cdc9d9-ddb5-4fa4-a97d-d965ccfc6d4b" outcome="Passed" testListId="8c84fa94-04c1-424b-9868-57a2d4851a1d" relativeResultsDirectory="87b5c8cf-7d7d-4a30-b48c-396321e67f4e" />
    <UnitTestResult executionId="1d835e23-2659-4f31-8e3c-b54f3a7bb60d" testId="8f822333-9711-c621-d1a0-4c2212691e42" testName="ValidateTokenAcceptsActiveAccessToken" computerName="DESKTOP-D3D29K7" duration="00:00:00.0188570" startTime="2026-07-13T23:30:04.8949167-04:00" endTime="2026-07-13T23:30:04.9137737-04:00" testType="13cdc9d9-ddb5-4fa4-a97d-d965ccfc6d4b" outcome="Passed" testListId="8c84fa94-04c1-424b-9868-57a2d4851a1d" relativeResultsDirectory="1d835e23-2659-4f31-8e3c-b54f3a7bb60d" />
    <UnitTestResult executionId="f1d6e2c5-6791-469f-8036-2df6857db95b" testId="eaef565a-2626-d0b1-0766-108b9a1259a9" testName="StatusTransitionsAreValidated" computerName="DESKTOP-D3D29K7" duration="00:00:00.0006579" startTime="2026-07-13T23:30:04.9646148-04:00" endTime="2026-07-13T23:30:04.9652723-04:00" testType="13cdc9d9-ddb5-4fa4-a97d-d965ccfc6d4b" outcome="Passed" testListId="8c84fa94-04c1-424b-9868-57a2d4851a1d" relativeResultsDirectory="f1d6e2c5-6791-469f-8036-2df6857db95b" />
    <UnitTestResult executionId="a069f03b-798a-4d4d-9f34-af0ce48d9475" testId="a7f3f4bc-3147-37e6-b438-bd97a1b1ec4d" testName="OpsReadinessRequiresAdminKeyWhenEnabled" computerName="DESKTOP-D3D29K7" duration="00:00:00.0412540" startTime="2026-07-13T23:30:06.1278533-04:00" endTime="2026-07-13T23:30:06.1691062-04:00" testType="13cdc9d9-ddb5-4fa4-a97d-d965ccfc6d4b" outcome="Passed" testListId="8c84fa94-04c1-424b-9868-57a2d4851a1d" relativeResultsDirectory="a069f03b-798a-4d4d-9f34-af0ce48d9475">
      <Output>
        <StdOut>dbug: Microsoft.Extensions.Hosting.Internal.Host[1]&#xD;
      Hosting starting&#xD;
info: BeeKingdom.Infrastructure.Background.ServerHeartbeatWorker[0]&#xD;
      Bee Kingdom background workers are disabled.&#xD;
dbug: Microsoft.Extensions.Hosting.Internal.Host[2]&#xD;
      Hosting started&#xD;
dbug: Microsoft.Extensions.Hosting.Internal.Host[3]&#xD;
      Hosting stopping&#xD;
dbug: Microsoft.Extensions.Hosting.Internal.Host[4]&#xD;
      Hosting stopped&#xD;
dbug: Microsoft.Extensions.Hosting.Internal.Host[3]&#xD;
      Hosting stopping&#xD;
dbug: Microsoft.Extensions.Hosting.Internal.Host[4]&#xD;
      Hosting stopped</StdOut>
      </Output>
    </UnitTestResult>
    <UnitTestResult executionId="0125e391-2935-4bf6-a4a5-8301c5ddb155" testId="348af4d3-c47b-aeba-50c4-48ba5f64ae86" testName="OfficialAuthFoundationListsNextEndpointsWithoutOfficialLiveClaims" computerName="DESKTOP-D3D29K7" duration="00:00:00.0010700" startTime="2026-07-13T23:30:06.7131555-04:00" endTime="2026-07-13T23:30:06.7142256-04:00" testType="13cdc9d9-ddb5-4fa4-a97d-d965ccfc6d4b" outcome="Passed" testListId="8c84fa94-04c1-424b-9868-57a2d4851a1d" relativeResultsDirectory="0125e391-2935-4bf6-a4a5-8301c5ddb155" />
    <UnitTestResult executionId="7f55e61c-d485-4290-ba12-f5ffd9ad43ec" testId="a0b11d41-4f49-b138-892d-7c1e3fb46c89" testName="HiveLoopReadinessHandlerRejectsInvalidTrainingQuantity" computerName="DESKTOP-D3D29K7" duration="00:00:00.0001550" startTime="2026-07-13T23:30:06.7076474-04:00" endTime="2026-07-13T23:30:06.7078020-04:00" testType="13cdc9d9-ddb5-4fa4-a97d-d965ccfc6d4b" outcome="Passed" testListId="8c84fa94-04c1-424b-9868-57a2d4851a1d" relativeResultsDirectory="7f55e61c-d485-4290-ba12-f5ffd9ad43ec" />
    <UnitTestResult executionId="041ece73-759b-48a1-85a2-85e3c55b148c" testId="2aa4890c-db4f-f4fc-4e8d-87890dc985a4" testName="CreateColonyStoresProfileAndHistory" computerName="DESKTOP-D3D29K7" duration="00:00:00.0020339" startTime="2026-07-13T23:30:04.9249692-04:00" endTime="2026-07-13T23:30:04.9270025-04:00" testType="13cdc9d9-ddb5-4fa4-a97d-d965ccfc6d4b" outcome="Passed" testListId="8c84fa94-04c1-424b-9868-57a2d4851a1d" relativeResultsDirectory="041ece73-759b-48a1-85a2-85e3c55b148c" />
    <UnitTestResult executionId="a66ae8ae-a0eb-4f71-8cc9-e742c3339bbd" testId="55f22c03-cc2a-3f61-6303-3f7d7bb8bf33" testName="ExecuteTickUsesStrictStageOrder" computerName="DESKTOP-D3D29K7" duration="00:00:00.0110410" startTime="2026-07-13T23:30:06.7192623-04:00" endTime="2026-07-13T23:30:06.7303027-04:00" testType="13cdc9d9-ddb5-4fa4-a97d-d965ccfc6d4b" outcome="Passed" testListId="8c84fa94-04c1-424b-9868-57a2d4851a1d" relativeResultsDirectory="a66ae8ae-a0eb-4f71-8cc9-e742c3339bbd" />
    <UnitTestResult executionId="5b092161-e237-43a4-a97c-c28a2e8cf685" testId="df3bb68a-7407-921a-e30f-eb75b2bf2cec" testName="FixedTicksAreDeterministic" computerName="DESKTOP-D3D29K7" duration="00:00:00.0016640" startTime="2026-07-13T23:30:06.7323377-04:00" endTime="2026-07-13T23:30:06.7340019-04:00" testType="13cdc9d9-ddb5-4fa4-a97d-d965ccfc6d4b" outcome="Passed" testListId="8c84fa94-04c1-424b-9868-57a2d4851a1d" relativeResultsDirectory="5b092161-e237-43a4-a97c-c28a2e8cf685" />
    <UnitTestResult executionId="4ee7011b-6ea3-4db1-995d-6b96423917d7" testId="7145dfef-bd59-21b0-7dd3-3806d5b322a8" testName="CommandsImplementContractBase" computerName="DESKTOP-D3D29K7" duration="00:00:00.0023160" startTime="2026-07-13T23:30:06.6749971-04:00" endTime="2026-07-13T23:30:06.6773126-04:00" testType="13cdc9d9-ddb5-4fa4-a97d-d965ccfc6d4b" outcome="Passed" testListId="8c84fa94-04c1-424b-9868-57a2d4851a1d" relativeResultsDirectory="4ee7011b-6ea3-4db1-995d-6b96423917d7" />
    <UnitTestResult executionId="cda5955a-5680-4b38-99b1-372feaa040e7" testId="40e66d0a-b62b-544d-1fcd-3f653da086da" testName="MigrationConnectionDoesNotFallBackToDedicatedRuntimeIdentity" computerName="DESKTOP-D3D29K7" duration="00:00:00.0006640" startTime="2026-07-13T23:30:06.6539090-04:00" endTime="2026-07-13T23:30:06.6545726-04:00" testType="13cdc9d9-ddb5-4fa4-a97d-d965ccfc6d4b" outcome="Passed" testListId="8c84fa94-04c1-424b-9868-57a2d4851a1d" relativeResultsDirectory="cda5955a-5680-4b38-99b1-372feaa040e7" />
    <UnitTestResult executionId="2338afc2-2ca9-4504-8719-d915a75b8a1f" testId="1bce11b9-69f4-c6a6-3817-e2d380eb9dc9" testName="QueryColonyFiltersByPlayerStatusAndName" computerName="DESKTOP-D3D29K7" duration="00:00:00.0027210" startTime="2026-07-13T23:30:04.9270247-04:00" endTime="2026-07-13T23:30:04.9297454-04:00" testType="13cdc9d9-ddb5-4fa4-a97d-d965ccfc6d4b" outcome="Passed" testListId="8c84fa94-04c1-424b-9868-57a2d4851a1d" relativeResultsDirectory="2338afc2-2ca9-4504-8719-d915a75b8a1f" />
    <UnitTestResult executionId="78fb4e0a-b17c-42bd-a8c2-2b8cc424ccd8" testId="c71958ff-b6a4-a80e-4a68-b592fa59ac8e" testName="HiveLoopRepositoryContractsDoNotRegisterProductionMigration" computerName="DESKTOP-D3D29K7" duration="00:00:00.0005920" startTime="2026-07-13T23:30:04.9764190-04:00" endTime="2026-07-13T23:30:04.9770111-04:00" testType="13cdc9d9-ddb5-4fa4-a97d-d965ccfc6d4b" outcome="Passed" testListId="8c84fa94-04c1-424b-9868-57a2d4851a1d" relativeResultsDirectory="78fb4e0a-b17c-42bd-a8c2-2b8cc424ccd8" />
    <UnitTestResult executionId="fe8674e2-8b4f-4775-949c-933cd9d8fc30" testId="45d250e7-b896-267d-0099-db07905c6ea5" testName="VersionNegotiationSelectsSupportedVersion" computerName="DESKTOP-D3D29K7" duration="00:00:00.0005140" startTime="2026-07-13T23:30:06.6743883-04:00" endTime="2026-07-13T23:30:06.6749022-04:00" testType="13cdc9d9-ddb5-4fa4-a97d-d965ccfc6d4b" outcome="Passed" testListId="8c84fa94-04c1-424b-9868-57a2d4851a1d" relativeResultsDirectory="fe8674e2-8b4f-4775-949c-933cd9d8fc30" />
    <UnitTestResult executionId="3bdfe682-078a-4109-84a8-f29772df7422" testId="ca62383e-f3f6-b2bb-2c2f-eac35b2d8b96" testName="MigrationApplyAcceptsSha256MigrationKeyWithoutPlainTextConfiguration" computerName="DESKTOP-D3D29K7" duration="00:00:00.0420390" startTime="2026-07-13T23:30:05.6945557-04:00" endTime="2026-07-13T23:30:05.7365938-04:00" testType="13cdc9d9-ddb5-4fa4-a97d-d965ccfc6d4b" outcome="Passed" testListId="8c84fa94-04c1-424b-9868-57a2d4851a1d" relativeResultsDirectory="3bdfe682-078a-4109-84a8-f29772df7422">
      <Output>
        <StdOut>dbug: Microsoft.Extensions.Hosting.Internal.Host[1]&#xD;
      Hosting starting&#xD;
info: BeeKingdom.Infrastructure.Background.ServerHeartbeatWorker[0]&#xD;
      Bee Kingdom background workers are disabled.&#xD;
dbug: Microsoft.Extensions.Hosting.Internal.Host[2]&#xD;
      Hosting started&#xD;
info: BeeKingdom.Persistence.Migrations.ScriptedMigrationRunner[0]&#xD;
      Migration script registered: 010_schema_version.sql&#xD;
info: BeeKingdom.Persistence.Migrations.ScriptedMigrationRunner[0]&#xD;
      Migration script registered: 011_schema_version_uniqueness.sql&#xD;
info: BeeKingdom.Persistence.Migrations.ScriptedMigrationRunner[0]&#xD;
      Migration script registered: 020_accounts.sql&#xD;
info: BeeKingdom.Persistence.Migrations.ScriptedMigrationRunner[0]&#xD;
      Migration script registered: 030_authentication_sessions.sql&#xD;
info: BeeKingdom.Persistence.Migrations.ScriptedMigrationRunner[0]&#xD;
      Migration script registered: 040_colonies.sql&#xD;
info: BeeKingdom.Persistence.Migrations.ScriptedMigrationRunner[0]&#xD;
      Migration script registered: 050_colony_snapshots.sql&#xD;
dbug: Microsoft.Extensions.Hosting.Internal.Host[3]&#xD;
      Hosting stopping&#xD;
dbug: Microsoft.Extensions.Hosting.Internal.Host[4]&#xD;
      Hosting stopped&#xD;
dbug: Microsoft.Extensions.Hosting.Internal.Host[3]&#xD;
      Hosting stopping&#xD;
dbug: Microsoft.Extensions.Hosting.Internal.Host[4]&#xD;
      Hosting stopped</StdOut>
      </Output>
    </UnitTestResult>
    <UnitTestResult executionId="9e9d0f24-3f71-43ee-a17e-e966909c4dc4" testId="55c548e6-4e40-87c9-7000-b3489a59b4ec" testName="SchemaVersionScriptsEnforceUniqueMigrationNames" computerName="DESKTOP-D3D29K7" duration="00:00:00.0002070" startTime="2026-07-13T23:30:04.9856153-04:00" endTime="2026-07-13T23:30:04.9858220-04:00" testType="13cdc9d9-ddb5-4fa4-a97d-d965ccfc6d4b" outcome="Passed" testListId="8c84fa94-04c1-424b-9868-57a2d4851a1d" relativeResultsDirectory="9e9d0f24-3f71-43ee-a17e-e966909c4dc4" />
    <UnitTestResult executionId="234723a6-5cb0-4822-9d67-4bbbeb467ff6" testId="60c889c2-7283-1a7e-63e8-75420c879d12" testName="HiveActionLoopDevOnlyCommandsRequireIdempotencyAndExpectedRevisions" computerName="DESKTOP-D3D29K7" duration="00:00:00.0008080" startTime="2026-07-13T23:30:06.6795639-04:00" endTime="2026-07-13T23:30:06.6803721-04:00" testType="13cdc9d9-ddb5-4fa4-a97d-d965ccfc6d4b" outcome="Passed" testListId="8c84fa94-04c1-424b-9868-57a2d4851a1d" relativeResultsDirectory="234723a6-5cb0-4822-9d67-4bbbeb467ff6" />
    <UnitTestResult executionId="45705f31-e7f7-40b5-96bb-28989c7d09cd" testId="b06e35cf-374d-48ec-5ace-52674498e339" testName="ProtocolMessageContainsRequiredEnvelopeFields" computerName="DESKTOP-D3D29K7" duration="00:00:00.0011280" startTime="2026-07-13T23:30:06.6699360-04:00" endTime="2026-07-13T23:30:06.6710632-04:00" testType="13cdc9d9-ddb5-4fa4-a97d-d965ccfc6d4b" outcome="Passed" testListId="8c84fa94-04c1-424b-9868-57a2d4851a1d" relativeResultsDirectory="45705f31-e7f7-40b5-96bb-28989c7d09cd" />
    <UnitTestResult executionId="c154e90a-aa6d-422f-b3a4-af186d3ccb0f" testId="413633a1-3cae-17e3-e76a-10bd5fc067b7" testName="InMemoryProviderSelectsInMemoryStores" computerName="DESKTOP-D3D29K7" duration="00:00:00.0009550" startTime="2026-07-13T23:30:06.6529339-04:00" endTime="2026-07-13T23:30:06.6538888-04:00" testType="13cdc9d9-ddb5-4fa4-a97d-d965ccfc6d4b" outcome="Passed" testListId="8c84fa94-04c1-424b-9868-57a2d4851a1d" relativeResultsDirectory="c154e90a-aa6d-422f-b3a4-af186d3ccb0f" />
    <UnitTestResult executionId="0cb89d3a-7832-4f1f-96c8-b4cfb96b9beb" testId="961c8ef1-cf2b-7482-4cf6-709d00dc611e" testName="ColoniesEndpointCreatesReadsAndReportsStatistics" computerName="DESKTOP-D3D29K7" duration="00:00:00.0425200" startTime="2026-07-13T23:30:05.5059383-04:00" endTime="2026-07-13T23:30:05.5484577-04:00" testType="13cdc9d9-ddb5-4fa4-a97d-d965ccfc6d4b" outcome="Passed" testListId="8c84fa94-04c1-424b-9868-57a2d4851a1d" relativeResultsDirectory="0cb89d3a-7832-4f1f-96c8-b4cfb96b9beb">
      <Output>
        <StdOut>dbug: Microsoft.Extensions.Hosting.Internal.Host[1]&#xD;
      Hosting starting&#xD;
info: BeeKingdom.Infrastructure.Background.ServerHeartbeatWorker[0]&#xD;
      Bee Kingdom background workers are disabled.&#xD;
dbug: Microsoft.Extensions.Hosting.Internal.Host[2]&#xD;
      Hosting started&#xD;
dbug: Microsoft.Extensions.Hosting.Internal.Host[3]&#xD;
      Hosting stopping&#xD;
dbug: Microsoft.Extensions.Hosting.Internal.Host[4]&#xD;
      Hosting stopped&#xD;
dbug: Microsoft.Extensions.Hosting.Internal.Host[3]&#xD;
      Hosting stopping&#xD;
dbug: Microsoft.Extensions.Hosting.Internal.Host[4]&#xD;
      Hosting stopped</StdOut>
      </Output>
    </UnitTestResult>
    <UnitTestResult executionId="4cd98302-ea14-448d-8ac1-8550f34058cb" testId="4f17d6b8-920a-83f3-c059-ce23b176ce44" testName="HiveActionLoopDevOnlySnapshotEnvelopeCarriesVersionRevisionAndLocalArmyOnly" computerName="DESKTOP-D3D29K7" duration="00:00:00.0009430" startTime="2026-07-13T23:30:06.6835987-04:00" endTime="2026-07-13T23:30:06.6845411-04:00" testType="13cdc9d9-ddb5-4fa4-a97d-d965ccfc6d4b" outcome="Passed" testListId="8c84fa94-04c1-424b-9868-57a2d4851a1d" relativeResultsDirectory="4cd98302-ea14-448d-8ac1-8550f34058cb" />
    <UnitTestResult executionId="629c2cf7-7213-48ff-89f1-6855bfc1bb77" testId="09fb9175-e44c-1ccb-44ba-8ef0fd3a4c62" testName="WorldRegistryReadinessSupportsConfiguredMultiWorldReadinessWithoutLiveCounters" computerName="DESKTOP-D3D29K7" duration="00:00:00.0554310" startTime="2026-07-13T23:30:06.5962831-04:00" endTime="2026-07-13T23:30:06.6517135-04:00" testType="13cdc9d9-ddb5-4fa4-a97d-d965ccfc6d4b" outcome="Passed" testListId="8c84fa94-04c1-424b-9868-57a2d4851a1d" relativeResultsDirectory="629c2cf7-7213-48ff-89f1-6855bfc1bb77">
      <Output>
        <StdOut>dbug: Microsoft.Extensions.Hosting.Internal.Host[1]&#xD;
      Hosting starting&#xD;
info: BeeKingdom.Infrastructure.Background.ServerHeartbeatWorker[0]&#xD;
      Bee Kingdom background workers are disabled.&#xD;
dbug: Microsoft.Extensions.Hosting.Internal.Host[2]&#xD;
      Hosting started&#xD;
dbug: Microsoft.Extensions.Hosting.Internal.Host[3]&#xD;
      Hosting stopping&#xD;
dbug: Microsoft.Extensions.Hosting.Internal.Host[4]&#xD;
      Hosting stopped&#xD;
dbug: Microsoft.Extensions.Hosting.Internal.Host[3]&#xD;
      Hosting stopping&#xD;
dbug: Microsoft.Extensions.Hosting.Internal.Host[4]&#xD;
      Hosting stopped</StdOut>
      </Output>
    </UnitTestResult>
    <UnitTestResult executionId="e8c3fd81-bf95-45d9-bc7c-74ee56934ab1" testId="578d4c73-5e72-e7b7-8599-060d7767a16f" testName="CreateAccountUsesConfiguredDefaults" computerName="DESKTOP-D3D29K7" duration="00:00:00.0333160" startTime="2026-07-13T23:30:04.7272721-04:00" endTime="2026-07-13T23:30:04.7605574-04:00" testType="13cdc9d9-ddb5-4fa4-a97d-d965ccfc6d4b" outcome="Passed" testListId="8c84fa94-04c1-424b-9868-57a2d4851a1d" relativeResultsDirectory="e8c3fd81-bf95-45d9-bc7c-74ee56934ab1" />
    <UnitTestResult executionId="19acabf7-ec03-4e1b-a72a-3dca40595485" testId="2eb0c2a2-e5ce-ded4-6d0a-1a0035bbc387" testName="OfficialAuthFoundationCoversRequiredErrorsAndSecurityRisks" computerName="DESKTOP-D3D29K7" duration="00:00:00.0011420" startTime="2026-07-13T23:30:06.7116823-04:00" endTime="2026-07-13T23:30:06.7128242-04:00" testType="13cdc9d9-ddb5-4fa4-a97d-d965ccfc6d4b" outcome="Passed" testListId="8c84fa94-04c1-424b-9868-57a2d4851a1d" relativeResultsDirectory="19acabf7-ec03-4e1b-a72a-3dca40595485" />
    <UnitTestResult executionId="94b7a4d7-4969-4813-94a6-666356e1dba3" testId="16ba8c3e-7f8f-88c2-ba7e-32ee0662ecc7" testName="HiveServerFutureSupportQaChecklistDetectsFalseLiveClaims" computerName="DESKTOP-D3D29K7" duration="00:00:00.0003310" startTime="2026-07-13T23:30:06.7106795-04:00" endTime="2026-07-13T23:30:06.7110105-04:00" testType="13cdc9d9-ddb5-4fa4-a97d-d965ccfc6d4b" outcome="Passed" testListId="8c84fa94-04c1-424b-9868-57a2d4851a1d" relativeResultsDirectory="94b7a4d7-4969-4813-94a6-666356e1dba3" />
    <UnitTestResult executionId="aef5a2ca-b2e0-407d-9626-0beb4d5ace25" testId="9b31ed92-3de1-56ec-e6ca-a0329ce586ec" testName="AuthenticateSessionConnectsValidatedPlayer" computerName="DESKTOP-D3D29K7" duration="00:00:00.0278780" startTime="2026-07-13T23:30:04.9928759-04:00" endTime="2026-07-13T23:30:05.0207536-04:00" testType="13cdc9d9-ddb5-4fa4-a97d-d965ccfc6d4b" outcome="Passed" testListId="8c84fa94-04c1-424b-9868-57a2d4851a1d" relativeResultsDirectory="aef5a2ca-b2e0-407d-9626-0beb4d5ace25" />
    <UnitTestResult executionId="09d8568f-3a1f-4f9b-bfe3-3e4dff894e0d" testId="f97be03f-e6f0-61eb-3aef-43a708defdea" testName="CatalogContainsAccountSessionAndColonyMigrations" computerName="DESKTOP-D3D29K7" duration="00:00:00.0017050" startTime="2026-07-13T23:30:04.9653563-04:00" endTime="2026-07-13T23:30:04.9670612-04:00" testType="13cdc9d9-ddb5-4fa4-a97d-d965ccfc6d4b" outcome="Passed" testListId="8c84fa94-04c1-424b-9868-57a2d4851a1d" relativeResultsDirectory="09d8568f-3a1f-4f9b-bfe3-3e4dff894e0d" />
    <UnitTestResult executionId="e124b46b-d3e2-48f0-b10b-fa1ac6d963dc" testId="74876cc1-a4ee-5d25-631c-2d948a7f3841" testName="RollbackCatalogDropsTablesInReverseDependencyOrder" computerName="DESKTOP-D3D29K7" duration="00:00:00.0003480" startTime="2026-07-13T23:30:04.9852544-04:00" endTime="2026-07-13T23:30:04.9856022-04:00" testType="13cdc9d9-ddb5-4fa4-a97d-d965ccfc6d4b" outcome="Passed" testListId="8c84fa94-04c1-424b-9868-57a2d4851a1d" relativeResultsDirectory="e124b46b-d3e2-48f0-b10b-fa1ac6d963dc" />
    <UnitTestResult executionId="5293f0a2-d8ad-4bf4-b18d-07460b7671de" testId="5b1a955b-2dee-395a-c514-f7260be043f8" testName="VersionNegotiationRecordsUnsupportedVersionError" computerName="DESKTOP-D3D29K7" duration="00:00:00.0028200" startTime="2026-07-13T23:30:06.6715449-04:00" endTime="2026-07-13T23:30:06.6743644-04:00" testType="13cdc9d9-ddb5-4fa4-a97d-d965ccfc6d4b" outcome="Passed" testListId="8c84fa94-04c1-424b-9868-57a2d4851a1d" relativeResultsDirectory="5293f0a2-d8ad-4bf4-b18d-07460b7671de" />
    <UnitTestResult executionId="9dde63da-8ca3-4b5a-bcfd-e6dfbc483ff7" testId="f3c91ce7-5db1-0bc5-6b83-2417e6ac08a7" testName="LoadAndUnloadColonyUpdatesDiagnostics" computerName="DESKTOP-D3D29K7" duration="00:00:00.0009890" startTime="2026-07-13T23:30:06.7340210-04:00" endTime="2026-07-13T23:30:06.7350094-04:00" testType="13cdc9d9-ddb5-4fa4-a97d-d965ccfc6d4b" outcome="Passed" testListId="8c84fa94-04c1-424b-9868-57a2d4851a1d" relativeResultsDirectory="9dde63da-8ca3-4b5a-bcfd-e6dfbc483ff7" />
    <UnitTestResult executionId="ece86f1a-0b8a-40e6-8019-ed3e9da23bac" testId="4d67753a-6800-ef4c-f218-d823e94aedce" testName="RevokedAccessTokenIsRejected" computerName="DESKTOP-D3D29K7" duration="00:00:00.0190140" startTime="2026-07-13T23:30:04.8758602-04:00" endTime="2026-07-13T23:30:04.8948741-04:00" testType="13cdc9d9-ddb5-4fa4-a97d-d965ccfc6d4b" outcome="Passed" testListId="8c84fa94-04c1-424b-9868-57a2d4851a1d" relativeResultsDirectory="ece86f1a-0b8a-40e6-8019-ed3e9da23bac" />
    <UnitTestResult executionId="3f9fc8a3-6856-474f-aa8d-5c988c8f33c5" testId="aebd6aec-0f61-b0aa-2f62-e2ce1b48e0b1" testName="FastForwardExecutesRequestedFixedTicks" computerName="DESKTOP-D3D29K7" duration="00:00:00.0019760" startTime="2026-07-13T23:30:06.7303387-04:00" endTime="2026-07-13T23:30:06.7323143-04:00" testType="13cdc9d9-ddb5-4fa4-a97d-d965ccfc6d4b" outcome="Passed" testListId="8c84fa94-04c1-424b-9868-57a2d4851a1d" relativeResultsDirectory="3f9fc8a3-6856-474f-aa8d-5c988c8f33c5" />
    <UnitTestResult executionId="1db31bd8-06e6-49c9-9281-fff7512df5db" testId="d9ec394e-a5b0-d582-714b-68e786e8feec" testName="HiveActionLoopEvidenceCarryForwardPreservesNonClaimLabelsForDemo075Qa075" computerName="DESKTOP-D3D29K7" duration="00:00:00.0004330" startTime="2026-07-13T23:30:06.6849613-04:00" endTime="2026-07-13T23:30:06.6853942-04:00" testType="13cdc9d9-ddb5-4fa4-a97d-d965ccfc6d4b" outcome="Passed" testListId="8c84fa94-04c1-424b-9868-57a2d4851a1d" relativeResultsDirectory="1db31bd8-06e6-49c9-9281-fff7512df5db" />
    <UnitTestResult executionId="53bffc27-ce63-46b7-8339-df29e56f9906" testId="2f127996-d40e-a4ae-e99e-6a5b56cc4858" testName="MigrationApplyRequiresDedicatedMigrationKeyWhenEnabled" computerName="DESKTOP-D3D29K7" duration="00:00:00.0443130" startTime="2026-07-13T23:30:05.8471594-04:00" endTime="2026-07-13T23:30:05.8914718-04:00" testType="13cdc9d9-ddb5-4fa4-a97d-d965ccfc6d4b" outcome="Passed" testListId="8c84fa94-04c1-424b-9868-57a2d4851a1d" relativeResultsDirectory="53bffc27-ce63-46b7-8339-df29e56f9906">
      <Output>
        <StdOut>dbug: Microsoft.Extensions.Hosting.Internal.Host[1]&#xD;
      Hosting starting&#xD;
info: BeeKingdom.Infrastructure.Background.ServerHeartbeatWorker[0]&#xD;
      Bee Kingdom background workers are disabled.&#xD;
dbug: Microsoft.Extensions.Hosting.Internal.Host[2]&#xD;
      Hosting started&#xD;
info: BeeKingdom.Persistence.Migrations.ScriptedMigrationRunner[0]&#xD;
      Migration script registered: 010_schema_version.sql&#xD;
info: BeeKingdom.Persistence.Migrations.ScriptedMigrationRunner[0]&#xD;
      Migration script registered: 011_schema_version_uniqueness.sql&#xD;
info: BeeKingdom.Persistence.Migrations.ScriptedMigrationRunner[0]&#xD;
      Migration script registered: 020_accounts.sql&#xD;
info: BeeKingdom.Persistence.Migrations.ScriptedMigrationRunner[0]&#xD;
      Migration script registered: 030_authentication_sessions.sql&#xD;
info: BeeKingdom.Persistence.Migrations.ScriptedMigrationRunner[0]&#xD;
      Migration script registered: 040_colonies.sql&#xD;
info: BeeKingdom.Persistence.Migrations.ScriptedMigrationRunner[0]&#xD;
      Migration script registered: 050_colony_snapshots.sql&#xD;
dbug: Microsoft.Extensions.Hosting.Internal.Host[3]&#xD;
      Hosting stopping&#xD;
dbug: Microsoft.Extensions.Hosting.Internal.Host[3]&#xD;
      Hosting stopping&#xD;
dbug: Microsoft.Extensions.Hosting.Internal.Host[4]&#xD;
      Hosting stopped&#xD;
dbug: Microsoft.Extensions.Hosting.Internal.Host[4]&#xD;
      Hosting stopped</StdOut>
      </Output>
    </UnitTestResult>
    <UnitTestResult executionId="634b5ef6-9014-48b7-97fb-a15215a708d2" testId="b1833d7c-7e4f-28a5-5d3b-97bac2afa457" testName="HiveLoopPersistenceTransactionPolicyRequiresAtomicDebitQueueAndIdempotency" computerName="DESKTOP-D3D29K7" duration="00:00:00.0001990" startTime="2026-07-13T23:30:06.7048058-04:00" endTime="2026-07-13T23:30:06.7050054-04:00" testType="13cdc9d9-ddb5-4fa4-a97d-d965ccfc6d4b" outcome="Passed" testListId="8c84fa94-04c1-424b-9868-57a2d4851a1d" relativeResultsDirectory="634b5ef6-9014-48b7-97fb-a15215a708d2" />
    <UnitTestResult executionId="0057124c-d511-434f-9055-f12ed02b1bd4" testId="6409b999-054e-485b-8ed1-f28047d3db11" testName="HiveLoopPersistenceReadinessDesignDeclaresFutureTablesWithoutLiveSqlWrites" computerName="DESKTOP-D3D29K7" duration="00:00:00.0004600" startTime="2026-07-13T23:30:06.7027290-04:00" endTime="2026-07-13T23:30:06.7031890-04:00" testType="13cdc9d9-ddb5-4fa4-a97d-d965ccfc6d4b" outcome="Passed" testListId="8c84fa94-04c1-424b-9868-57a2d4851a1d" relativeResultsDirectory="0057124c-d511-434f-9055-f12ed02b1bd4" />
    <UnitTestResult executionId="37fc9469-b9d4-4036-850b-3d3afc21bf71" testId="3e322514-27b1-9b48-e6a1-e73e7cb4bf90" testName="SqlServerBackupCanBeVerifiedAndRestoredToDisposableDatabase" computerName="DESKTOP-D3D29K7" duration="00:00:00.0308540" startTime="2026-07-13T23:30:06.7434639-04:00" endTime="2026-07-13T23:30:06.7743172-04:00" testType="13cdc9d9-ddb5-4fa4-a97d-d965ccfc6d4b" outcome="NotExecuted" testListId="8c84fa94-04c1-424b-9868-57a2d4851a1d" relativeResultsDirectory="37fc9469-b9d4-4036-850b-3d3afc21bf71">
      <Output>
        <StdOut>BEE_SQL_INTEGRATION_CONNECTION_STRING is not set. Disposable LocalDB integration test skipped by design.</StdOut>
        <ErrorInfo>
          <Message>BEE_SQL_INTEGRATION_CONNECTION_STRING is not set. Disposable LocalDB integration test skipped by design.</Message>
        </ErrorInfo>
      </Output>
    </UnitTestResult>
    <UnitTestResult executionId="8d660bfb-d919-4a3b-af27-1c764e7890da" testId="ad644bce-064e-1e1d-dcab-2b3a956ecbe5" testName="HiveOfficialServerClaimBoundaryQaCriteriaRejectsEveryFalseOfficialClaim" computerName="DESKTOP-D3D29K7" duration="00:00:00.0002730" startTime="2026-07-13T23:30:06.7095783-04:00" endTime="2026-07-13T23:30:06.7098510-04:00" testType="13cdc9d9-ddb5-4fa4-a97d-d965ccfc6d4b" outcome="Passed" testListId="8c84fa94-04c1-424b-9868-57a2d4851a1d" relativeResultsDirectory="8d660bfb-d919-4a3b-af27-1c764e7890da" />
    <UnitTestResult executionId="5c56690c-ed48-495e-b1d9-2ea23dc24845" testId="5e4d9beb-b8c4-5b53-2112-1e6f2ab6caa2" testName="HiveServerFutureSupportManifestCarriesDemo076NonClaims" computerName="DESKTOP-D3D29K7" duration="00:00:00.0004310" startTime="2026-07-13T23:30:06.7102383-04:00" endTime="2026-07-13T23:30:06.7106689-04:00" testType="13cdc9d9-ddb5-4fa4-a97d-d965ccfc6d4b" outcome="Passed" testListId="8c84fa94-04c1-424b-9868-57a2d4851a1d" relativeResultsDirectory="5c56690c-ed48-495e-b1d9-2ea23dc24845" />
    <UnitTestResult executionId="27402f45-5279-4027-88f7-7daf3983dff2" testId="444edc5e-545a-1c6f-66be-624265107bb4" testName="HiveOfficialServerClaimBoundarySeparatesLocalDemoPhysicalAndOfficialServer" computerName="DESKTOP-D3D29K7" duration="00:00:00.0003660" startTime="2026-07-13T23:30:06.7098592-04:00" endTime="2026-07-13T23:30:06.7102251-04:00" testType="13cdc9d9-ddb5-4fa4-a97d-d965ccfc6d4b" outcome="Passed" testListId="8c84fa94-04c1-424b-9868-57a2d4851a1d" relativeResultsDirectory="27402f45-5279-4027-88f7-7daf3983dff2" />
    <UnitTestResult executionId="7dcdddca-d9dc-453a-a875-05efacba0f27" testId="eb2c86bd-bc6d-896c-0a98-3c0e234c6fd3" testName="HiveLoopDryRunPlanIsLocalOptInAndNotRegisteredAsProductionMigration" computerName="DESKTOP-D3D29K7" duration="00:00:00.0011300" startTime="2026-07-13T23:30:04.9741916-04:00" endTime="2026-07-13T23:30:04.9753212-04:00" testType="13cdc9d9-ddb5-4fa4-a97d-d965ccfc6d4b" outcome="Passed" testListId="8c84fa94-04c1-424b-9868-57a2d4851a1d" relativeResultsDirectory="7dcdddca-d9dc-453a-a875-05efacba0f27" />
    <UnitTestResult executionId="d5fdd528-d8f6-4996-8b3f-e7ce37d3bdde" testId="e8605f99-e9c8-8a1c-736b-1d3843bf401e" testName="HiveActionLoopEvidencePrepNonClaimGuardBlocksOfficialClaims" computerName="DESKTOP-D3D29K7" duration="00:00:00.0003860" startTime="2026-07-13T23:30:06.6859617-04:00" endTime="2026-07-13T23:30:06.6863476-04:00" testType="13cdc9d9-ddb5-4fa4-a97d-d965ccfc6d4b" outcome="Passed" testListId="8c84fa94-04c1-424b-9868-57a2d4851a1d" relativeResultsDirectory="d5fdd528-d8f6-4996-8b3f-e7ce37d3bdde" />
    <UnitTestResult executionId="23b2c07f-8e0f-4a8d-af6e-e0196ccb3f5d" testId="3efe7b86-e1d9-5e79-9b4c-b91a0484078f" testName="RefreshTokenRotatesRefreshToken" computerName="DESKTOP-D3D29K7" duration="00:00:00.0180360" startTime="2026-07-13T23:30:04.8577870-04:00" endTime="2026-07-13T23:30:04.8758231-04:00" testType="13cdc9d9-ddb5-4fa4-a97d-d965ccfc6d4b" outcome="Passed" testListId="8c84fa94-04c1-424b-9868-57a2d4851a1d" relativeResultsDirectory="23b2c07f-8e0f-4a8d-af6e-e0196ccb3f5d" />
    <UnitTestResult executionId="336e58f7-7e69-43d8-ac21-9baad3dddc2b" testId="564242bf-f912-6e88-4cf4-dffd2518fc5a" testName="MigrationsCreateExpectedTables" computerName="DESKTOP-D3D29K7" duration="00:00:00.0005910" startTime="2026-07-13T23:30:04.9770221-04:00" endTime="2026-07-13T23:30:04.9776131-04:00" testType="13cdc9d9-ddb5-4fa4-a97d-d965ccfc6d4b" outcome="Passed" testListId="8c84fa94-04c1-424b-9868-57a2d4851a1d" relativeResultsDirectory="336e58f7-7e69-43d8-ac21-9baad3dddc2b" />
    <UnitTestResult executionId="108d6447-3b71-4551-914a-7075f148d5a9" testId="ae62c501-dcd6-18dd-0457-5412a72482dc" testName="RuntimeHandshakeReturnsNonGameplayBoundary" computerName="DESKTOP-D3D29K7" duration="00:00:00.0332120" startTime="2026-07-13T23:30:06.2550387-04:00" endTime="2026-07-13T23:30:06.2882507-04:00" testType="13cdc9d9-ddb5-4fa4-a97d-d965ccfc6d4b" outcome="Passed" testListId="8c84fa94-04c1-424b-9868-57a2d4851a1d" relativeResultsDirectory="108d6447-3b71-4551-914a-7075f148d5a9">
      <Output>
        <StdOut>dbug: Microsoft.Extensions.Hosting.Internal.Host[1]&#xD;
      Hosting starting&#xD;
info: BeeKingdom.Infrastructure.Background.ServerHeartbeatWorker[0]&#xD;
      Bee Kingdom background workers are disabled.&#xD;
dbug: Microsoft.Extensions.Hosting.Internal.Host[2]&#xD;
      Hosting started&#xD;
dbug: Microsoft.Extensions.Hosting.Internal.Host[3]&#xD;
      Hosting stopping&#xD;
dbug: Microsoft.Extensions.Hosting.Internal.Host[4]&#xD;
      Hosting stopped&#xD;
dbug: Microsoft.Extensions.Hosting.Internal.Host[3]&#xD;
      Hosting stopping&#xD;
dbug: Microsoft.Extensions.Hosting.Internal.Host[4]&#xD;
      Hosting stopped</StdOut>
      </Output>
    </UnitTestResult>
    <UnitTestResult executionId="591db01e-1786-4309-a42f-eb852bb42b74" testId="ad3b9926-49df-20db-3c59-8dd6a78cdf24" testName="HiveActionLoopFutureIdempotencyReplaySafetyDistinguishesSamePayloadFromConflict" computerName="DESKTOP-D3D29K7" duration="00:00:00.0012140" startTime="2026-07-13T23:30:06.6892562-04:00" endTime="2026-07-13T23:30:06.6904704-04:00" testType="13cdc9d9-ddb5-4fa4-a97d-d965ccfc6d4b" outcome="Passed" testListId="8c84fa94-04c1-424b-9868-57a2d4851a1d" relativeResultsDirectory="591db01e-1786-4309-a42f-eb852bb42b74" />
    <UnitTestResult executionId="d9ec1527-cdf9-4a53-af9a-f5cd59a46c66" testId="bc2cf7a5-0af4-7e8a-2bfa-e6cd23c78c5c" testName="UpdatePreferencesStoresExtensiblePreferences" computerName="DESKTOP-D3D29K7" duration="00:00:00.0004230" startTime="2026-07-13T23:30:04.7688243-04:00" endTime="2026-07-13T23:30:04.7692474-04:00" testType="13cdc9d9-ddb5-4fa4-a97d-d965ccfc6d4b" outcome="Passed" testListId="8c84fa94-04c1-424b-9868-57a2d4851a1d" relativeResultsDirectory="d9ec1527-cdf9-4a53-af9a-f5cd59a46c66" />
    <UnitTestResult executionId="5f9c3c31-7249-402b-91e5-58df188c6153" testId="f199a92d-dde7-7248-b975-f4f886d7a3fa" testName="AccountsEndpointCreatesAndReadsAccount" computerName="DESKTOP-D3D29K7" duration="00:00:00.3202680" startTime="2026-07-13T23:30:05.1302890-04:00" endTime="2026-07-13T23:30:05.4505561-04:00" testType="13cdc9d9-ddb5-4fa4-a97d-d965ccfc6d4b" outcome="Passed" testListId="8c84fa94-04c1-424b-9868-57a2d4851a1d" relativeResultsDirectory="5f9c3c31-7249-402b-91e5-58df188c6153">
      <Output>
        <StdOut>dbug: Microsoft.Extensions.Hosting.Internal.Host[1]&#xD;
      Hosting starting&#xD;
info: BeeKingdom.Infrastructure.Background.ServerHeartbeatWorker[0]&#xD;
      Bee Kingdom background workers are disabled.&#xD;
dbug: Microsoft.Extensions.Hosting.Internal.Host[2]&#xD;
      Hosting started&#xD;
dbug: Microsoft.Extensions.Hosting.Internal.Host[3]&#xD;
      Hosting stopping&#xD;
dbug: Microsoft.Extensions.Hosting.Internal.Host[3]&#xD;
      Hosting stopping&#xD;
dbug: Microsoft.Extensions.Hosting.Internal.Host[4]&#xD;
      Hosting stopped&#xD;
dbug: Microsoft.Extensions.Hosting.Internal.Host[4]&#xD;
      Hosting stopped</StdOut>
      </Output>
    </UnitTestResult>
    <UnitTestResult executionId="025b1cf6-dfdd-4643-a226-0bf2821bed3d" testId="8dd0994f-f74f-7c3a-2a98-166d29fc61ad" testName="OpsEndpointsFailClosedWhenAdminKeyIsMissing" computerName="DESKTOP-D3D29K7" duration="00:00:00.0372950" startTime="2026-07-13T23:30:05.9387130-04:00" endTime="2026-07-13T23:30:05.9760079-04:00" testType="13cdc9d9-ddb5-4fa4-a97d-d965ccfc6d4b" outcome="Passed" testListId="8c84fa94-04c1-424b-9868-57a2d4851a1d" relativeResultsDirectory="025b1cf6-dfdd-4643-a226-0bf2821bed3d">
      <Output>
        <StdOut>dbug: Microsoft.Extensions.Hosting.Internal.Host[1]&#xD;
      Hosting starting&#xD;
info: BeeKingdom.Infrastructure.Background.ServerHeartbeatWorker[0]&#xD;
      Bee Kingdom background workers are disabled.&#xD;
dbug: Microsoft.Extensions.Hosting.Internal.Host[2]&#xD;
      Hosting started</StdOut>
      </Output>
    </UnitTestResult>
    <UnitTestResult executionId="693348b2-fa2d-4c88-8a48-eff0fc76c3f7" testId="f78a9233-4f53-1a38-0041-9f39223b39f4" testName="SnapshotPayloadRestoresColonyRecordDeterministically" computerName="DESKTOP-D3D29K7" duration="00:00:00.0085250" startTime="2026-07-13T23:30:04.9560576-04:00" endTime="2026-07-13T23:30:04.9645821-04:00" testType="13cdc9d9-ddb5-4fa4-a97d-d965ccfc6d4b" outcome="Passed" testListId="8c84fa94-04c1-424b-9868-57a2d4851a1d" relativeResultsDirectory="693348b2-fa2d-4c88-8a48-eff0fc76c3f7" />
    <UnitTestResult executionId="a8cf49e3-2325-4c17-9472-0f291f7b1091" testId="2d605ae4-aa29-4bd4-f6f7-6f02c651d359" testName="HiveLoopReadinessHandlerAcceptsUpgradeWithoutLiveMutation" computerName="DESKTOP-D3D29K7" duration="00:00:00.0009960" startTime="2026-07-13T23:30:06.7062133-04:00" endTime="2026-07-13T23:30:06.7072087-04:00" testType="13cdc9d9-ddb5-4fa4-a97d-d965ccfc6d4b" outcome="Passed" testListId="8c84fa94-04c1-424b-9868-57a2d4851a1d" relativeResultsDirectory="a8cf49e3-2325-4c17-9472-0f291f7b1091" />
    <UnitTestResult executionId="6d720309-41e2-4048-aba0-598c6a76c953" testId="3366c0e8-2d56-8db8-8385-c420050e1101" testName="HiveActionLoopDevOnlyContractsCoverResourceTickUpgradeTrainingAndArmySnapshot" computerName="DESKTOP-D3D29K7" duration="00:00:00.0005010" startTime="2026-07-13T23:30:06.6803862-04:00" endTime="2026-07-13T23:30:06.6808873-04:00" testType="13cdc9d9-ddb5-4fa4-a97d-d965ccfc6d4b" outcome="Passed" testListId="8c84fa94-04c1-424b-9868-57a2d4851a1d" relativeResultsDirectory="6d720309-41e2-4048-aba0-598c6a76c953" />
    <UnitTestResult executionId="5aad9d95-cabe-455a-9a9c-8b7bf94c51f3" testId="5ac7819c-ff5f-b159-63ef-069976c14ea5" testName="RateLimitRejectsExcessMessages" computerName="DESKTOP-D3D29K7" duration="00:00:00.0365840" startTime="2026-07-13T23:30:05.0485156-04:00" endTime="2026-07-13T23:30:05.0850989-04:00" testType="13cdc9d9-ddb5-4fa4-a97d-d965ccfc6d4b" outcome="Passed" testListId="8c84fa94-04c1-424b-9868-57a2d4851a1d" relativeResultsDirectory="5aad9d95-cabe-455a-9a9c-8b7bf94c51f3" />
    <UnitTestResult executionId="4989cfe2-c32d-4dcb-862a-5e75764397cc" testId="e5aa22df-9241-7b3d-6aeb-cec138cda049" testName="ResponseEnvelopeSupportsValidationErrors" computerName="DESKTOP-D3D29K7" duration="00:00:00.0015100" startTime="2026-07-13T23:30:06.7142411-04:00" endTime="2026-07-13T23:30:06.7157511-04:00" testType="13cdc9d9-ddb5-4fa4-a97d-d965ccfc6d4b" outcome="Passed" testListId="8c84fa94-04c1-424b-9868-57a2d4851a1d" relativeResultsDirectory="4989cfe2-c32d-4dcb-862a-5e75764397cc" />
    <UnitTestResult executionId="80af00b2-889b-41dd-86ca-f13f4ea9e401" testId="cf4f5c82-6331-d48c-a279-228202b8efb7" testName="FakeDescriptorRemainsNonLiveReadinessAndLocalOnly" computerName="DESKTOP-D3D29K7" duration="00:00:00.0010970" startTime="2026-07-13T23:30:05.1202240-04:00" endTime="2026-07-13T23:30:05.1213208-04:00" testType="13cdc9d9-ddb5-4fa4-a97d-d965ccfc6d4b" outcome="Passed" testListId="8c84fa94-04c1-424b-9868-57a2d4851a1d" relativeResultsDirectory="80af00b2-889b-41dd-86ca-f13f4ea9e401" />
    <UnitTestResult executionId="83ea0b33-5b6d-4a67-8c58-4ac2cb836597" testId="0e0d7bb7-d73b-a525-f31a-c5fda79dc561" testName="SuspendAndReactivateAccountUseValidatedTransitions" computerName="DESKTOP-D3D29K7" duration="00:00:00.0002890" startTime="2026-07-13T23:30:04.7685275-04:00" endTime="2026-07-13T23:30:04.7688169-04:00" testType="13cdc9d9-ddb5-4fa4-a97d-d965ccfc6d4b" outcome="Passed" testListId="8c84fa94-04c1-424b-9868-57a2d4851a1d" relativeResultsDirectory="83ea0b33-5b6d-4a67-8c58-4ac2cb836597" />
    <UnitTestResult executionId="8df7f3d7-e883-4421-9029-26d43e7d6fc9" testId="cb92b2cc-f150-4489-4ad6-eede02eb1692" testName="FakeIdempotencyDistinguishesSamePayloadFromDifferentPayload" computerName="DESKTOP-D3D29K7" duration="00:00:00.0026210" startTime="2026-07-13T23:30:05.1213508-04:00" endTime="2026-07-13T23:30:05.1239713-04:00" testType="13cdc9d9-ddb5-4fa4-a97d-d965ccfc6d4b" outcome="Passed" testListId="8c84fa94-04c1-424b-9868-57a2d4851a1d" relativeResultsDirectory="8df7f3d7-e883-4421-9029-26d43e7d6fc9" />
    <UnitTestResult executionId="db235297-f6b7-404f-8a6b-f9ccb9726cb6" testId="d56235bf-5348-641a-a741-1a0dfa7b1bcf" testName="HiveActionLoopPreviewDemoLiveStateMatrixKeepsOfficialLiveFalse" computerName="DESKTOP-D3D29K7" duration="00:00:00.0008920" startTime="2026-07-13T23:30:06.6930121-04:00" endTime="2026-07-13T23:30:06.6939036-04:00" testType="13cdc9d9-ddb5-4fa4-a97d-d965ccfc6d4b" outcome="Passed" testListId="8c84fa94-04c1-424b-9868-57a2d4851a1d" relativeResultsDirectory="db235297-f6b7-404f-8a6b-f9ccb9726cb6" />
    <UnitTestResult executionId="772cb553-3359-4ef2-ab88-dff3f5903253" testId="09d00605-0d00-654a-079c-add326dd8f7d" testName="SqlProductionDryRunBlocksWithoutBackupMaintenanceAndRollbackAcknowledgement" computerName="DESKTOP-D3D29K7" duration="00:00:00.0396500" startTime="2026-07-13T23:30:06.3253327-04:00" endTime="2026-07-13T23:30:06.3649818-04:00" testType="13cdc9d9-ddb5-4fa4-a97d-d965ccfc6d4b" outcome="Passed" testListId="8c84fa94-04c1-424b-9868-57a2d4851a1d" relativeResultsDirectory="772cb553-3359-4ef2-ab88-dff3f5903253">
      <Output>
        <StdOut>dbug: Microsoft.Extensions.Hosting.Internal.Host[1]&#xD;
      Hosting starting&#xD;
info: BeeKingdom.Infrastructure.Background.ServerHeartbeatWorker[0]&#xD;
      Bee Kingdom background workers are disabled.&#xD;
dbug: Microsoft.Extensions.Hosting.Internal.Host[2]&#xD;
      Hosting started&#xD;
dbug: Microsoft.Extensions.Hosting.Internal.Host[3]&#xD;
      Hosting stopping&#xD;
dbug: Microsoft.Extensions.Hosting.Internal.Host[4]&#xD;
      Hosting stopped&#xD;
dbug: Microsoft.Extensions.Hosting.Internal.Host[3]&#xD;
      Hosting stopping&#xD;
dbug: Microsoft.Extensions.Hosting.Internal.Host[4]&#xD;
      Hosting stopped</StdOut>
      </Output>
    </UnitTestResult>
    <UnitTestResult executionId="40218e3e-6446-47d5-92a6-db9ede9a9314" testId="f1f76b3b-3725-47f7-09b4-d44562801164" testName="SqlProductionDryRunRequiresAdminKeyWhenEnabled" computerName="DESKTOP-D3D29K7" duration="00:00:00.0466830" startTime="2026-07-13T23:30:06.4009064-04:00" endTime="2026-07-13T23:30:06.4475891-04:00" testType="13cdc9d9-ddb5-4fa4-a97d-d965ccfc6d4b" outcome="Passed" testListId="8c84fa94-04c1-424b-9868-57a2d4851a1d" relativeResultsDirectory="40218e3e-6446-47d5-92a6-db9ede9a9314">
      <Output>
        <StdOut>dbug: Microsoft.Extensions.Hosting.Internal.Host[1]&#xD;
      Hosting starting&#xD;
info: BeeKingdom.Infrastructure.Background.ServerHeartbeatWorker[0]&#xD;
      Bee Kingdom background workers are disabled.&#xD;
dbug: Microsoft.Extensions.Hosting.Internal.Host[2]&#xD;
      Hosting started&#xD;
dbug: Microsoft.Extensions.Hosting.Internal.Host[3]&#xD;
      Hosting stopping&#xD;
dbug: Microsoft.Extensions.Hosting.Internal.Host[4]&#xD;
      Hosting stopped&#xD;
dbug: Microsoft.Extensions.Hosting.Internal.Host[3]&#xD;
      Hosting stopping&#xD;
dbug: Microsoft.Extensions.Hosting.Internal.Host[4]&#xD;
      Hosting stopped</StdOut>
      </Output>
    </UnitTestResult>
    <UnitTestResult executionId="775526cd-1ec4-4558-ae90-9755e4d1ef66" testId="d024f755-a0a3-465c-6fad-3e4fff095cfd" testName="HiveActionLoopDevOnlyResponsesCoverBuilderAVisibleStatesWithoutOfficialClaims" computerName="DESKTOP-D3D29K7" duration="00:00:00.0004800" startTime="2026-07-13T23:30:06.6830327-04:00" endTime="2026-07-13T23:30:06.6835129-04:00" testType="13cdc9d9-ddb5-4fa4-a97d-d965ccfc6d4b" outcome="Passed" testListId="8c84fa94-04c1-424b-9868-57a2d4851a1d" relativeResultsDirectory="775526cd-1ec4-4558-ae90-9755e4d1ef66" />
    <UnitTestResult executionId="9b1542bb-f34b-42bc-bd9e-2e2b2d9c5a32" testId="351d324b-0056-86ef-81a2-ff7373102442" testName="OfficialAuthFoundationKeepsServerAuthoritativeButNonLive" computerName="DESKTOP-D3D29K7" duration="00:00:00.0002930" startTime="2026-07-13T23:30:06.7128529-04:00" endTime="2026-07-13T23:30:06.7131463-04:00" testType="13cdc9d9-ddb5-4fa4-a97d-d965ccfc6d4b" outcome="Passed" testListId="8c84fa94-04c1-424b-9868-57a2d4851a1d" relativeResultsDirectory="9b1542bb-f34b-42bc-bd9e-2e2b2d9c5a32" />
    <UnitTestResult executionId="75f1c505-a524-4b29-aed4-4188e639dba6" testId="284ee46e-1b6b-6656-4668-c2570300e2ee" testName="HiveActionLoopDevOnlySnapshotsAndSavePlanRemainFutureOnly" computerName="DESKTOP-D3D29K7" duration="00:00:00.0003890" startTime="2026-07-13T23:30:06.6845606-04:00" endTime="2026-07-13T23:30:06.6849495-04:00" testType="13cdc9d9-ddb5-4fa4-a97d-d965ccfc6d4b" outcome="Passed" testListId="8c84fa94-04c1-424b-9868-57a2d4851a1d" relativeResultsDirectory="75f1c505-a524-4b29-aed4-4188e639dba6" />
    <UnitTestResult executionId="fa320eb8-94fe-4624-8786-0681bda28f77" testId="6c3f93b0-0e7f-d4e4-079e-f967d508b419" testName="DisconnectClosesConnection" computerName="DESKTOP-D3D29K7" duration="00:00:00.0276950" startTime="2026-07-13T23:30:05.0207886-04:00" endTime="2026-07-13T23:30:05.0484829-04:00" testType="13cdc9d9-ddb5-4fa4-a97d-d965ccfc6d4b" outcome="Passed" testListId="8c84fa94-04c1-424b-9868-57a2d4851a1d" relativeResultsDirectory="fa320eb8-94fe-4624-8786-0681bda28f77" />
    <UnitTestResult executionId="70cb3689-3c48-42f8-93e4-0bf2148b9a97" testId="4161b338-3af0-9bf9-4b16-b10125f7769e" testName="FakeCompleteDueQueuesMarksFakeQueuesReadyWithoutOfficialProgression" computerName="DESKTOP-D3D29K7" duration="00:00:00.0075890" startTime="2026-07-13T23:30:05.1125917-04:00" endTime="2026-07-13T23:30:05.1201797-04:00" testType="13cdc9d9-ddb5-4fa4-a97d-d965ccfc6d4b" outcome="Passed" testListId="8c84fa94-04c1-424b-9868-57a2d4851a1d" relativeResultsDirectory="70cb3689-3c48-42f8-93e4-0bf2148b9a97" />
    <UnitTestResult executionId="8e2ddd95-5d5a-4519-9bdb-8ef904f5c508" testId="132d8b52-c2a7-8f63-2f48-0bcef10474d1" testName="TickBatchCanSimulateManyLoadedColonies" computerName="DESKTOP-D3D29K7" duration="00:00:00.0019930" startTime="2026-07-13T23:30:06.7410137-04:00" endTime="2026-07-13T23:30:06.7430061-04:00" testType="13cdc9d9-ddb5-4fa4-a97d-d965ccfc6d4b" outcome="Passed" testListId="8c84fa94-04c1-424b-9868-57a2d4851a1d" relativeResultsDirectory="8e2ddd95-5d5a-4519-9bdb-8ef904f5c508" />
    <UnitTestResult executionId="143f94df-9522-4aef-a9e7-c29a270c17ea" testId="40512b36-63a8-127e-196b-4748259cd6fd" testName="WorldMapReadinessReportsReadOnlyNonLiveFoundation" computerName="DESKTOP-D3D29K7" duration="00:00:00.0465860" startTime="2026-07-13T23:30:06.4910091-04:00" endTime="2026-07-13T23:30:06.5375951-04:00" testType="13cdc9d9-ddb5-4fa4-a97d-d965ccfc6d4b" outcome="Passed" testListId="8c84fa94-04c1-424b-9868-57a2d4851a1d" relativeResultsDirectory="143f94df-9522-4aef-a9e7-c29a270c17ea">
      <Output>
        <StdOut>dbug: Microsoft.Extensions.Hosting.Internal.Host[1]&#xD;
      Hosting starting&#xD;
info: BeeKingdom.Infrastructure.Background.ServerHeartbeatWorker[0]&#xD;
      Bee Kingdom background workers are disabled.&#xD;
dbug: Microsoft.Extensions.Hosting.Internal.Host[2]&#xD;
      Hosting started&#xD;
dbug: Microsoft.Extensions.Hosting.Internal.Host[3]&#xD;
      Hosting stopping&#xD;
dbug: Microsoft.Extensions.Hosting.Internal.Host[4]&#xD;
      Hosting stopped&#xD;
dbug: Microsoft.Extensions.Hosting.Internal.Host[3]&#xD;
      Hosting stopping&#xD;
dbug: Microsoft.Extensions.Hosting.Internal.Host[4]&#xD;
      Hosting stopped</StdOut>
      </Output>
    </UnitTestResult>
    <UnitTestResult executionId="ff79d8d7-8ba0-461b-afeb-5a12df725143" testId="9ddbcd57-f9b2-5064-362a-ee7464dab674" testName="SqlServerProviderSelectsSqlStoresWithoutOpeningRemoteDatabase" computerName="DESKTOP-D3D29K7" duration="00:00:00.0006330" startTime="2026-07-13T23:30:06.6549516-04:00" endTime="2026-07-13T23:30:06.6555841-04:00" testType="13cdc9d9-ddb5-4fa4-a97d-d965ccfc6d4b" outcome="Passed" testListId="8c84fa94-04c1-424b-9868-57a2d4851a1d" relativeResultsDirectory="ff79d8d7-8ba0-461b-afeb-5a12df725143" />
    <UnitTestResult executionId="662089c0-c2c4-485a-9269-5ccb32a367f5" testId="aa25d0fb-7b21-b631-0857-8d33bb3771aa" testName="SqlServerCreatesDisposableDatabaseAndAppliesMigrationsIdempotently" computerName="DESKTOP-D3D29K7" duration="00:00:00.0004800" startTime="2026-07-13T23:30:06.7744095-04:00" endTime="2026-07-13T23:30:06.7748898-04:00" testType="13cdc9d9-ddb5-4fa4-a97d-d965ccfc6d4b" outcome="NotExecuted" testListId="8c84fa94-04c1-424b-9868-57a2d4851a1d" relativeResultsDirectory="662089c0-c2c4-485a-9269-5ccb32a367f5">
      <Output>
        <StdOut>BEE_SQL_INTEGRATION_CONNECTION_STRING is not set. Disposable LocalDB integration test skipped by design.</StdOut>
        <ErrorInfo>
          <Message>BEE_SQL_INTEGRATION_CONNECTION_STRING is not set. Disposable LocalDB integration test skipped by design.</Message>
        </ErrorInfo>
      </Output>
    </UnitTestResult>
    <UnitTestResult executionId="85099c96-915d-41b3-94fe-5a0ce705281a" testId="1bd5b2d8-7a0e-0db5-f0fc-59156d5b0e1f" testName="HiveLoopTrainingCommandContractUsesCatalogWithoutApplyingLiveProgression" computerName="DESKTOP-D3D29K7" duration="00:00:00.0002930" startTime="2026-07-13T23:30:06.7090060-04:00" endTime="2026-07-13T23:30:06.7092987-04:00" testType="13cdc9d9-ddb5-4fa4-a97d-d965ccfc6d4b" outcome="Passed" testListId="8c84fa94-04c1-424b-9868-57a2d4851a1d" relativeResultsDirectory="85099c96-915d-41b3-94fe-5a0ce705281a" />
    <UnitTestResult executionId="2dca0a93-2add-4a03-a5f2-ce7313814974" testId="fa35f317-116c-d7ae-cbc2-842e84e63738" testName="HiveActionLoopFutureAuthoritativeHandlerHandoffListsFutureWorkWithoutActivation" computerName="DESKTOP-D3D29K7" duration="00:00:00.0012010" startTime="2026-07-13T23:30:06.6880268-04:00" endTime="2026-07-13T23:30:06.6892271-04:00" testType="13cdc9d9-ddb5-4fa4-a97d-d965ccfc6d4b" outcome="Passed" testListId="8c84fa94-04c1-424b-9868-57a2d4851a1d" relativeResultsDirectory="2dca0a93-2add-4a03-a5f2-ce7313814974" />
    <UnitTestResult executionId="9baa431a-b18b-451c-b995-4f488d2fc307" testId="609f4530-1257-cbbc-bcec-b1b73fde3070" testName="AuthenticateCreatesSessionAndTokens" computerName="DESKTOP-D3D29K7" duration="00:00:00.0273080" startTime="2026-07-13T23:30:04.8029300-04:00" endTime="2026-07-13T23:30:04.8302372-04:00" testType="13cdc9d9-ddb5-4fa4-a97d-d965ccfc6d4b" outcome="Passed" testListId="8c84fa94-04c1-424b-9868-57a2d4851a1d" relativeResultsDirectory="9baa431a-b18b-451c-b995-4f488d2fc307" />
    <UnitTestResult executionId="cc18674f-3968-4564-9303-52a9607f68cf" testId="9905cde4-e4c2-fce0-b97f-0ee4e596bf32" testName="HiveLoopDryRunPlanMapsFutureTablesIndexesAndConstraints" computerName="DESKTOP-D3D29K7" duration="00:00:00.0010690" startTime="2026-07-13T23:30:04.9753344-04:00" endTime="2026-07-13T23:30:04.9764029-04:00" testType="13cdc9d9-ddb5-4fa4-a97d-d965ccfc6d4b" outcome="Passed" testListId="8c84fa94-04c1-424b-9868-57a2d4851a1d" relativeResultsDirectory="cc18674f-3968-4564-9303-52a9607f68cf" />
    <UnitTestResult executionId="d7bc019c-a14c-47d9-a755-ebcae1378377" testId="3b2647dc-0250-6384-0286-da3ced3a8212" testName="UpdateProfileChangesIdentityFieldsOnly" computerName="DESKTOP-D3D29K7" duration="00:00:00.0005150" startTime="2026-07-13T23:30:04.7692548-04:00" endTime="2026-07-13T23:30:04.7697700-04:00" testType="13cdc9d9-ddb5-4fa4-a97d-d965ccfc6d4b" outcome="Passed" testListId="8c84fa94-04c1-424b-9868-57a2d4851a1d" relativeResultsDirectory="d7bc019c-a14c-47d9-a755-ebcae1378377" />
    <UnitTestResult executionId="f0d7a415-dff9-409e-8963-7a8be29100a6" testId="b9fb8955-60e6-5e0b-a566-0f2f8c48da76" testName="PausePreventsTickExecutionUntilResume" computerName="DESKTOP-D3D29K7" duration="00:00:00.0007210" startTime="2026-07-13T23:30:06.7350232-04:00" endTime="2026-07-13T23:30:06.7357439-04:00" testType="13cdc9d9-ddb5-4fa4-a97d-d965ccfc6d4b" outcome="Passed" testListId="8c84fa94-04c1-424b-9868-57a2d4851a1d" relativeResultsDirectory="f0d7a415-dff9-409e-8963-7a8be29100a6" />
    <UnitTestResult executionId="e04a4b91-facc-4ea5-9e0d-e3d0cc22d4ba" testId="85da1b63-2632-cac6-9de4-5429eb2c2ca3" testName="HiveActionLoopEvidencePrepSnapshotDeltaReconciliationFieldsDoNotClaimRestoreOrSave" computerName="DESKTOP-D3D29K7" duration="00:00:00.0013760" startTime="2026-07-13T23:30:06.6866155-04:00" endTime="2026-07-13T23:30:06.6879911-04:00" testType="13cdc9d9-ddb5-4fa4-a97d-d965ccfc6d4b" outcome="Passed" testListId="8c84fa94-04c1-424b-9868-57a2d4851a1d" relativeResultsDirectory="e04a4b91-facc-4ea5-9e0d-e3d0cc22d4ba" />
    <UnitTestResult executionId="cc245bb7-c4d3-47d3-9fa9-3d498b293acf" testId="1dbf05e9-add1-aaa6-7b1b-e71c785cb52b" testName="HiveActionLoopDevOnlyBridgeDescriptorKeepsOfficialClaimsDisabled" computerName="DESKTOP-D3D29K7" duration="00:00:00.0016780" startTime="2026-07-13T23:30:06.6778634-04:00" endTime="2026-07-13T23:30:06.6795412-04:00" testType="13cdc9d9-ddb5-4fa4-a97d-d965ccfc6d4b" outcome="Passed" testListId="8c84fa94-04c1-424b-9868-57a2d4851a1d" relativeResultsDirectory="cc245bb7-c4d3-47d3-9fa9-3d498b293acf" />
    <UnitTestResult executionId="48595bd5-c1ee-4623-b809-5a0381ca0562" testId="0b5f05af-1a74-0da7-74ac-fc92abcb68b0" testName="SerializerRoundTripsSharedDto" computerName="DESKTOP-D3D29K7" duration="00:00:00.0029849" startTime="2026-07-13T23:30:06.7157716-04:00" endTime="2026-07-13T23:30:06.7187561-04:00" testType="13cdc9d9-ddb5-4fa4-a97d-d965ccfc6d4b" outcome="Passed" testListId="8c84fa94-04c1-424b-9868-57a2d4851a1d" relativeResultsDirectory="48595bd5-c1ee-4623-b809-5a0381ca0562" />
    <UnitTestResult executionId="727c1fee-c694-4623-9ed6-cf907a35b793" testId="791c9fee-79bd-46e8-6023-8e4aaa709cf9" testName="OpsMonitoringIncludesMigrationDiagnostics" computerName="DESKTOP-D3D29K7" duration="00:00:00.0440950" startTime="2026-07-13T23:30:06.0350033-04:00" endTime="2026-07-13T23:30:06.0790976-04:00" testType="13cdc9d9-ddb5-4fa4-a97d-d965ccfc6d4b" outcome="Passed" testListId="8c84fa94-04c1-424b-9868-57a2d4851a1d" relativeResultsDirectory="727c1fee-c694-4623-9ed6-cf907a35b793">
      <Output>
        <StdOut>dbug: Microsoft.Extensions.Hosting.Internal.Host[1]&#xD;
      Hosting starting&#xD;
info: BeeKingdom.Infrastructure.Background.ServerHeartbeatWorker[0]&#xD;
      Bee Kingdom background workers are disabled.&#xD;
dbug: Microsoft.Extensions.Hosting.Internal.Host[2]&#xD;
      Hosting started&#xD;
info: BeeKingdom.Persistence.Migrations.ScriptedMigrationRunner[0]&#xD;
      Migration script registered: 010_schema_version.sql&#xD;
info: BeeKingdom.Persistence.Migrations.ScriptedMigrationRunner[0]&#xD;
      Migration script registered: 011_schema_version_uniqueness.sql&#xD;
info: BeeKingdom.Persistence.Migrations.ScriptedMigrationRunner[0]&#xD;
      Migration script registered: 020_accounts.sql&#xD;
info: BeeKingdom.Persistence.Migrations.ScriptedMigrationRunner[0]&#xD;
      Migration script registered: 030_authentication_sessions.sql&#xD;
info: BeeKingdom.Persistence.Migrations.ScriptedMigrationRunner[0]&#xD;
      Migration script registered: 040_colonies.sql&#xD;
info: BeeKingdom.Persistence.Migrations.ScriptedMigrationRunner[0]&#xD;
      Migration script registered: 050_colony_snapshots.sql&#xD;
dbug: Microsoft.Extensions.Hosting.Internal.Host[3]&#xD;
      Hosting stopping&#xD;
dbug: Microsoft.Extensions.Hosting.Internal.Host[4]&#xD;
      Hosting stopped&#xD;
dbug: Microsoft.Extensions.Hosting.Internal.Host[3]&#xD;
      Hosting stopping&#xD;
dbug: Microsoft.Extensions.Hosting.Internal.Host[4]&#xD;
      Hosting stopped</StdOut>
      </Output>
    </UnitTestResult>
    <UnitTestResult executionId="83dc28dd-c711-419b-a1fe-f69d5533524e" testId="427a3a12-18aa-fdaf-4875-ae2da9082d0e" testName="HiveLoopReadinessHandlerRejectsCatalogMismatchAndUnknownTargets" computerName="DESKTOP-D3D29K7" duration="00:00:00.0004080" startTime="2026-07-13T23:30:06.7072229-04:00" endTime="2026-07-13T23:30:06.7076308-04:00" testType="13cdc9d9-ddb5-4fa4-a97d-d965ccfc6d4b" outcome="Passed" testListId="8c84fa94-04c1-424b-9868-57a2d4851a1d" relativeResultsDirectory="83dc28dd-c711-419b-a1fe-f69d5533524e" />
    <UnitTestResult executionId="00e8ae2b-dd56-43de-838f-e585c452ae51" testId="92830ee6-c14d-bf6c-8282-38199f2d3cc3" testName="RenameAndDeleteUpdateStateWithoutSimulationLogic" computerName="DESKTOP-D3D29K7" duration="00:00:00.0012070" startTime="2026-07-13T23:30:04.9297730-04:00" endTime="2026-07-13T23:30:04.9309795-04:00" testType="13cdc9d9-ddb5-4fa4-a97d-d965ccfc6d4b" outcome="Passed" testListId="8c84fa94-04c1-424b-9868-57a2d4851a1d" relativeResultsDirectory="00e8ae2b-dd56-43de-838f-e585c452ae51" />
    <UnitTestResult executionId="6c29169c-7972-4333-8142-0ae0570b93ad" testId="03664ed6-0fb1-44bf-87d0-fd55b9fbf60d" testName="HiveLoopCommandEndpointsAreNotExposed" computerName="DESKTOP-D3D29K7" duration="00:00:00.0369860" startTime="2026-07-13T23:30:05.6186756-04:00" endTime="2026-07-13T23:30:05.6556615-04:00" testType="13cdc9d9-ddb5-4fa4-a97d-d965ccfc6d4b" outcome="Passed" testListId="8c84fa94-04c1-424b-9868-57a2d4851a1d" relativeResultsDirectory="6c29169c-7972-4333-8142-0ae0570b93ad">
      <Output>
        <StdOut>dbug: Microsoft.Extensions.Hosting.Internal.Host[1]&#xD;
      Hosting starting&#xD;
info: BeeKingdom.Infrastructure.Background.ServerHeartbeatWorker[0]&#xD;
      Bee Kingdom background workers are disabled.&#xD;
dbug: Microsoft.Extensions.Hosting.Internal.Host[2]&#xD;
      Hosting started&#xD;
dbug: Microsoft.Extensions.Hosting.Internal.Host[3]&#xD;
      Hosting stopping&#xD;
dbug: Microsoft.Extensions.Hosting.Internal.Host[4]&#xD;
      Hosting stopped&#xD;
dbug: Microsoft.Extensions.Hosting.Internal.Host[3]&#xD;
      Hosting stopping&#xD;
dbug: Microsoft.Extensions.Hosting.Internal.Host[4]&#xD;
      Hosting stopped</StdOut>
      </Output>
    </UnitTestResult>
    <UnitTestResult executionId="b715c0d0-c098-4baf-b101-d5b925ca8b91" testId="da52c46a-c1f5-e1c7-1302-739cb2197329" testName="WorldSchemaReadinessDraftIsLocalRollbackOnlyAndNotRegistered" computerName="DESKTOP-D3D29K7" duration="00:00:00.0007870" startTime="2026-07-13T23:30:04.9858310-04:00" endTime="2026-07-13T23:30:04.9866180-04:00" testType="13cdc9d9-ddb5-4fa4-a97d-d965ccfc6d4b" outcome="Passed" testListId="8c84fa94-04c1-424b-9868-57a2d4851a1d" relativeResultsDirectory="b715c0d0-c098-4baf-b101-d5b925ca8b91" />
    <UnitTestResult executionId="9db0cf4d-2463-443b-bb64-520a32bcab91" testId="4c130351-a9b3-48a9-0b17-de0cd1871177" testName="HiveServerLiveClaimVisualGuardRequiresRealVisualArtifactAndNoOfficialClaims" computerName="DESKTOP-D3D29K7" duration="00:00:00.0004010" startTime="2026-07-13T23:30:06.7112684-04:00" endTime="2026-07-13T23:30:06.7116693-04:00" testType="13cdc9d9-ddb5-4fa4-a97d-d965ccfc6d4b" outcome="Passed" testListId="8c84fa94-04c1-424b-9868-57a2d4851a1d" relativeResultsDirectory="9db0cf4d-2463-443b-bb64-520a32bcab91" />
    <UnitTestResult executionId="6456c1fc-0842-4790-a6ee-feb18b97e84d" testId="24ab9616-a22e-9a9b-d79d-d49647c8e08e" testName="HiveActionLoopDevOnlyErrorsCoverFutureServerRejections" computerName="DESKTOP-D3D29K7" duration="00:00:00.0006700" startTime="2026-07-13T23:30:06.6809007-04:00" endTime="2026-07-13T23:30:06.6815701-04:00" testType="13cdc9d9-ddb5-4fa4-a97d-d965ccfc6d4b" outcome="Passed" testListId="8c84fa94-04c1-424b-9868-57a2d4851a1d" relativeResultsDirectory="6456c1fc-0842-4790-a6ee-feb18b97e84d" />
    <UnitTestResult executionId="446b1228-66dd-49df-af13-93f5e5995861" testId="10a69a56-616d-39f7-1d64-5ed81bea73fe" testName="HiveLoopRepositoryEndpointsAreNotExposed" computerName="DESKTOP-D3D29K7" duration="00:00:00.0388410" startTime="2026-07-13T23:30:05.6556901-04:00" endTime="2026-07-13T23:30:05.6945310-04:00" testType="13cdc9d9-ddb5-4fa4-a97d-d965ccfc6d4b" outcome="Passed" testListId="8c84fa94-04c1-424b-9868-57a2d4851a1d" relativeResultsDirectory="446b1228-66dd-49df-af13-93f5e5995861">
      <Output>
        <StdOut>dbug: Microsoft.Extensions.Hosting.Internal.Host[1]&#xD;
      Hosting starting&#xD;
info: BeeKingdom.Infrastructure.Background.ServerHeartbeatWorker[0]&#xD;
      Bee Kingdom background workers are disabled.&#xD;
dbug: Microsoft.Extensions.Hosting.Internal.Host[2]&#xD;
      Hosting started&#xD;
dbug: Microsoft.Extensions.Hosting.Internal.Host[3]&#xD;
      Hosting stopping&#xD;
dbug: Microsoft.Extensions.Hosting.Internal.Host[3]&#xD;
      Hosting stopping&#xD;
dbug: Microsoft.Extensions.Hosting.Internal.Host[4]&#xD;
      Hosting stopped&#xD;
dbug: Microsoft.Extensions.Hosting.Internal.Host[4]&#xD;
      Hosting stopped</StdOut>
      </Output>
    </UnitTestResult>
    <UnitTestResult executionId="3239ea98-c9fd-4b52-9fa1-93d0ab7a4197" testId="4ce71e0e-51b1-a1bb-1f85-4deaa87a9585" testName="OpsEndpointsRequireAdminKeyWhenEnabled" computerName="DESKTOP-D3D29K7" duration="00:00:00.0588870" startTime="2026-07-13T23:30:05.9760359-04:00" endTime="2026-07-13T23:30:06.0349222-04:00" testType="13cdc9d9-ddb5-4fa4-a97d-d965ccfc6d4b" outcome="Passed" testListId="8c84fa94-04c1-424b-9868-57a2d4851a1d" relativeResultsDirectory="3239ea98-c9fd-4b52-9fa1-93d0ab7a4197">
      <Output>
        <StdOut>dbug: Microsoft.Extensions.Hosting.Internal.Host[1]&#xD;
      Hosting starting&#xD;
info: BeeKingdom.Infrastructure.Background.ServerHeartbeatWorker[0]&#xD;
      Bee Kingdom background workers are disabled.&#xD;
dbug: Microsoft.Extensions.Hosting.Internal.Host[2]&#xD;
      Hosting started&#xD;
dbug: Microsoft.Extensions.Hosting.Internal.Host[3]&#xD;
      Hosting stopping&#xD;
dbug: Microsoft.Extensions.Hosting.Internal.Host[4]&#xD;
      Hosting stopped&#xD;
dbug: Microsoft.Extensions.Hosting.Internal.Host[3]&#xD;
      Hosting stopping&#xD;
dbug: Microsoft.Extensions.Hosting.Internal.Host[4]&#xD;
      Hosting stopped</StdOut>
      </Output>
    </UnitTestResult>
    <UnitTestResult executionId="4e1ebb95-af65-4bfd-9333-08b6e98ade08" testId="bb31aa6a-56f9-97f5-d627-605904693284" testName="HiveActionLoopEvidencePrepQaChecklistKeepsLocalHiveHonestAboutServer" computerName="DESKTOP-D3D29K7" duration="00:00:00.0002470" startTime="2026-07-13T23:30:06.6863588-04:00" endTime="2026-07-13T23:30:06.6866060-04:00" testType="13cdc9d9-ddb5-4fa4-a97d-d965ccfc6d4b" outcome="Passed" testListId="8c84fa94-04c1-424b-9868-57a2d4851a1d" relativeResultsDirectory="4e1ebb95-af65-4bfd-9333-08b6e98ade08" />
    <UnitTestResult executionId="4de3673b-7a28-4f86-9ff4-bfeabc239dd1" testId="5ec742a4-3773-f099-ed6f-8e04867dd5f9" testName="QueryAccountFiltersByStatus" computerName="DESKTOP-D3D29K7" duration="00:00:00.0017110" startTime="2026-07-13T23:30:04.7668049-04:00" endTime="2026-07-13T23:30:04.7685162-04:00" testType="13cdc9d9-ddb5-4fa4-a97d-d965ccfc6d4b" outcome="Passed" testListId="8c84fa94-04c1-424b-9868-57a2d4851a1d" relativeResultsDirectory="4de3673b-7a28-4f86-9ff4-bfeabc239dd1" />
    <UnitTestResult executionId="06f9ab1b-fc41-4aea-8337-f61e32939f4c" testId="c22e050d-8328-e444-b12d-6e5c4f15c216" testName="StartPauseResumeAndStopUpdateState" computerName="DESKTOP-D3D29K7" duration="00:00:00.0019420" startTime="2026-07-13T23:30:06.7390315-04:00" endTime="2026-07-13T23:30:06.7409735-04:00" testType="13cdc9d9-ddb5-4fa4-a97d-d965ccfc6d4b" outcome="Passed" testListId="8c84fa94-04c1-424b-9868-57a2d4851a1d" relativeResultsDirectory="06f9ab1b-fc41-4aea-8337-f61e32939f4c" />
    <UnitTestResult executionId="57ee95c9-4a58-471c-a7b8-d34ab5d100dc" testId="b104f4d4-6bce-57e4-acf6-a437961e1730" testName="ConcurrentCreationKeepsDistinctColonies" computerName="DESKTOP-D3D29K7" duration="00:00:00.0110080" startTime="2026-07-13T23:30:04.9139278-04:00" endTime="2026-07-13T23:30:04.9249352-04:00" testType="13cdc9d9-ddb5-4fa4-a97d-d965ccfc6d4b" outcome="Passed" testListId="8c84fa94-04c1-424b-9868-57a2d4851a1d" relativeResultsDirectory="57ee95c9-4a58-471c-a7b8-d34ab5d100dc" />
    <UnitTestResult executionId="e1c596d4-8d21-471f-bd00-d430f27a3946" testId="ae4454ab-14d9-e385-b656-1d3603c45042" testName="AccountSessionReadinessReportsPreparedButNotLiveState" computerName="DESKTOP-D3D29K7" duration="00:00:00.0553260" startTime="2026-07-13T23:30:05.4505843-04:00" endTime="2026-07-13T23:30:05.5059095-04:00" testType="13cdc9d9-ddb5-4fa4-a97d-d965ccfc6d4b" outcome="Passed" testListId="8c84fa94-04c1-424b-9868-57a2d4851a1d" relativeResultsDirectory="e1c596d4-8d21-471f-bd00-d430f27a3946">
      <Output>
        <StdOut>dbug: Microsoft.Extensions.Hosting.Internal.Host[1]&#xD;
      Hosting starting&#xD;
info: BeeKingdom.Infrastructure.Background.ServerHeartbeatWorker[0]&#xD;
      Bee Kingdom background workers are disabled.&#xD;
dbug: Microsoft.Extensions.Hosting.Internal.Host[2]&#xD;
      Hosting started&#xD;
dbug: Microsoft.Extensions.Hosting.Internal.Host[3]&#xD;
      Hosting stopping&#xD;
dbug: Microsoft.Extensions.Hosting.Internal.Host[4]&#xD;
      Hosting stopped&#xD;
dbug: Microsoft.Extensions.Hosting.Internal.Host[3]&#xD;
      Hosting stopping&#xD;
dbug: Microsoft.Extensions.Hosting.Internal.Host[4]&#xD;
      Hosting stopped</StdOut>
      </Output>
    </UnitTestResult>
    <UnitTestResult executionId="c5baa465-4c54-408a-b0f4-57052801d5e7" testId="7b9e462b-cc60-3a94-f0af-28a4ad4c5735" testName="DeletedAccountCannotBeReactivated" computerName="DESKTOP-D3D29K7" duration="00:00:00.0055460" startTime="2026-07-13T23:30:04.7612298-04:00" endTime="2026-07-13T23:30:04.7667751-04:00" testType="13cdc9d9-ddb5-4fa4-a97d-d965ccfc6d4b" outcome="Passed" testListId="8c84fa94-04c1-424b-9868-57a2d4851a1d" relativeResultsDirectory="c5baa465-4c54-408a-b0f4-57052801d5e7" />
    <UnitTestResult executionId="3526a7b1-04fa-47a1-84a4-7160542f4d20" testId="389a5453-f8e2-2802-ca6f-6b57469d6c76" testName="HiveLoopCatalogKeepsAntiDoubleSpendAndIdempotencyPoliciesEnabled" computerName="DESKTOP-D3D29K7" duration="00:00:00.0002390" startTime="2026-07-13T23:30:06.6982843-04:00" endTime="2026-07-13T23:30:06.6985234-04:00" testType="13cdc9d9-ddb5-4fa4-a97d-d965ccfc6d4b" outcome="Passed" testListId="8c84fa94-04c1-424b-9868-57a2d4851a1d" relativeResultsDirectory="3526a7b1-04fa-47a1-84a4-7160542f4d20" />
    <UnitTestResult executionId="afa0d6b4-0f5b-4223-a9da-3bcdcf96896e" testId="7169f730-4b2d-9ea7-1041-6f7ca7285e3e" testName="WorldSchemaReadinessDraftExecutesAndRollsBackLocally" computerName="DESKTOP-D3D29K7" duration="00:00:00.0000400" startTime="2026-07-13T23:30:06.7750954-04:00" endTime="2026-07-13T23:30:06.7751355-04:00" testType="13cdc9d9-ddb5-4fa4-a97d-d965ccfc6d4b" outcome="NotExecuted" testListId="8c84fa94-04c1-424b-9868-57a2d4851a1d" relativeResultsDirectory="afa0d6b4-0f5b-4223-a9da-3bcdcf96896e">
      <Output>
        <StdOut>BEE_SQL_INTEGRATION_CONNECTION_STRING is not set. Disposable LocalDB integration test skipped by design.</StdOut>
        <ErrorInfo>
          <Message>BEE_SQL_INTEGRATION_CONNECTION_STRING is not set. Disposable LocalDB integration test skipped by design.</Message>
        </ErrorInfo>
      </Output>
    </UnitTestResult>
    <UnitTestResult executionId="24d62562-e154-41d6-81ab-e0cadade553b" testId="7c2d52e0-90a6-9f5d-bff2-e191794d81c2" testName="FailedAttemptsLockAccountTemporarily" computerName="DESKTOP-D3D29K7" duration="00:00:00.0274690" startTime="2026-07-13T23:30:04.8302856-04:00" endTime="2026-07-13T23:30:04.8577548-04:00" testType="13cdc9d9-ddb5-4fa4-a97d-d965ccfc6d4b" outcome="Passed" testListId="8c84fa94-04c1-424b-9868-57a2d4851a1d" relativeResultsDirectory="24d62562-e154-41d6-81ab-e0cadade553b" />
    <UnitTestResult executionId="d6c1b415-4331-42a7-8280-1858fe67f69b" testId="c7474f55-d772-80e8-a938-bd048ecef3b0" testName="ServerProfileKeepsBeeKingdomIndependent" computerName="DESKTOP-D3D29K7" duration="00:00:00.0059959" startTime="2026-07-13T23:30:04.7817217-04:00" endTime="2026-07-13T23:30:04.7877169-04:00" testType="13cdc9d9-ddb5-4fa4-a97d-d965ccfc6d4b" outcome="Passed" testListId="8c84fa94-04c1-424b-9868-57a2d4851a1d" relativeResultsDirectory="d6c1b415-4331-42a7-8280-1858fe67f69b" />
    <UnitTestResult executionId="fcd2201d-95b8-489c-9e59-dae41fea2f5e" testId="63feae3c-5ca5-9121-15f2-1b37e0fa908f" testName="SqlServerRepositoryRoundTripsSyntheticAccountProgression" computerName="DESKTOP-D3D29K7" duration="00:00:00.0000900" startTime="2026-07-13T23:30:06.7749013-04:00" endTime="2026-07-13T23:30:06.7749911-04:00" testType="13cdc9d9-ddb5-4fa4-a97d-d965ccfc6d4b" outcome="NotExecuted" testListId="8c84fa94-04c1-424b-9868-57a2d4851a1d" relativeResultsDirectory="fcd2201d-95b8-489c-9e59-dae41fea2f5e">
      <Output>
        <StdOut>BEE_SQL_INTEGRATION_CONNECTION_STRING is not set. Disposable LocalDB integration test skipped by design.</StdOut>
        <ErrorInfo>
          <Message>BEE_SQL_INTEGRATION_CONNECTION_STRING is not set. Disposable LocalDB integration test skipped by design.</Message>
        </ErrorInfo>
      </Output>
    </UnitTestResult>
    <UnitTestResult executionId="86bc3f2e-8a51-475c-a7e2-fe2f1ab8d179" testId="ebd55307-f2af-cca6-282d-39a66180655d" testName="HiveActionLoopReconciliationDrillBlocksOfficialRestoreAndLiveHandler" computerName="DESKTOP-D3D29K7" duration="00:00:00.0002790" startTime="2026-07-13T23:30:06.6939182-04:00" endTime="2026-07-13T23:30:06.6941971-04:00" testType="13cdc9d9-ddb5-4fa4-a97d-d965ccfc6d4b" outcome="Passed" testListId="8c84fa94-04c1-424b-9868-57a2d4851a1d" relativeResultsDirectory="86bc3f2e-8a51-475c-a7e2-fe2f1ab8d179" />
    <UnitTestResult executionId="3d7ed776-4665-4cfa-827d-85a9a865330a" testId="03dee157-5c6a-2e1a-ddb9-22dae1cf5f05" testName="RollbackPlanEndpointReturnsNonExecutableDestructivePlan" computerName="DESKTOP-D3D29K7" duration="00:00:00.0388470" startTime="2026-07-13T23:30:06.1691558-04:00" endTime="2026-07-13T23:30:06.2080029-04:00" testType="13cdc9d9-ddb5-4fa4-a97d-d965ccfc6d4b" outcome="Passed" testListId="8c84fa94-04c1-424b-9868-57a2d4851a1d" relativeResultsDirectory="3d7ed776-4665-4cfa-827d-85a9a865330a">
      <Output>
        <StdOut>dbug: Microsoft.Extensions.Hosting.Internal.Host[1]&#xD;
      Hosting starting&#xD;
info: BeeKingdom.Infrastructure.Background.ServerHeartbeatWorker[0]&#xD;
      Bee Kingdom background workers are disabled.&#xD;
dbug: Microsoft.Extensions.Hosting.Internal.Host[2]&#xD;
      Hosting started&#xD;
dbug: Microsoft.Extensions.Hosting.Internal.Host[3]&#xD;
      Hosting stopping&#xD;
dbug: Microsoft.Extensions.Hosting.Internal.Host[4]&#xD;
      Hosting stopped&#xD;
dbug: Microsoft.Extensions.Hosting.Internal.Host[3]&#xD;
      Hosting stopping&#xD;
dbug: Microsoft.Extensions.Hosting.Internal.Host[4]&#xD;
      Hosting stopped</StdOut>
      </Output>
    </UnitTestResult>
    <UnitTestResult executionId="07788bca-bdb5-49a3-be29-0a9cde24105e" testId="9fc99c6c-4920-02d1-147e-1778893ea352" testName="HiveActionLoopEvidencePrepIdempotencyReplayFieldsStayDevOnly" computerName="DESKTOP-D3D29K7" duration="00:00:00.0005419" startTime="2026-07-13T23:30:06.6854054-04:00" endTime="2026-07-13T23:30:06.6859468-04:00" testType="13cdc9d9-ddb5-4fa4-a97d-d965ccfc6d4b" outcome="Passed" testListId="8c84fa94-04c1-424b-9868-57a2d4851a1d" relativeResultsDirectory="07788bca-bdb5-49a3-be29-0a9cde24105e" />
    <UnitTestResult executionId="06428224-0bbe-4430-ad6d-20b400ecf5e3" testId="c59e81a0-8247-de50-1692-aecf5a9e67ba" testName="ServerFirstReadinessReportsPublicNonLiveGate" computerName="DESKTOP-D3D29K7" duration="00:00:00.0370340" startTime="2026-07-13T23:30:06.2882744-04:00" endTime="2026-07-13T23:30:06.3253082-04:00" testType="13cdc9d9-ddb5-4fa4-a97d-d965ccfc6d4b" outcome="Passed" testListId="8c84fa94-04c1-424b-9868-57a2d4851a1d" relativeResultsDirectory="06428224-0bbe-4430-ad6d-20b400ecf5e3">
      <Output>
        <StdOut>dbug: Microsoft.Extensions.Hosting.Internal.Host[1]&#xD;
      Hosting starting&#xD;
info: BeeKingdom.Infrastructure.Background.ServerHeartbeatWorker[0]&#xD;
      Bee Kingdom background workers are disabled.&#xD;
dbug: Microsoft.Extensions.Hosting.Internal.Host[2]&#xD;
      Hosting started&#xD;
dbug: Microsoft.Extensions.Hosting.Internal.Host[3]&#xD;
      Hosting stopping&#xD;
dbug: Microsoft.Extensions.Hosting.Internal.Host[4]&#xD;
      Hosting stopped&#xD;
dbug: Microsoft.Extensions.Hosting.Internal.Host[3]&#xD;
      Hosting stopping&#xD;
dbug: Microsoft.Extensions.Hosting.Internal.Host[4]&#xD;
      Hosting stopped</StdOut>
      </Output>
    </UnitTestResult>
    <UnitTestResult executionId="727b40f9-4d1b-4dcc-8e9f-6092babee24e" testId="11ae6aa6-7aa6-8475-fac8-3807daaae1d8" testName="MigrationApplyEndpointRunsInMemoryRunner" computerName="DESKTOP-D3D29K7" duration="00:00:00.0579700" startTime="2026-07-13T23:30:05.7366191-04:00" endTime="2026-07-13T23:30:05.7945885-04:00" testType="13cdc9d9-ddb5-4fa4-a97d-d965ccfc6d4b" outcome="Passed" testListId="8c84fa94-04c1-424b-9868-57a2d4851a1d" relativeResultsDirectory="727b40f9-4d1b-4dcc-8e9f-6092babee24e">
      <Output>
        <StdOut>dbug: Microsoft.Extensions.Hosting.Internal.Host[1]&#xD;
      Hosting starting&#xD;
info: BeeKingdom.Infrastructure.Background.ServerHeartbeatWorker[0]&#xD;
      Bee Kingdom background workers are disabled.&#xD;
dbug: Microsoft.Extensions.Hosting.Internal.Host[2]&#xD;
      Hosting started&#xD;
info: BeeKingdom.Persistence.Migrations.ScriptedMigrationRunner[0]&#xD;
      Migration script registered: 010_schema_version.sql&#xD;
info: BeeKingdom.Persistence.Migrations.ScriptedMigrationRunner[0]&#xD;
      Migration script registered: 011_schema_version_uniqueness.sql&#xD;
info: BeeKingdom.Persistence.Migrations.ScriptedMigrationRunner[0]&#xD;
      Migration script registered: 020_accounts.sql&#xD;
info: BeeKingdom.Persistence.Migrations.ScriptedMigrationRunner[0]&#xD;
      Migration script registered: 030_authentication_sessions.sql&#xD;
info: BeeKingdom.Persistence.Migrations.ScriptedMigrationRunner[0]&#xD;
      Migration script registered: 040_colonies.sql&#xD;
info: BeeKingdom.Persistence.Migrations.ScriptedMigrationRunner[0]&#xD;
      Migration script registered: 050_colony_snapshots.sql&#xD;
dbug: Microsoft.Extensions.Hosting.Internal.Host[3]&#xD;
      Hosting stopping&#xD;
dbug: Microsoft.Extensions.Hosting.Internal.Host[4]&#xD;
      Hosting stopped&#xD;
dbug: Microsoft.Extensions.Hosting.Internal.Host[3]&#xD;
      Hosting stopping&#xD;
dbug: Microsoft.Extensions.Hosting.Internal.Host[4]&#xD;
      Hosting stopped</StdOut>
      </Output>
    </UnitTestResult>
    <UnitTestResult executionId="eb082e46-5708-4fb9-85f0-4c53e58ebc72" testId="8f92e0be-a619-2744-5482-1239fb815f40" testName="DedicatedConnectionNamesTakePrecedenceOverLegacyFallback" computerName="DESKTOP-D3D29K7" duration="00:00:00.0009920" startTime="2026-07-13T23:30:06.6519171-04:00" endTime="2026-07-13T23:30:06.6529087-04:00" testType="13cdc9d9-ddb5-4fa4-a97d-d965ccfc6d4b" outcome="Passed" testListId="8c84fa94-04c1-424b-9868-57a2d4851a1d" relativeResultsDirectory="eb082e46-5708-4fb9-85f0-4c53e58ebc72" />
    <UnitTestResult executionId="20519aec-4415-4f3f-b50d-70421bab3175" testId="211ed8d6-3235-93e8-a6ba-63d419e79776" testName="SharedAssemblyHasNoUnitySqlOrAspNetDependency" computerName="DESKTOP-D3D29K7" duration="00:00:00.0003890" startTime="2026-07-13T23:30:06.7187863-04:00" endTime="2026-07-13T23:30:06.7191749-04:00" testType="13cdc9d9-ddb5-4fa4-a97d-d965ccfc6d4b" outcome="Passed" testListId="8c84fa94-04c1-424b-9868-57a2d4851a1d" relativeResultsDirectory="20519aec-4415-4f3f-b50d-70421bab3175" />
    <UnitTestResult executionId="0064a600-417a-4190-80e5-c188037622bc" testId="d3cee964-9d41-bcea-591d-11bbea27bc4c" testName="MigrationApplyFailsClosedWhenMigrationKeyMatchesAdminKey" computerName="DESKTOP-D3D29K7" duration="00:00:00.0499690" startTime="2026-07-13T23:30:05.7946157-04:00" endTime="2026-07-13T23:30:05.8445840-04:00" testType="13cdc9d9-ddb5-4fa4-a97d-d965ccfc6d4b" outcome="Passed" testListId="8c84fa94-04c1-424b-9868-57a2d4851a1d" relativeResultsDirectory="0064a600-417a-4190-80e5-c188037622bc">
      <Output>
        <StdOut>dbug: Microsoft.Extensions.Hosting.Internal.Host[1]&#xD;
      Hosting starting&#xD;
info: BeeKingdom.Infrastructure.Background.ServerHeartbeatWorker[0]&#xD;
      Bee Kingdom background workers are disabled.&#xD;
dbug: Microsoft.Extensions.Hosting.Internal.Host[2]&#xD;
      Hosting started&#xD;
dbug: Microsoft.Extensions.Hosting.Internal.Host[3]&#xD;
      Hosting stopping&#xD;
dbug: Microsoft.Extensions.Hosting.Internal.Host[4]&#xD;
      Hosting stopped&#xD;
dbug: Microsoft.Extensions.Hosting.Internal.Host[3]&#xD;
      Hosting stopping&#xD;
dbug: Microsoft.Extensions.Hosting.Internal.Host[4]&#xD;
      Hosting stopped</StdOut>
      </Output>
    </UnitTestResult>
    <UnitTestResult executionId="24106301-9464-4c3e-b206-447bf6a4cab6" testId="2351838e-43e7-0972-c3d4-6a45059a16a9" testName="FakeReserveUpgradeAndTrainingOnlyMutateFakeQueues" computerName="DESKTOP-D3D29K7" duration="00:00:00.0013280" startTime="2026-07-13T23:30:05.1267057-04:00" endTime="2026-07-13T23:30:05.1280335-04:00" testType="13cdc9d9-ddb5-4fa4-a97d-d965ccfc6d4b" outcome="Passed" testListId="8c84fa94-04c1-424b-9868-57a2d4851a1d" relativeResultsDirectory="24106301-9464-4c3e-b206-447bf6a4cab6" />
    <UnitTestResult executionId="36e4c0f7-51b8-4ff6-ac25-306100554233" testId="f48ac66b-fdbf-a8f9-0208-408f46613c50" testName="SaveColonyCreatesFullAndIncrementalSnapshots" computerName="DESKTOP-D3D29K7" duration="00:00:00.0250330" startTime="2026-07-13T23:30:04.9309913-04:00" endTime="2026-07-13T23:30:04.9560245-04:00" testType="13cdc9d9-ddb5-4fa4-a97d-d965ccfc6d4b" outcome="Passed" testListId="8c84fa94-04c1-424b-9868-57a2d4851a1d" relativeResultsDirectory="36e4c0f7-51b8-4ff6-ac25-306100554233" />
    <UnitTestResult executionId="c7bd04bd-ae51-41b8-ac01-7e2a3bda0a37" testId="e4046af7-89cc-847b-5018-21986d33bafb" testName="HiveLoopCodeFirstCatalogRemainsReadinessNonLive" computerName="DESKTOP-D3D29K7" duration="00:00:00.0029050" startTime="2026-07-13T23:30:06.6985330-04:00" endTime="2026-07-13T23:30:06.7014375-04:00" testType="13cdc9d9-ddb5-4fa4-a97d-d965ccfc6d4b" outcome="Passed" testListId="8c84fa94-04c1-424b-9868-57a2d4851a1d" relativeResultsDirectory="c7bd04bd-ae51-41b8-ac01-7e2a3bda0a37" />
    <UnitTestResult executionId="8e9f4af6-c778-45ee-9e8f-a284110c226d" testId="c05917cd-dc1d-9516-0f0c-a6d48a5ad6e2" testName="CatalogSqlMatchesCheckedInScriptFiles" computerName="DESKTOP-D3D29K7" duration="00:00:00.0026230" startTime="2026-07-13T23:30:04.9670823-04:00" endTime="2026-07-13T23:30:04.9697051-04:00" testType="13cdc9d9-ddb5-4fa4-a97d-d965ccfc6d4b" outcome="Passed" testListId="8c84fa94-04c1-424b-9868-57a2d4851a1d" relativeResultsDirectory="8e9f4af6-c778-45ee-9e8f-a284110c226d" />
[...]
      Bee Kingdom background workers are disabled.&#xD;
dbug: Microsoft.Extensions.Hosting.Internal.Host[2]&#xD;
      Hosting started&#xD;
dbug: Microsoft.Extensions.Hosting.Internal.Host[3]&#xD;
      Hosting stopping&#xD;
dbug: Microsoft.Extensions.Hosting.Internal.Host[3]&#xD;
      Hosting stopping&#xD;
dbug: Microsoft.Extensions.Hosting.Internal.Host[4]&#xD;
      Hosting stopped&#xD;
dbug: Microsoft.Extensions.Hosting.Internal.Host[4]&#xD;
      Hosting stopped&#xD;
</Text>
      </RunInfo>
      <RunInfo computerName="DESKTOP-D3D29K7" outcome="Warning" timestamp="2026-07-13T23:30:05.7373948-04:00">
        <Text>dbug: Microsoft.Extensions.Hosting.Internal.Host[1]&#xD;
      Hosting starting&#xD;
info: BeeKingdom.Infrastructure.Background.ServerHeartbeatWorker[0]&#xD;
      Bee Kingdom background workers are disabled.&#xD;
dbug: Microsoft.Extensions.Hosting.Internal.Host[2]&#xD;
      Hosting started&#xD;
info: BeeKingdom.Persistence.Migrations.ScriptedMigrationRunner[0]&#xD;
      Migration script registered: 010_schema_version.sql&#xD;
info: BeeKingdom.Persistence.Migrations.ScriptedMigrationRunner[0]&#xD;
      Migration script registered: 011_schema_version_uniqueness.sql&#xD;
info: BeeKingdom.Persistence.Migrations.ScriptedMigrationRunner[0]&#xD;
      Migration script registered: 020_accounts.sql&#xD;
info: BeeKingdom.Persistence.Migrations.ScriptedMigrationRunner[0]&#xD;
      Migration script registered: 030_authentication_sessions.sql&#xD;
info: BeeKingdom.Persistence.Migrations.ScriptedMigrationRunner[0]&#xD;
      Migration script registered: 040_colonies.sql&#xD;
info: BeeKingdom.Persistence.Migrations.ScriptedMigrationRunner[0]&#xD;
      Migration script registered: 050_colony_snapshots.sql&#xD;
dbug: Microsoft.Extensions.Hosting.Internal.Host[3]&#xD;
      Hosting stopping&#xD;
dbug: Microsoft.Extensions.Hosting.Internal.Host[4]&#xD;
      Hosting stopped&#xD;
dbug: Microsoft.Extensions.Hosting.Internal.Host[3]&#xD;
      Hosting stopping&#xD;
dbug: Microsoft.Extensions.Hosting.Internal.Host[4]&#xD;
      Hosting stopped&#xD;
</Text>
      </RunInfo>
      <RunInfo computerName="DESKTOP-D3D29K7" outcome="Warning" timestamp="2026-07-13T23:30:05.7953736-04:00">
        <Text>dbug: Microsoft.Extensions.Hosting.Internal.Host[1]&#xD;
      Hosting starting&#xD;
info: BeeKingdom.Infrastructure.Background.ServerHeartbeatWorker[0]&#xD;
      Bee Kingdom background workers are disabled.&#xD;
dbug: Microsoft.Extensions.Hosting.Internal.Host[2]&#xD;
      Hosting started&#xD;
info: BeeKingdom.Persistence.Migrations.ScriptedMigrationRunner[0]&#xD;
      Migration script registered: 010_schema_version.sql&#xD;
info: BeeKingdom.Persistence.Migrations.ScriptedMigrationRunner[0]&#xD;
      Migration script registered: 011_schema_version_uniqueness.sql&#xD;
info: BeeKingdom.Persistence.Migrations.ScriptedMigrationRunner[0]&#xD;
      Migration script registered: 020_accounts.sql&#xD;
info: BeeKingdom.Persistence.Migrations.ScriptedMigrationRunner[0]&#xD;
      Migration script registered: 030_authentication_sessions.sql&#xD;
info: BeeKingdom.Persistence.Migrations.ScriptedMigrationRunner[0]&#xD;
      Migration script registered: 040_colonies.sql&#xD;
info: BeeKingdom.Persistence.Migrations.ScriptedMigrationRunner[0]&#xD;
      Migration script registered: 050_colony_snapshots.sql&#xD;
dbug: Microsoft.Extensions.Hosting.Internal.Host[3]&#xD;
      Hosting stopping&#xD;
dbug: Microsoft.Extensions.Hosting.Internal.Host[4]&#xD;
      Hosting stopped&#xD;
dbug: Microsoft.Extensions.Hosting.Internal.Host[3]&#xD;
      Hosting stopping&#xD;
dbug: Microsoft.Extensions.Hosting.Internal.Host[4]&#xD;
      Hosting stopped&#xD;
</Text>
      </RunInfo>
      <RunInfo computerName="DESKTOP-D3D29K7" outcome="Warning" timestamp="2026-07-13T23:30:05.8490536-04:00">
        <Text>dbug: Microsoft.Extensions.Hosting.Internal.Host[1]&#xD;
      Hosting starting&#xD;
info: BeeKingdom.Infrastructure.Background.ServerHeartbeatWorker[0]&#xD;
      Bee Kingdom background workers are disabled.&#xD;
dbug: Microsoft.Extensions.Hosting.Internal.Host[2]&#xD;
      Hosting started&#xD;
dbug: Microsoft.Extensions.Hosting.Internal.Host[3]&#xD;
      Hosting stopping&#xD;
dbug: Microsoft.Extensions.Hosting.Internal.Host[4]&#xD;
      Hosting stopped&#xD;
dbug: Microsoft.Extensions.Hosting.Internal.Host[3]&#xD;
      Hosting stopping&#xD;
dbug: Microsoft.Extensions.Hosting.Internal.Host[4]&#xD;
      Hosting stopped&#xD;
</Text>
      </RunInfo>
      <RunInfo computerName="DESKTOP-D3D29K7" outcome="Warning" timestamp="2026-07-13T23:30:05.8922534-04:00">
        <Text>dbug: Microsoft.Extensions.Hosting.Internal.Host[1]&#xD;
      Hosting starting&#xD;
info: BeeKingdom.Infrastructure.Background.ServerHeartbeatWorker[0]&#xD;
      Bee Kingdom background workers are disabled.&#xD;
dbug: Microsoft.Extensions.Hosting.Internal.Host[2]&#xD;
      Hosting started&#xD;
info: BeeKingdom.Persistence.Migrations.ScriptedMigrationRunner[0]&#xD;
      Migration script registered: 010_schema_version.sql&#xD;
info: BeeKingdom.Persistence.Migrations.ScriptedMigrationRunner[0]&#xD;
      Migration script registered: 011_schema_version_uniqueness.sql&#xD;
info: BeeKingdom.Persistence.Migrations.ScriptedMigrationRunner[0]&#xD;
      Migration script registered: 020_accounts.sql&#xD;
info: BeeKingdom.Persistence.Migrations.ScriptedMigrationRunner[0]&#xD;
      Migration script registered: 030_authentication_sessions.sql&#xD;
info: BeeKingdom.Persistence.Migrations.ScriptedMigrationRunner[0]&#xD;
      Migration script registered: 040_colonies.sql&#xD;
info: BeeKingdom.Persistence.Migrations.ScriptedMigrationRunner[0]&#xD;
      Migration script registered: 050_colony_snapshots.sql&#xD;
dbug: Microsoft.Extensions.Hosting.Internal.Host[3]&#xD;
      Hosting stopping&#xD;
dbug: Microsoft.Extensions.Hosting.Internal.Host[3]&#xD;
      Hosting stopping&#xD;
dbug: Microsoft.Extensions.Hosting.Internal.Host[4]&#xD;
      Hosting stopped&#xD;
dbug: Microsoft.Extensions.Hosting.Internal.Host[4]&#xD;
      Hosting stopped&#xD;
</Text>
      </RunInfo>
      <RunInfo computerName="DESKTOP-D3D29K7" outcome="Warning" timestamp="2026-07-13T23:30:05.9394668-04:00">
        <Text>dbug: Microsoft.Extensions.Hosting.Internal.Host[1]&#xD;
      Hosting starting&#xD;
info: BeeKingdom.Infrastructure.Background.ServerHeartbeatWorker[0]&#xD;
      Bee Kingdom background workers are disabled.&#xD;
dbug: Microsoft.Extensions.Hosting.Internal.Host[2]&#xD;
      Hosting started&#xD;
dbug: Microsoft.Extensions.Hosting.Internal.Host[3]&#xD;
      Hosting stopping&#xD;
dbug: Microsoft.Extensions.Hosting.Internal.Host[4]&#xD;
      Hosting stopped&#xD;
dbug: Microsoft.Extensions.Hosting.Internal.Host[3]&#xD;
      Hosting stopping&#xD;
dbug: Microsoft.Extensions.Hosting.Internal.Host[4]&#xD;
      Hosting stopped&#xD;
</Text>
      </RunInfo>
      <RunInfo computerName="DESKTOP-D3D29K7" outcome="Warning" timestamp="2026-07-13T23:30:05.9766735-04:00">
        <Text>dbug: Microsoft.Extensions.Hosting.Internal.Host[1]&#xD;
      Hosting starting&#xD;
info: BeeKingdom.Infrastructure.Background.ServerHeartbeatWorker[0]&#xD;
      Bee Kingdom background workers are disabled.&#xD;
dbug: Microsoft.Extensions.Hosting.Internal.Host[2]&#xD;
      Hosting started&#xD;
</Text>
      </RunInfo>
      <RunInfo computerName="DESKTOP-D3D29K7" outcome="Warning" timestamp="2026-07-13T23:30:06.0355933-04:00">
        <Text>dbug: Microsoft.Extensions.Hosting.Internal.Host[1]&#xD;
      Hosting starting&#xD;
info: BeeKingdom.Infrastructure.Background.ServerHeartbeatWorker[0]&#xD;
      Bee Kingdom background workers are disabled.&#xD;
dbug: Microsoft.Extensions.Hosting.Internal.Host[2]&#xD;
      Hosting started&#xD;
dbug: Microsoft.Extensions.Hosting.Internal.Host[3]&#xD;
      Hosting stopping&#xD;
dbug: Microsoft.Extensions.Hosting.Internal.Host[4]&#xD;
      Hosting stopped&#xD;
dbug: Microsoft.Extensions.Hosting.Internal.Host[3]&#xD;
      Hosting stopping&#xD;
dbug: Microsoft.Extensions.Hosting.Internal.Host[4]&#xD;
      Hosting stopped&#xD;
</Text>
      </RunInfo>
      <RunInfo computerName="DESKTOP-D3D29K7" outcome="Warning" timestamp="2026-07-13T23:30:06.0802327-04:00">
        <Text>dbug: Microsoft.Extensions.Hosting.Internal.Host[1]&#xD;
      Hosting starting&#xD;
info: BeeKingdom.Infrastructure.Background.ServerHeartbeatWorker[0]&#xD;
      Bee Kingdom background workers are disabled.&#xD;
dbug: Microsoft.Extensions.Hosting.Internal.Host[2]&#xD;
      Hosting started&#xD;
info: BeeKingdom.Persistence.Migrations.ScriptedMigrationRunner[0]&#xD;
      Migration script registered: 010_schema_version.sql&#xD;
info: BeeKingdom.Persistence.Migrations.ScriptedMigrationRunner[0]&#xD;
      Migration script registered: 011_schema_version_uniqueness.sql&#xD;
info: BeeKingdom.Persistence.Migrations.ScriptedMigrationRunner[0]&#xD;
      Migration script registered: 020_accounts.sql&#xD;
info: BeeKingdom.Persistence.Migrations.ScriptedMigrationRunner[0]&#xD;
      Migration script registered: 030_authentication_sessions.sql&#xD;
info: BeeKingdom.Persistence.Migrations.ScriptedMigrationRunner[0]&#xD;
      Migration script registered: 040_colonies.sql&#xD;
info: BeeKingdom.Persistence.Migrations.ScriptedMigrationRunner[0]&#xD;
      Migration script registered: 050_colony_snapshots.sql&#xD;
dbug: Microsoft.Extensions.Hosting.Internal.Host[3]&#xD;
      Hosting stopping&#xD;
dbug: Microsoft.Extensions.Hosting.Internal.Host[4]&#xD;
      Hosting stopped&#xD;
dbug: Microsoft.Extensions.Hosting.Internal.Host[3]&#xD;
      Hosting stopping&#xD;
dbug: Microsoft.Extensions.Hosting.Internal.Host[4]&#xD;
      Hosting stopped&#xD;
</Text>
      </RunInfo>
      <RunInfo computerName="DESKTOP-D3D29K7" outcome="Warning" timestamp="2026-07-13T23:30:06.1284644-04:00">
        <Text>dbug: Microsoft.Extensions.Hosting.Internal.Host[1]&#xD;
      Hosting starting&#xD;
info: BeeKingdom.Infrastructure.Background.ServerHeartbeatWorker[0]&#xD;
      Bee Kingdom background workers are disabled.&#xD;
dbug: Microsoft.Extensions.Hosting.Internal.Host[2]&#xD;
      Hosting started&#xD;
dbug: Microsoft.Extensions.Hosting.Internal.Host[3]&#xD;
      Hosting stopping&#xD;
dbug: Microsoft.Extensions.Hosting.Internal.Host[4]&#xD;
      Hosting stopped&#xD;
dbug: Microsoft.Extensions.Hosting.Internal.Host[3]&#xD;
      Hosting stopping&#xD;
dbug: Microsoft.Extensions.Hosting.Internal.Host[4]&#xD;
      Hosting stopped&#xD;
</Text>
      </RunInfo>
      <RunInfo computerName="DESKTOP-D3D29K7" outcome="Warning" timestamp="2026-07-13T23:30:06.1697333-04:00">
        <Text>dbug: Microsoft.Extensions.Hosting.Internal.Host[1]&#xD;
      Hosting starting&#xD;
info: BeeKingdom.Infrastructure.Background.ServerHeartbeatWorker[0]&#xD;
      Bee Kingdom background workers are disabled.&#xD;
dbug: Microsoft.Extensions.Hosting.Internal.Host[2]&#xD;
      Hosting started&#xD;
dbug: Microsoft.Extensions.Hosting.Internal.Host[3]&#xD;
      Hosting stopping&#xD;
dbug: Microsoft.Extensions.Hosting.Internal.Host[4]&#xD;
      Hosting stopped&#xD;
dbug: Microsoft.Extensions.Hosting.Internal.Host[3]&#xD;
      Hosting stopping&#xD;
dbug: Microsoft.Extensions.Hosting.Internal.Host[4]&#xD;
      Hosting stopped&#xD;
</Text>
      </RunInfo>
      <RunInfo computerName="DESKTOP-D3D29K7" outcome="Warning" timestamp="2026-07-13T23:30:06.2086974-04:00">
        <Text>dbug: Microsoft.Extensions.Hosting.Internal.Host[1]&#xD;
      Hosting starting&#xD;
info: BeeKingdom.Infrastructure.Background.ServerHeartbeatWorker[0]&#xD;
      Bee Kingdom background workers are disabled.&#xD;
dbug: Microsoft.Extensions.Hosting.Internal.Host[2]&#xD;
      Hosting started&#xD;
dbug: Microsoft.Extensions.Hosting.Internal.Host[3]&#xD;
      Hosting stopping&#xD;
dbug: Microsoft.Extensions.Hosting.Internal.Host[4]&#xD;
      Hosting stopped&#xD;
dbug: Microsoft.Extensions.Hosting.Internal.Host[3]&#xD;
      Hosting stopping&#xD;
dbug: Microsoft.Extensions.Hosting.Internal.Host[4]&#xD;
      Hosting stopped&#xD;
</Text>
      </RunInfo>
      <RunInfo computerName="DESKTOP-D3D29K7" outcome="Warning" timestamp="2026-07-13T23:30:06.2556817-04:00">
        <Text>dbug: Microsoft.Extensions.Hosting.Internal.Host[1]&#xD;
      Hosting starting&#xD;
info: BeeKingdom.Infrastructure.Background.ServerHeartbeatWorker[0]&#xD;
      Bee Kingdom background workers are disabled.&#xD;
dbug: Microsoft.Extensions.Hosting.Internal.Host[2]&#xD;
      Hosting started&#xD;
dbug: Microsoft.Extensions.Hosting.Internal.Host[3]&#xD;
      Hosting stopping&#xD;
dbug: Microsoft.Extensions.Hosting.Internal.Host[4]&#xD;
      Hosting stopped&#xD;
dbug: Microsoft.Extensions.Hosting.Internal.Host[3]&#xD;
      Hosting stopping&#xD;
dbug: Microsoft.Extensions.Hosting.Internal.Host[4]&#xD;
      Hosting stopped&#xD;
</Text>
      </RunInfo>
      <RunInfo computerName="DESKTOP-D3D29K7" outcome="Warning" timestamp="2026-07-13T23:30:06.2889022-04:00">
        <Text>dbug: Microsoft.Extensions.Hosting.Internal.Host[1]&#xD;
      Hosting starting&#xD;
info: BeeKingdom.Infrastructure.Background.ServerHeartbeatWorker[0]&#xD;
      Bee Kingdom background workers are disabled.&#xD;
dbug: Microsoft.Extensions.Hosting.Internal.Host[2]&#xD;
      Hosting started&#xD;
dbug: Microsoft.Extensions.Hosting.Internal.Host[3]&#xD;
      Hosting stopping&#xD;
dbug: Microsoft.Extensions.Hosting.Internal.Host[4]&#xD;
      Hosting stopped&#xD;
dbug: Microsoft.Extensions.Hosting.Internal.Host[3]&#xD;
      Hosting stopping&#xD;
dbug: Microsoft.Extensions.Hosting.Internal.Host[4]&#xD;
      Hosting stopped&#xD;
</Text>
      </RunInfo>
      <RunInfo computerName="DESKTOP-D3D29K7" outcome="Warning" timestamp="2026-07-13T23:30:06.3260492-04:00">
        <Text>dbug: Microsoft.Extensions.Hosting.Internal.Host[1]&#xD;
      Hosting starting&#xD;
info: BeeKingdom.Infrastructure.Background.ServerHeartbeatWorker[0]&#xD;
      Bee Kingdom background workers are disabled.&#xD;
dbug: Microsoft.Extensions.Hosting.Internal.Host[2]&#xD;
      Hosting started&#xD;
dbug: Microsoft.Extensions.Hosting.Internal.Host[3]&#xD;
      Hosting stopping&#xD;
dbug: Microsoft.Extensions.Hosting.Internal.Host[4]&#xD;
      Hosting stopped&#xD;
dbug: Microsoft.Extensions.Hosting.Internal.Host[3]&#xD;
      Hosting stopping&#xD;
dbug: Microsoft.Extensions.Hosting.Internal.Host[4]&#xD;
      Hosting stopped&#xD;
</Text>
      </RunInfo>
      <RunInfo computerName="DESKTOP-D3D29K7" outcome="Warning" timestamp="2026-07-13T23:30:06.3656173-04:00">
        <Text>dbug: Microsoft.Extensions.Hosting.Internal.Host[1]&#xD;
      Hosting starting&#xD;
info: BeeKingdom.Infrastructure.Background.ServerHeartbeatWorker[0]&#xD;
      Bee Kingdom background workers are disabled.&#xD;
dbug: Microsoft.Extensions.Hosting.Internal.Host[2]&#xD;
      Hosting started&#xD;
dbug: Microsoft.Extensions.Hosting.Internal.Host[3]&#xD;
      Hosting stopping&#xD;
dbug: Microsoft.Extensions.Hosting.Internal.Host[4]&#xD;
      Hosting stopped&#xD;
dbug: Microsoft.Extensions.Hosting.Internal.Host[3]&#xD;
      Hosting stopping&#xD;
dbug: Microsoft.Extensions.Hosting.Internal.Host[4]&#xD;
      Hosting stopped&#xD;
</Text>
      </RunInfo>
      <RunInfo computerName="DESKTOP-D3D29K7" outcome="Warning" timestamp="2026-07-13T23:30:06.4110926-04:00">
        <Text>dbug: Microsoft.Extensions.Hosting.Internal.Host[1]&#xD;
      Hosting starting&#xD;
info: BeeKingdom.Infrastructure.Background.ServerHeartbeatWorker[0]&#xD;
      Bee Kingdom background workers are disabled.&#xD;
dbug: Microsoft.Extensions.Hosting.Internal.Host[2]&#xD;
      Hosting started&#xD;
dbug: Microsoft.Extensions.Hosting.Internal.Host[3]&#xD;
      Hosting stopping&#xD;
dbug: Microsoft.Extensions.Hosting.Internal.Host[4]&#xD;
      Hosting stopped&#xD;
dbug: Microsoft.Extensions.Hosting.Internal.Host[3]&#xD;
      Hosting stopping&#xD;
dbug: Microsoft.Extensions.Hosting.Internal.Host[4]&#xD;
      Hosting stopped&#xD;
</Text>
      </RunInfo>
      <RunInfo computerName="DESKTOP-D3D29K7" outcome="Warning" timestamp="2026-07-13T23:30:06.4487813-04:00">
        <Text>dbug: Microsoft.Extensions.Hosting.Internal.Host[1]&#xD;
      Hosting starting&#xD;
info: BeeKingdom.Infrastructure.Background.ServerHeartbeatWorker[0]&#xD;
      Bee Kingdom background workers are disabled.&#xD;
dbug: Microsoft.Extensions.Hosting.Internal.Host[2]&#xD;
      Hosting started&#xD;
dbug: Microsoft.Extensions.Hosting.Internal.Host[3]&#xD;
      Hosting stopping&#xD;
dbug: Microsoft.Extensions.Hosting.Internal.Host[4]&#xD;
      Hosting stopped&#xD;
dbug: Microsoft.Extensions.Hosting.Internal.Host[3]&#xD;
      Hosting stopping&#xD;
dbug: Microsoft.Extensions.Hosting.Internal.Host[4]&#xD;
      Hosting stopped&#xD;
</Text>
      </RunInfo>
      <RunInfo computerName="DESKTOP-D3D29K7" outcome="Warning" timestamp="2026-07-13T23:30:06.4915866-04:00">
        <Text>dbug: Microsoft.Extensions.Hosting.Internal.Host[1]&#xD;
      Hosting starting&#xD;
info: BeeKingdom.Infrastructure.Background.ServerHeartbeatWorker[0]&#xD;
      Bee Kingdom background workers are disabled.&#xD;
dbug: Microsoft.Extensions.Hosting.Internal.Host[2]&#xD;
      Hosting started&#xD;
dbug: Microsoft.Extensions.Hosting.Internal.Host[3]&#xD;
      Hosting stopping&#xD;
dbug: Microsoft.Extensions.Hosting.Internal.Host[4]&#xD;
      Hosting stopped&#xD;
dbug: Microsoft.Extensions.Hosting.Internal.Host[3]&#xD;
      Hosting stopping&#xD;
dbug: Microsoft.Extensions.Hosting.Internal.Host[4]&#xD;
      Hosting stopped&#xD;
</Text>
      </RunInfo>
      <RunInfo computerName="DESKTOP-D3D29K7" outcome="Warning" timestamp="2026-07-13T23:30:06.5382613-04:00">
        <Text>dbug: Microsoft.Extensions.Hosting.Internal.Host[1]&#xD;
      Hosting starting&#xD;
info: BeeKingdom.Infrastructure.Background.ServerHeartbeatWorker[0]&#xD;
      Bee Kingdom background workers are disabled.&#xD;
dbug: Microsoft.Extensions.Hosting.Internal.Host[2]&#xD;
      Hosting started&#xD;
dbug: Microsoft.Extensions.Hosting.Internal.Host[3]&#xD;
      Hosting stopping&#xD;
dbug: Microsoft.Extensions.Hosting.Internal.Host[4]&#xD;
      Hosting stopped&#xD;
dbug: Microsoft.Extensions.Hosting.Internal.Host[3]&#xD;
      Hosting stopping&#xD;
dbug: Microsoft.Extensions.Hosting.Internal.Host[4]&#xD;
      Hosting stopped&#xD;
</Text>
      </RunInfo>
      <RunInfo computerName="DESKTOP-D3D29K7" outcome="Warning" timestamp="2026-07-13T23:30:06.5963825-04:00">
        <Text>dbug: Microsoft.Extensions.Hosting.Internal.Host[1]&#xD;
      Hosting starting&#xD;
info: BeeKingdom.Infrastructure.Background.ServerHeartbeatWorker[0]&#xD;
      Bee Kingdom background workers are disabled.&#xD;
dbug: Microsoft.Extensions.Hosting.Internal.Host[2]&#xD;
      Hosting started&#xD;
dbug: Microsoft.Extensions.Hosting.Internal.Host[3]&#xD;
      Hosting stopping&#xD;
dbug: Microsoft.Extensions.Hosting.Internal.Host[4]&#xD;
      Hosting stopped&#xD;
dbug: Microsoft.Extensions.Hosting.Internal.Host[3]&#xD;
      Hosting stopping&#xD;
dbug: Microsoft.Extensions.Hosting.Internal.Host[4]&#xD;
      Hosting stopped&#xD;
</Text>
      </RunInfo>
      <RunInfo computerName="DESKTOP-D3D29K7" outcome="Warning" timestamp="2026-07-13T23:30:06.6523025-04:00">
        <Text>dbug: Microsoft.Extensions.Hosting.Internal.Host[1]&#xD;
      Hosting starting&#xD;
info: BeeKingdom.Infrastructure.Background.ServerHeartbeatWorker[0]&#xD;
      Bee Kingdom background workers are disabled.&#xD;
dbug: Microsoft.Extensions.Hosting.Internal.Host[2]&#xD;
      Hosting started&#xD;
dbug: Microsoft.Extensions.Hosting.Internal.Host[3]&#xD;
      Hosting stopping&#xD;
dbug: Microsoft.Extensions.Hosting.Internal.Host[4]&#xD;
      Hosting stopped&#xD;
dbug: Microsoft.Extensions.Hosting.Internal.Host[3]&#xD;
      Hosting stopping&#xD;
dbug: Microsoft.Extensions.Hosting.Internal.Host[4]&#xD;
      Hosting stopped&#xD;
</Text>
      </RunInfo>
    </RunInfos>
  </ResultSummary>
</TestRun>