<?xml version="1.0" encoding="utf-8"?>
<TestRun id="84f3d779-7fb3-4d72-aaed-610d0bec8fb4" name="Utilisateur@DESKTOP-D3D29K7 2026-07-13 23:29:52" runUser="DESKTOP-D3D29K7\Utilisateur" xmlns="http://microsoft.com/schemas/VisualStudio/TeamTest/2010">
  <Times creation="2026-07-13T23:29:52.3606572-04:00" queuing="2026-07-13T23:29:52.3606578-04:00" start="2026-07-13T23:29:51.5768841-04:00" finish="2026-07-13T23:29:54.9942402-04:00" />
  <TestSettings name="default" id="089f0f7d-5875-4b5d-b9ce-76e3b75936ef">
    <Deployment runDeploymentRoot="Utilisateur_DESKTOP-D3D29K7_2026-07-13_23_29_52" />
  </TestSettings>
  <Results>
    <UnitTestResult executionId="dfb9077e-da14-4579-9c50-c811cdd94009" testId="413633a1-3cae-17e3-e76a-10bd5fc067b7" testName="InMemoryProviderSelectsInMemoryStores" computerName="DESKTOP-D3D29K7" duration="00:00:00.0075340" startTime="2026-07-13T23:29:52.3256651-04:00" endTime="2026-07-13T23:29:52.3331984-04:00" testType="13cdc9d9-ddb5-4fa4-a97d-d965ccfc6d4b" outcome="Passed" testListId="8c84fa94-04c1-424b-9868-57a2d4851a1d" relativeResultsDirectory="dfb9077e-da14-4579-9c50-c811cdd94009" />
    <UnitTestResult executionId="aaa640ac-6904-4bb5-83d4-d459e584b8b8" testId="c05917cd-dc1d-9516-0f0c-a6d48a5ad6e2" testName="CatalogSqlMatchesCheckedInScriptFiles" computerName="DESKTOP-D3D29K7" duration="00:00:00.0030670" startTime="2026-07-13T23:29:52.2739352-04:00" endTime="2026-07-13T23:29:52.2770025-04:00" testType="13cdc9d9-ddb5-4fa4-a97d-d965ccfc6d4b" outcome="Passed" testListId="8c84fa94-04c1-424b-9868-57a2d4851a1d" relativeResultsDirectory="aaa640ac-6904-4bb5-83d4-d459e584b8b8" />
    <UnitTestResult executionId="f2571e26-c569-404e-8137-e39b7f33928b" testId="f97be03f-e6f0-61eb-3aef-43a708defdea" testName="CatalogContainsAccountSessionAndColonyMigrations" computerName="DESKTOP-D3D29K7" duration="00:00:00.0076430" startTime="2026-07-13T23:29:52.2653438-04:00" endTime="2026-07-13T23:29:52.2729371-04:00" testType="13cdc9d9-ddb5-4fa4-a97d-d965ccfc6d4b" outcome="Passed" testListId="8c84fa94-04c1-424b-9868-57a2d4851a1d" relativeResultsDirectory="f2571e26-c569-404e-8137-e39b7f33928b" />
    <UnitTestResult executionId="ea2d0813-197b-4c51-890c-7a58b4e2c059" testId="74876cc1-a4ee-5d25-631c-2d948a7f3841" testName="RollbackCatalogDropsTablesInReverseDependencyOrder" computerName="DESKTOP-D3D29K7" duration="00:00:00.0003520" startTime="2026-07-13T23:29:52.2938615-04:00" endTime="2026-07-13T23:29:52.2942133-04:00" testType="13cdc9d9-ddb5-4fa4-a97d-d965ccfc6d4b" outcome="Passed" testListId="8c84fa94-04c1-424b-9868-57a2d4851a1d" relativeResultsDirectory="ea2d0813-197b-4c51-890c-7a58b4e2c059" />
    <UnitTestResult executionId="4111c694-ba9b-48c5-af68-e119e5fc312a" testId="da52c46a-c1f5-e1c7-1302-739cb2197329" testName="WorldSchemaReadinessDraftIsLocalRollbackOnlyAndNotRegistered" computerName="DESKTOP-D3D29K7" duration="00:00:00.0012140" startTime="2026-07-13T23:29:52.2944510-04:00" endTime="2026-07-13T23:29:52.2956645-04:00" testType="13cdc9d9-ddb5-4fa4-a97d-d965ccfc6d4b" outcome="Passed" testListId="8c84fa94-04c1-424b-9868-57a2d4851a1d" relativeResultsDirectory="4111c694-ba9b-48c5-af68-e119e5fc312a" />
    <UnitTestResult executionId="4f4f1549-f96a-47cb-8839-03f8afd308bd" testId="9a14d6fd-b822-ed4b-d0fc-2adc7c7ba11e" testName="DatabaseBootstrapIsNotATransactionalMigration" computerName="DESKTOP-D3D29K7" duration="00:00:00.0068920" startTime="2026-07-13T23:29:52.2770323-04:00" endTime="2026-07-13T23:29:52.2839240-04:00" testType="13cdc9d9-ddb5-4fa4-a97d-d965ccfc6d4b" outcome="Passed" testListId="8c84fa94-04c1-424b-9868-57a2d4851a1d" relativeResultsDirectory="4f4f1549-f96a-47cb-8839-03f8afd308bd" />
    <UnitTestResult executionId="97a63ecc-b9b3-42dd-9889-d497c73c2e95" testId="40e66d0a-b62b-544d-1fcd-3f653da086da" testName="MigrationConnectionDoesNotFallBackToDedicatedRuntimeIdentity" computerName="DESKTOP-D3D29K7" duration="00:00:00.0011010" startTime="2026-07-13T23:29:52.3332285-04:00" endTime="2026-07-13T23:29:52.3343292-04:00" testType="13cdc9d9-ddb5-4fa4-a97d-d965ccfc6d4b" outcome="Passed" testListId="8c84fa94-04c1-424b-9868-57a2d4851a1d" relativeResultsDirectory="97a63ecc-b9b3-42dd-9889-d497c73c2e95" />
    <UnitTestResult executionId="32cf7e55-9cf5-4464-af33-34c9c21c01dc" testId="564242bf-f912-6e88-4cf4-dffd2518fc5a" testName="MigrationsCreateExpectedTables" computerName="DESKTOP-D3D29K7" duration="00:00:00.0004090" startTime="2026-07-13T23:29:52.2899316-04:00" endTime="2026-07-13T23:29:52.2903403-04:00" testType="13cdc9d9-ddb5-4fa4-a97d-d965ccfc6d4b" outcome="Passed" testListId="8c84fa94-04c1-424b-9868-57a2d4851a1d" relativeResultsDirectory="32cf7e55-9cf5-4464-af33-34c9c21c01dc" />
    <UnitTestResult executionId="7537837f-858c-47d5-b4fa-7e322cc56cc4" testId="11ff5d46-b204-bedb-7f6f-866d645fac23" testName="SqlServerOptionsCanSeparateRuntimeAndMigrationIdentities" computerName="DESKTOP-D3D29K7" duration="00:00:00.0005850" startTime="2026-07-13T23:29:52.3343479-04:00" endTime="2026-07-13T23:29:52.3349330-04:00" testType="13cdc9d9-ddb5-4fa4-a97d-d965ccfc6d4b" outcome="Passed" testListId="8c84fa94-04c1-424b-9868-57a2d4851a1d" relativeResultsDirectory="7537837f-858c-47d5-b4fa-7e322cc56cc4" />
    <UnitTestResult executionId="62ca622d-7d6b-4c5d-ba7b-c0aa22b709b4" testId="63feae3c-5ca5-9121-15f2-1b37e0fa908f" testName="SqlServerRepositoryRoundTripsSyntheticAccountProgression" computerName="DESKTOP-D3D29K7" duration="00:00:00.1862630" startTime="2026-07-13T23:29:53.2438185-04:00" endTime="2026-07-13T23:29:53.4300802-04:00" testType="13cdc9d9-ddb5-4fa4-a97d-d965ccfc6d4b" outcome="Passed" testListId="8c84fa94-04c1-424b-9868-57a2d4851a1d" relativeResultsDirectory="62ca622d-7d6b-4c5d-ba7b-c0aa22b709b4">
      <Output>
        <StdOut>info: BeeKingdom.Persistence.Migrations.SqlServerMigrationRunner[0]&#xD;
      Applying SQL migration 010_schema_version.sql&#xD;
info: BeeKingdom.Persistence.Migrations.SqlServerMigrationRunner[0]&#xD;
      Applying SQL migration 011_schema_version_uniqueness.sql&#xD;
info: BeeKingdom.Persistence.Migrations.SqlServerMigrationRunner[0]&#xD;
      Applying SQL migration 020_accounts.sql&#xD;
info: BeeKingdom.Persistence.Migrations.SqlServerMigrationRunner[0]&#xD;
      Applying SQL migration 030_authentication_sessions.sql&#xD;
info: BeeKingdom.Persistence.Migrations.SqlServerMigrationRunner[0]&#xD;
      Applying SQL migration 040_colonies.sql&#xD;
info: BeeKingdom.Persistence.Migrations.SqlServerMigrationRunner[0]&#xD;
      Applying SQL migration 050_colony_snapshots.sql</StdOut>
      </Output>
    </UnitTestResult>
    <UnitTestResult executionId="a8ebab17-ba70-4cf9-b935-8cec5a56e26a" testId="55c548e6-4e40-87c9-7000-b3489a59b4ec" testName="SchemaVersionScriptsEnforceUniqueMigrationNames" computerName="DESKTOP-D3D29K7" duration="00:00:00.0002260" startTime="2026-07-13T23:29:52.2942197-04:00" endTime="2026-07-13T23:29:52.2944451-04:00" testType="13cdc9d9-ddb5-4fa4-a97d-d965ccfc6d4b" outcome="Passed" testListId="8c84fa94-04c1-424b-9868-57a2d4851a1d" relativeResultsDirectory="a8ebab17-ba70-4cf9-b935-8cec5a56e26a" />
    <UnitTestResult executionId="bfe52115-b95c-46e7-bab1-10f2f9d06a1f" testId="9905cde4-e4c2-fce0-b97f-0ee4e596bf32" testName="HiveLoopDryRunPlanMapsFutureTablesIndexesAndConstraints" computerName="DESKTOP-D3D29K7" duration="00:00:00.0015050" startTime="2026-07-13T23:29:52.2876948-04:00" endTime="2026-07-13T23:29:52.2891996-04:00" testType="13cdc9d9-ddb5-4fa4-a97d-d965ccfc6d4b" outcome="Passed" testListId="8c84fa94-04c1-424b-9868-57a2d4851a1d" relativeResultsDirectory="bfe52115-b95c-46e7-bab1-10f2f9d06a1f" />
    <UnitTestResult executionId="e7e80cd8-4919-4eec-af68-760389afd1ac" testId="e1299764-2d83-64a4-0556-9a329f3060a8" testName="SqlServerSerializesMigrationsAndRejectsConcurrentDuplicateAccount" computerName="DESKTOP-D3D29K7" duration="00:00:01.1291490" startTime="2026-07-13T23:29:53.4301179-04:00" endTime="2026-07-13T23:29:54.5592664-04:00" testType="13cdc9d9-ddb5-4fa4-a97d-d965ccfc6d4b" outcome="Passed" testListId="8c84fa94-04c1-424b-9868-57a2d4851a1d" relativeResultsDirectory="e7e80cd8-4919-4eec-af68-760389afd1ac">
      <Output>
        <StdOut>info: BeeKingdom.Persistence.Migrations.SqlServerMigrationRunner[0]&#xD;
      Applying SQL migration 010_schema_version.sql&#xD;
info: BeeKingdom.Persistence.Migrations.SqlServerMigrationRunner[0]&#xD;
      Applying SQL migration 011_schema_version_uniqueness.sql&#xD;
info: BeeKingdom.Persistence.Migrations.SqlServerMigrationRunner[0]&#xD;
      Applying SQL migration 020_accounts.sql&#xD;
info: BeeKingdom.Persistence.Migrations.SqlServerMigrationRunner[0]&#xD;
      Applying SQL migration 030_authentication_sessions.sql&#xD;
info: BeeKingdom.Persistence.Migrations.SqlServerMigrationRunner[0]&#xD;
      Applying SQL migration 040_colonies.sql&#xD;
info: BeeKingdom.Persistence.Migrations.SqlServerMigrationRunner[0]&#xD;
      Applying SQL migration 050_colony_snapshots.sql&#xD;
warn: BeeKingdom.Persistence.Migrations.SqlServerMigrationRunner[0]&#xD;
      Discarded a pooled SQL connection after session lock acquisition failure for BeeKingdom.Database.Create:BeeKingdom_Local_SERVERB057_ebd33727b5814dde8a741d80e2b52a6c.&#xD;
      Microsoft.Data.SqlClient.SqlException (0x80131904): Une erreur grave s'est produite pendant la commande actuelle. Les résultats devront être supprimés, le cas échéant.&#xD;
      Opération annulée par l'utilisateur.&#xD;
         at Microsoft.Data.SqlClient.SqlConnection.OnError(SqlException exception, Boolean breakConnection, Action`1 wrapCloseInAction)&#xD;
         at Microsoft.Data.SqlClient.SqlInternalConnection.OnError(SqlException exception, Boolean breakConnection, Action`1 wrapCloseInAction)&#xD;
         at Microsoft.Data.SqlClient.TdsParser.ThrowExceptionAndWarning(TdsParserStateObject stateObj, SqlCommand command, Boolean callerHasConnectionLock, Boolean asyncClose)&#xD;
         at Microsoft.Data.SqlClient.TdsParser.TryRun(RunBehavior runBehavior, SqlCommand cmdHandler, SqlDataReader dataStream, BulkCopySimpleResultSet bulkCopyHandler, TdsParserStateObject stateObj, Boolean&amp; dataReady)&#xD;
         at Microsoft.Data.SqlClient.SqlCommand.FinishExecuteReader(SqlDataReader ds, RunBehavior runBehavior, String resetOptionsString, Boolean isInternal, Boolean forDescribeParameterEncryption, Boolean shouldCacheForAlwaysEncrypted)&#xD;
         at Microsoft.Data.SqlClient.SqlCommand.CompleteAsyncExecuteReader(Boolean isInternal, Boolean forDescribeParameterEncryption)&#xD;
         at Microsoft.Data.SqlClient.SqlCommand.InternalEndExecuteNonQuery(IAsyncResult asyncResult, Boolean isInternal, String endMethod)&#xD;
         at Microsoft.Data.SqlClient.SqlCommand.EndExecuteNonQueryInternal(IAsyncResult asyncResult)&#xD;
         at Microsoft.Data.SqlClient.SqlCommand.EndExecuteNonQueryAsync(IAsyncResult asyncResult)&#xD;
         at Microsoft.Data.SqlClient.SqlCommand.&lt;&gt;c.&lt;InternalExecuteNonQueryAsync&gt;b__193_1(IAsyncResult asyncResult)&#xD;
         at System.Threading.Tasks.TaskFactory`1.FromAsyncCoreLogic(IAsyncResult iar, Func`2 endFunction, Action`1 endAction, Task`1 promise, Boolean requiresSynchronization)&#xD;
      --- End of stack trace from previous location ---&#xD;
         at BeeKingdom.Persistence.Migrations.SqlServerMigrationRunner.AcquireSessionLockAsync(SqlConnection connection, String resource, CancellationToken cancellationToken) in C:\projets\beekingdomgame-master\Server\src\BeeKingdom.Persistence\Migrations\SqlServerMigrationRunner.cs:line 203&#xD;
         at BeeKingdom.Persistence.Migrations.SqlServerMigrationRunner.AcquireSessionLockAsync(SqlConnection connection, String resource, CancellationToken cancellationToken) in C:\projets\beekingdomgame-master\Server\src\BeeKingdom.Persistence\Migrations\SqlServerMigrationRunner.cs:line 203&#xD;
         at BeeKingdom.Persistence.Migrations.SqlServerMigrationRunner.ExecuteWithSessionLockAsync[TResult](SqlConnection connection, String resource, Func`2 operation, CancellationToken cancellationToken) in C:\projets\beekingdomgame-master\Server\src\BeeKingdom.Persistence\Migrations\SqlServerMigrationRunner.cs:line 143&#xD;
      ClientConnectionId :c10e20f6-8f76-4078-b4c0-b6e3d2744b3b</StdOut>
      </Output>
    </UnitTestResult>
    <UnitTestResult executionId="e134a302-0cd9-48af-a877-f76fe67804f7" testId="f1a9bffb-0c7d-3499-4e2e-390de2ef88af" testName="ProductionConfigurationRemainsInMemoryAndContainsNoSqlConnectionValue" computerName="DESKTOP-D3D29K7" duration="00:00:00.0034850" startTime="2026-07-13T23:29:52.2903512-04:00" endTime="2026-07-13T23:29:52.2938358-04:00" testType="13cdc9d9-ddb5-4fa4-a97d-d965ccfc6d4b" outcome="Passed" testListId="8c84fa94-04c1-424b-9868-57a2d4851a1d" relativeResultsDirectory="e134a302-0cd9-48af-a877-f76fe67804f7" />
    <UnitTestResult executionId="bfdf6150-7827-46d3-94d2-3d3d5ba82616" testId="aa25d0fb-7b21-b631-0857-8d33bb3771aa" testName="SqlServerCreatesDisposableDatabaseAndAppliesMigrationsIdempotently" computerName="DESKTOP-D3D29K7" duration="00:00:00.1877290" startTime="2026-07-13T23:29:53.0560522-04:00" endTime="2026-07-13T23:29:53.2437808-04:00" testType="13cdc9d9-ddb5-4fa4-a97d-d965ccfc6d4b" outcome="Passed" testListId="8c84fa94-04c1-424b-9868-57a2d4851a1d" relativeResultsDirectory="bfdf6150-7827-46d3-94d2-3d3d5ba82616">
      <Output>
        <StdOut>info: BeeKingdom.Persistence.Migrations.SqlServerMigrationRunner[0]&#xD;
      Applying SQL migration 010_schema_version.sql&#xD;
info: BeeKingdom.Persistence.Migrations.SqlServerMigrationRunner[0]&#xD;
      Applying SQL migration 011_schema_version_uniqueness.sql&#xD;
info: BeeKingdom.Persistence.Migrations.SqlServerMigrationRunner[0]&#xD;
      Applying SQL migration 020_accounts.sql&#xD;
info: BeeKingdom.Persistence.Migrations.SqlServerMigrationRunner[0]&#xD;
      Applying SQL migration 030_authentication_sessions.sql&#xD;
info: BeeKingdom.Persistence.Migrations.SqlServerMigrationRunner[0]&#xD;
      Applying SQL migration 040_colonies.sql&#xD;
info: BeeKingdom.Persistence.Migrations.SqlServerMigrationRunner[0]&#xD;
      Applying SQL migration 050_colony_snapshots.sql</StdOut>
      </Output>
    </UnitTestResult>
    <UnitTestResult executionId="8543301b-a5af-4215-b39e-53d5b47e8992" testId="3e322514-27b1-9b48-e6a1-e73e7cb4bf90" testName="SqlServerBackupCanBeVerifiedAndRestoredToDisposableDatabase" computerName="DESKTOP-D3D29K7" duration="00:00:00.7196669" startTime="2026-07-13T23:29:52.3363261-04:00" endTime="2026-07-13T23:29:53.0559913-04:00" testType="13cdc9d9-ddb5-4fa4-a97d-d965ccfc6d4b" outcome="Passed" testListId="8c84fa94-04c1-424b-9868-57a2d4851a1d" relativeResultsDirectory="8543301b-a5af-4215-b39e-53d5b47e8992">
      <Output>
        <StdOut>info: BeeKingdom.Persistence.Migrations.SqlServerMigrationRunner[0]&#xD;
      Applying SQL migration 010_schema_version.sql&#xD;
info: BeeKingdom.Persistence.Migrations.SqlServerMigrationRunner[0]&#xD;
      Applying SQL migration 011_schema_version_uniqueness.sql&#xD;
info: BeeKingdom.Persistence.Migrations.SqlServerMigrationRunner[0]&#xD;
      Applying SQL migration 020_accounts.sql&#xD;
info: BeeKingdom.Persistence.Migrations.SqlServerMigrationRunner[0]&#xD;
      Applying SQL migration 030_authentication_sessions.sql&#xD;
info: BeeKingdom.Persistence.Migrations.SqlServerMigrationRunner[0]&#xD;
      Applying SQL migration 040_colonies.sql&#xD;
info: BeeKingdom.Persistence.Migrations.SqlServerMigrationRunner[0]&#xD;
      Applying SQL migration 050_colony_snapshots.sql</StdOut>
      </Output>
    </UnitTestResult>
    <UnitTestResult executionId="ac12bcd9-ec70-4ba7-89c3-1bdaafd385ac" testId="bab88469-e8e6-d748-cab7-0dacfccede3b" testName="SqlServerStoresSyntheticCredentialSessionAndWorldScopedColonies" computerName="DESKTOP-D3D29K7" duration="00:00:00.1731490" startTime="2026-07-13T23:29:54.5593058-04:00" endTime="2026-07-13T23:29:54.7324535-04:00" testType="13cdc9d9-ddb5-4fa4-a97d-d965ccfc6d4b" outcome="Passed" testListId="8c84fa94-04c1-424b-9868-57a2d4851a1d" relativeResultsDirectory="ac12bcd9-ec70-4ba7-89c3-1bdaafd385ac">
      <Output>
        <StdOut>info: BeeKingdom.Persistence.Migrations.SqlServerMigrationRunner[0]&#xD;
      Applying SQL migration 010_schema_version.sql&#xD;
info: BeeKingdom.Persistence.Migrations.SqlServerMigrationRunner[0]&#xD;
      Applying SQL migration 011_schema_version_uniqueness.sql&#xD;
info: BeeKingdom.Persistence.Migrations.SqlServerMigrationRunner[0]&#xD;
      Applying SQL migration 020_accounts.sql&#xD;
info: BeeKingdom.Persistence.Migrations.SqlServerMigrationRunner[0]&#xD;
      Applying SQL migration 030_authentication_sessions.sql&#xD;
info: BeeKingdom.Persistence.Migrations.SqlServerMigrationRunner[0]&#xD;
      Applying SQL migration 040_colonies.sql&#xD;
info: BeeKingdom.Persistence.Migrations.SqlServerMigrationRunner[0]&#xD;
      Applying SQL migration 050_colony_snapshots.sql</StdOut>
      </Output>
    </UnitTestResult>
    <UnitTestResult executionId="91f1e61f-59e4-4491-ae57-f6ca288e371f" testId="8f92e0be-a619-2744-5482-1239fb815f40" testName="DedicatedConnectionNamesTakePrecedenceOverLegacyFallback" computerName="DESKTOP-D3D29K7" duration="00:00:00.0287470" startTime="2026-07-13T23:29:52.2968961-04:00" endTime="2026-07-13T23:29:52.3256428-04:00" testType="13cdc9d9-ddb5-4fa4-a97d-d965ccfc6d4b" outcome="Passed" testListId="8c84fa94-04c1-424b-9868-57a2d4851a1d" relativeResultsDirectory="91f1e61f-59e4-4491-ae57-f6ca288e371f" />
    <UnitTestResult executionId="954d8f9f-ba1c-42ec-a531-c365911b4d32" testId="c8e1cc2f-3376-5897-97c6-5ad9dbed085d" testName="HiveActionLoopDevOnlyBridgeDoesNotRegisterProductionMigration" computerName="DESKTOP-D3D29K7" duration="00:00:00.0024680" startTime="2026-07-13T23:29:52.2839526-04:00" endTime="2026-07-13T23:29:52.2864202-04:00" testType="13cdc9d9-ddb5-4fa4-a97d-d965ccfc6d4b" outcome="Passed" testListId="8c84fa94-04c1-424b-9868-57a2d4851a1d" relativeResultsDirectory="954d8f9f-ba1c-42ec-a531-c365911b4d32" />
    <UnitTestResult executionId="4c73f143-c5a1-493e-851a-128fa395db76" testId="c71958ff-b6a4-a80e-4a68-b592fa59ac8e" testName="HiveLoopRepositoryContractsDoNotRegisterProductionMigration" computerName="DESKTOP-D3D29K7" duration="00:00:00.0006970" startTime="2026-07-13T23:29:52.2892211-04:00" endTime="2026-07-13T23:29:52.2899181-04:00" testType="13cdc9d9-ddb5-4fa4-a97d-d965ccfc6d4b" outcome="Passed" testListId="8c84fa94-04c1-424b-9868-57a2d4851a1d" relativeResultsDirectory="4c73f143-c5a1-493e-851a-128fa395db76" />
    <UnitTestResult executionId="8763d65c-fd33-4442-85bb-fc4960ed99e8" testId="9ddbcd57-f9b2-5064-362a-ee7464dab674" testName="SqlServerProviderSelectsSqlStoresWithoutOpeningRemoteDatabase" computerName="DESKTOP-D3D29K7" duration="00:00:00.0011320" startTime="2026-07-13T23:29:52.3349479-04:00" endTime="2026-07-13T23:29:52.3360794-04:00" testType="13cdc9d9-ddb5-4fa4-a97d-d965ccfc6d4b" outcome="Passed" testListId="8c84fa94-04c1-424b-9868-57a2d4851a1d" relativeResultsDirectory="8763d65c-fd33-4442-85bb-fc4960ed99e8" />
    <UnitTestResult executionId="e8540da4-6f8c-496a-a911-025d30c938de" testId="7169f730-4b2d-9ea7-1041-6f7ca7285e3e" testName="WorldSchemaReadinessDraftExecutesAndRollsBackLocally" computerName="DESKTOP-D3D29K7" duration="00:00:00.1961130" startTime="2026-07-13T23:29:54.7325070-04:00" endTime="2026-07-13T23:29:54.9286195-04:00" testType="13cdc9d9-ddb5-4fa4-a97d-d965ccfc6d4b" outcome="Passed" testListId="8c84fa94-04c1-424b-9868-57a2d4851a1d" relativeResultsDirectory="e8540da4-6f8c-496a-a911-025d30c938de">
      <Output>
        <StdOut>info: BeeKingdom.Persistence.Migrations.SqlServerMigrationRunner[0]&#xD;
      Applying SQL migration 010_schema_version.sql&#xD;
info: BeeKingdom.Persistence.Migrations.SqlServerMigrationRunner[0]&#xD;
      Applying SQL migration 011_schema_version_uniqueness.sql&#xD;
info: BeeKingdom.Persistence.Migrations.SqlServerMigrationRunner[0]&#xD;
      Applying SQL migration 020_accounts.sql&#xD;
info: BeeKingdom.Persistence.Migrations.SqlServerMigrationRunner[0]&#xD;
      Applying SQL migration 030_authentication_sessions.sql&#xD;
info: BeeKingdom.Persistence.Migrations.SqlServerMigrationRunner[0]&#xD;
      Applying SQL migration 040_colonies.sql&#xD;
info: BeeKingdom.Persistence.Migrations.SqlServerMigrationRunner[0]&#xD;
      Applying SQL migration 050_colony_snapshots.sql</StdOut>
      </Output>
    </UnitTestResult>
    <UnitTestResult executionId="0ccfbbb5-8624-4624-9831-32506e792fc1" testId="eb2c86bd-bc6d-896c-0a98-3c0e234c6fd3" testName="HiveLoopDryRunPlanIsLocalOptInAndNotRegisteredAsProductionMigration" computerName="DESKTOP-D3D29K7" duration="00:00:00.0012290" startTime="2026-07-13T23:29:52.2864441-04:00" endTime="2026-07-13T23:29:52.2876722-04:00" testType="13cdc9d9-ddb5-4fa4-a97d-d965ccfc6d4b" outcome="Passed" testListId="8c84fa94-04c1-424b-9868-57a2d4851a1d" relativeResultsDirectory="0ccfbbb5-8624-4624-9831-32506e792fc1" />
  </Results>
  <TestDefinitions>
    <UnitTest name="WorldSchemaReadinessDraftExecutesAndRollsBackLocally" storage="c:\projets\beekingdomgame-master\server\tests\beekingdom.tests\bin\release\net8.0\beekingdom.tests.dll" id="7169f730-4b2d-9ea7-1041-6f7ca7285e3e">
      <Execution id="e8540da4-6f8c-496a-a911-025d30c938de" />
      <TestMethod codeBase="C:\projets\beekingdomgame-master\Server\tests\BeeKingdom.Tests\bin\Release\net8.0\BeeKingdom.Tests.dll" adapterTypeName="executor://nunit3testexecutor/" className="BeeKingdom.Tests.SqlServerOptInIntegrationTests" name="WorldSchemaReadinessDraftExecutesAndRollsBackLocally" />
    </UnitTest>
    <UnitTest name="InMemoryProviderSelectsInMemoryStores" storage="c:\projets\beekingdomgame-master\server\tests\beekingdom.tests\bin\release\net8.0\beekingdom.tests.dll" id="413633a1-3cae-17e3-e76a-10bd5fc067b7">
      <Execution id="dfb9077e-da14-4579-9c50-c811cdd94009" />
      <TestMethod codeBase="C:\projets\beekingdomgame-master\Server\tests\BeeKingdom.Tests\bin\Release\net8.0\BeeKingdom.Tests.dll" adapterTypeName="executor://nunit3testexecutor/" className="BeeKingdom.Tests.PersistenceProviderSelectionTests" name="InMemoryProviderSelectsInMemoryStores" />
    </UnitTest>
    <UnitTest name="SqlServerProviderSelectsSqlStoresWithoutOpeningRemoteDatabase" storage="c:\projets\beekingdomgame-master\server\tests\beekingdom.tests\bin\release\net8.0\beekingdom.tests.dll" id="9ddbcd57-f9b2-5064-362a-ee7464dab674">
      <Execution id="8763d65c-fd33-4442-85bb-fc4960ed99e8" />
      <TestMethod codeBase="C:\projets\beekingdomgame-master\Server\tests\BeeKingdom.Tests\bin\Release\net8.0\BeeKingdom.Tests.dll" adapterTypeName="executor://nunit3testexecutor/" className="BeeKingdom.Tests.PersistenceProviderSelectionTests" name="SqlServerProviderSelectsSqlStoresWithoutOpeningRemoteDatabase" />
    </UnitTest>
    <UnitTest name="CatalogContainsAccountSessionAndColonyMigrations" storage="c:\projets\beekingdomgame-master\server\tests\beekingdom.tests\bin\release\net8.0\beekingdom.tests.dll" id="f97be03f-e6f0-61eb-3aef-43a708defdea">
      <Execution id="f2571e26-c569-404e-8137-e39b7f33928b" />
      <TestMethod codeBase="C:\projets\beekingdomgame-master\Server\tests\BeeKingdom.Tests\bin\Release\net8.0\BeeKingdom.Tests.dll" adapterTypeName="executor://nunit3testexecutor/" className="BeeKingdom.Tests.DatabaseMigrationTests" name="CatalogContainsAccountSessionAndColonyMigrations" />
    </UnitTest>
    <UnitTest name="RollbackCatalogDropsTablesInReverseDependencyOrder" storage="c:\projets\beekingdomgame-master\server\tests\beekingdom.tests\bin\release\net8.0\beekingdom.tests.dll" id="74876cc1-a4ee-5d25-631c-2d948a7f3841">
      <Execution id="ea2d0813-197b-4c51-890c-7a58b4e2c059" />
      <TestMethod codeBase="C:\projets\beekingdomgame-master\Server\tests\BeeKingdom.Tests\bin\Release\net8.0\BeeKingdom.Tests.dll" adapterTypeName="executor://nunit3testexecutor/" className="BeeKingdom.Tests.DatabaseMigrationTests" name="RollbackCatalogDropsTablesInReverseDependencyOrder" />
    </UnitTest>
    <UnitTest name="HiveLoopRepositoryContractsDoNotRegisterProductionMigration" storage="c:\projets\beekingdomgame-master\server\tests\beekingdom.tests\bin\release\net8.0\beekingdom.tests.dll" id="c71958ff-b6a4-a80e-4a68-b592fa59ac8e">
      <Execution id="4c73f143-c5a1-493e-851a-128fa395db76" />
      <TestMethod codeBase="C:\projets\beekingdomgame-master\Server\tests\BeeKingdom.Tests\bin\Release\net8.0\BeeKingdom.Tests.dll" adapterTypeName="executor://nunit3testexecutor/" className="BeeKingdom.Tests.DatabaseMigrationTests" name="HiveLoopRepositoryContractsDoNotRegisterProductionMigration" />
    </UnitTest>
    <UnitTest name="SqlServerStoresSyntheticCredentialSessionAndWorldScopedColonies" storage="c:\projets\beekingdomgame-master\server\tests\beekingdom.tests\bin\release\net8.0\beekingdom.tests.dll" id="bab88469-e8e6-d748-cab7-0dacfccede3b">
      <Execution id="ac12bcd9-ec70-4ba7-89c3-1bdaafd385ac" />
      <TestMethod codeBase="C:\projets\beekingdomgame-master\Server\tests\BeeKingdom.Tests\bin\Release\net8.0\BeeKingdom.Tests.dll" adapterTypeName="executor://nunit3testexecutor/" className="BeeKingdom.Tests.SqlServerOptInIntegrationTests" name="SqlServerStoresSyntheticCredentialSessionAndWorldScopedColonies" />
    </UnitTest>
    <UnitTest name="SchemaVersionScriptsEnforceUniqueMigrationNames" storage="c:\projets\beekingdomgame-master\server\tests\beekingdom.tests\bin\release\net8.0\beekingdom.tests.dll" id="55c548e6-4e40-87c9-7000-b3489a59b4ec">
      <Execution id="a8ebab17-ba70-4cf9-b935-8cec5a56e26a" />
      <TestMethod codeBase="C:\projets\beekingdomgame-master\Server\tests\BeeKingdom.Tests\bin\Release\net8.0\BeeKingdom.Tests.dll" adapterTypeName="executor://nunit3testexecutor/" className="BeeKingdom.Tests.DatabaseMigrationTests" name="SchemaVersionScriptsEnforceUniqueMigrationNames" />
    </UnitTest>
    <UnitTest name="MigrationsCreateExpectedTables" storage="c:\projets\beekingdomgame-master\server\tests\beekingdom.tests\bin\release\net8.0\beekingdom.tests.dll" id="564242bf-f912-6e88-4cf4-dffd2518fc5a">
      <Execution id="32cf7e55-9cf5-4464-af33-34c9c21c01dc" />
      <TestMethod codeBase="C:\projets\beekingdomgame-master\Server\tests\BeeKingdom.Tests\bin\Release\net8.0\BeeKingdom.Tests.dll" adapterTypeName="executor://nunit3testexecutor/" className="BeeKingdom.Tests.DatabaseMigrationTests" name="MigrationsCreateExpectedTables" />
    </UnitTest>
    <UnitTest name="SqlServerSerializesMigrationsAndRejectsConcurrentDuplicateAccount" storage="c:\projets\beekingdomgame-master\server\tests\beekingdom.tests\bin\release\net8.0\beekingdom.tests.dll" id="e1299764-2d83-64a4-0556-9a329f3060a8">
      <Execution id="e7e80cd8-4919-4eec-af68-760389afd1ac" />
      <TestMethod codeBase="C:\projets\beekingdomgame-master\Server\tests\BeeKingdom.Tests\bin\Release\net8.0\BeeKingdom.Tests.dll" adapterTypeName="executor://nunit3testexecutor/" className="BeeKingdom.Tests.SqlServerOptInIntegrationTests" name="SqlServerSerializesMigrationsAndRejectsConcurrentDuplicateAccount" />
    </UnitTest>
    <UnitTest name="ProductionConfigurationRemainsInMemoryAndContainsNoSqlConnectionValue" storage="c:\projets\beekingdomgame-master\server\tests\beekingdom.tests\bin\release\net8.0\beekingdom.tests.dll" id="f1a9bffb-0c7d-3499-4e2e-390de2ef88af">
      <Execution id="e134a302-0cd9-48af-a877-f76fe67804f7" />
      <TestMethod codeBase="C:\projets\beekingdomgame-master\Server\tests\BeeKingdom.Tests\bin\Release\net8.0\BeeKingdom.Tests.dll" adapterTypeName="executor://nunit3testexecutor/" className="BeeKingdom.Tests.DatabaseMigrationTests" name="ProductionConfigurationRemainsInMemoryAndContainsNoSqlConnectionValue" />
    </UnitTest>
    <UnitTest name="SqlServerCreatesDisposableDatabaseAndAppliesMigrationsIdempotently" storage="c:\projets\beekingdomgame-master\server\tests\beekingdom.tests\bin\release\net8.0\beekingdom.tests.dll" id="aa25d0fb-7b21-b631-0857-8d33bb3771aa">
      <Execution id="bfdf6150-7827-46d3-94d2-3d3d5ba82616" />
      <TestMethod codeBase="C:\projets\beekingdomgame-master\Server\tests\BeeKingdom.Tests\bin\Release\net8.0\BeeKingdom.Tests.dll" adapterTypeName="executor://nunit3testexecutor/" className="BeeKingdom.Tests.SqlServerOptInIntegrationTests" name="SqlServerCreatesDisposableDatabaseAndAppliesMigrationsIdempotently" />
    </UnitTest>
    <UnitTest name="SqlServerBackupCanBeVerifiedAndRestoredToDisposableDatabase" storage="c:\projets\beekingdomgame-master\server\tests\beekingdom.tests\bin\release\net8.0\beekingdom.tests.dll" id="3e322514-27b1-9b48-e6a1-e73e7cb4bf90">
      <Execution id="8543301b-a5af-4215-b39e-53d5b47e8992" />
      <TestMethod codeBase="C:\projets\beekingdomgame-master\Server\tests\BeeKingdom.Tests\bin\Release\net8.0\BeeKingdom.Tests.dll" adapterTypeName="executor://nunit3testexecutor/" className="BeeKingdom.Tests.SqlServerOptInIntegrationTests" name="SqlServerBackupCanBeVerifiedAndRestoredToDisposableDatabase" />
    </UnitTest>
    <UnitTest name="SqlServerOptionsCanSeparateRuntimeAndMigrationIdentities" storage="c:\projets\beekingdomgame-master\server\tests\beekingdom.tests\bin\release\net8.0\beekingdom.tests.dll" id="11ff5d46-b204-bedb-7f6f-866d645fac23">
      <Execution id="7537837f-858c-47d5-b4fa-7e322cc56cc4" />
      <TestMethod codeBase="C:\projets\beekingdomgame-master\Server\tests\BeeKingdom.Tests\bin\Release\net8.0\BeeKingdom.Tests.dll" adapterTypeName="executor://nunit3testexecutor/" className="BeeKingdom.Tests.PersistenceProviderSelectionTests" name="SqlServerOptionsCanSeparateRuntimeAndMigrationIdentities" />
    </UnitTest>
    <UnitTest name="CatalogSqlMatchesCheckedInScriptFiles" storage="c:\projets\beekingdomgame-master\server\tests\beekingdom.tests\bin\release\net8.0\beekingdom.tests.dll" id="c05917cd-dc1d-9516-0f0c-a6d48a5ad6e2">
      <Execution id="aaa640ac-6904-4bb5-83d4-d459e584b8b8" />
      <TestMethod codeBase="C:\projets\beekingdomgame-master\Server\tests\BeeKingdom.Tests\bin\Release\net8.0\BeeKingdom.Tests.dll" adapterTypeName="executor://nunit3testexecutor/" className="BeeKingdom.Tests.DatabaseMigrationTests" name="CatalogSqlMatchesCheckedInScriptFiles" />
    </UnitTest>
    <UnitTest name="DedicatedConnectionNamesTakePrecedenceOverLegacyFallback" storage="c:\projets\beekingdomgame-master\server\tests\beekingdom.tests\bin\release\net8.0\beekingdom.tests.dll" id="8f92e0be-a619-2744-5482-1239fb815f40">
      <Execution id="91f1e61f-59e4-4491-ae57-f6ca288e371f" />
      <TestMethod codeBase="C:\projets\beekingdomgame-master\Server\tests\BeeKingdom.Tests\bin\Release\net8.0\BeeKingdom.Tests.dll" adapterTypeName="executor://nunit3testexecutor/" className="BeeKingdom.Tests.PersistenceProviderSelectionTests" name="DedicatedConnectionNamesTakePrecedenceOverLegacyFallback" />
    </UnitTest>
    <UnitTest name="MigrationConnectionDoesNotFallBackToDedicatedRuntimeIdentity" storage="c:\projets\beekingdomgame-master\server\tests\beekingdom.tests\bin\release\net8.0\beekingdom.tests.dll" id="40e66d0a-b62b-544d-1fcd-3f653da086da">
      <Execution id="97a63ecc-b9b3-42dd-9889-d497c73c2e95" />
      <TestMethod codeBase="C:\projets\beekingdomgame-master\Server\tests\BeeKingdom.Tests\bin\Release\net8.0\BeeKingdom.Tests.dll" adapterTypeName="executor://nunit3testexecutor/" className="BeeKingdom.Tests.PersistenceProviderSelectionTests" name="MigrationConnectionDoesNotFallBackToDedicatedRuntimeIdentity" />
    </UnitTest>
    <UnitTest name="HiveLoopDryRunPlanIsLocalOptInAndNotRegisteredAsProductionMigration" storage="c:\projets\beekingdomgame-master\server\tests\beekingdom.tests\bin\release\net8.0\beekingdom.tests.dll" id="eb2c86bd-bc6d-896c-0a98-3c0e234c6fd3">
      <Execution id="0ccfbbb5-8624-4624-9831-32506e792fc1" />
      <TestMethod codeBase="C:\projets\beekingdomgame-master\Server\tests\BeeKingdom.Tests\bin\Release\net8.0\BeeKingdom.Tests.dll" adapterTypeName="executor://nunit3testexecutor/" className="BeeKingdom.Tests.DatabaseMigrationTests" name="HiveLoopDryRunPlanIsLocalOptInAndNotRegisteredAsProductionMigration" />
    </UnitTest>
    <UnitTest name="SqlServerRepositoryRoundTripsSyntheticAccountProgression" storage="c:\projets\beekingdomgame-master\server\tests\beekingdom.tests\bin\release\net8.0\beekingdom.tests.dll" id="63feae3c-5ca5-9121-15f2-1b37e0fa908f">
      <Execution id="62ca622d-7d6b-4c5d-ba7b-c0aa22b709b4" />
      <TestMethod codeBase="C:\projets\beekingdomgame-master\Server\tests\BeeKingdom.Tests\bin\Release\net8.0\BeeKingdom.Tests.dll" adapterTypeName="executor://nunit3testexecutor/" className="BeeKingdom.Tests.SqlServerOptInIntegrationTests" name="SqlServerRepositoryRoundTripsSyntheticAccountProgression" />
    </UnitTest>
    <UnitTest name="DatabaseBootstrapIsNotATransactionalMigration" storage="c:\projets\beekingdomgame-master\server\tests\beekingdom.tests\bin\release\net8.0\beekingdom.tests.dll" id="9a14d6fd-b822-ed4b-d0fc-2adc7c7ba11e">
      <Execution id="4f4f1549-f96a-47cb-8839-03f8afd308bd" />
      <TestMethod codeBase="C:\projets\beekingdomgame-master\Server\tests\BeeKingdom.Tests\bin\Release\net8.0\BeeKingdom.Tests.dll" adapterTypeName="executor://nunit3testexecutor/" className="BeeKingdom.Tests.DatabaseMigrationTests" name="DatabaseBootstrapIsNotATransactionalMigration" />
    </UnitTest>
    <UnitTest name="HiveActionLoopDevOnlyBridgeDoesNotRegisterProductionMigration" storage="c:\projets\beekingdomgame-master\server\tests\beekingdom.tests\bin\release\net8.0\beekingdom.tests.dll" id="c8e1cc2f-3376-5897-97c6-5ad9dbed085d">
      <Execution id="954d8f9f-ba1c-42ec-a531-c365911b4d32" />
      <TestMethod codeBase="C:\projets\beekingdomgame-master\Server\tests\BeeKingdom.Tests\bin\Release\net8.0\BeeKingdom.Tests.dll" adapterTypeName="executor://nunit3testexecutor/" className="BeeKingdom.Tests.DatabaseMigrationTests" name="HiveActionLoopDevOnlyBridgeDoesNotRegisterProductionMigration" />
    </UnitTest>
    <UnitTest name="HiveLoopDryRunPlanMapsFutureTablesIndexesAndConstraints" storage="c:\projets\beekingdomgame-master\server\tests\beekingdom.tests\bin\release\net8.0\beekingdom.tests.dll" id="9905cde4-e4c2-fce0-b97f-0ee4e596bf32">
      <Execution id="bfe52115-b95c-46e7-bab1-10f2f9d06a1f" />
      <TestMethod codeBase="C:\projets\beekingdomgame-master\Server\tests\BeeKingdom.Tests\bin\Release\net8.0\BeeKingdom.Tests.dll" adapterTypeName="executor://nunit3testexecutor/" className="BeeKingdom.Tests.DatabaseMigrationTests" name="HiveLoopDryRunPlanMapsFutureTablesIndexesAndConstraints" />
    </UnitTest>
    <UnitTest name="WorldSchemaReadinessDraftIsLocalRollbackOnlyAndNotRegistered" storage="c:\projets\beekingdomgame-master\server\tests\beekingdom.tests\bin\release\net8.0\beekingdom.tests.dll" id="da52c46a-c1f5-e1c7-1302-739cb2197329">
      <Execution id="4111c694-ba9b-48c5-af68-e119e5fc312a" />
      <TestMethod codeBase="C:\projets\beekingdomgame-master\Server\tests\BeeKingdom.Tests\bin\Release\net8.0\BeeKingdom.Tests.dll" adapterTypeName="executor://nunit3testexecutor/" className="BeeKingdom.Tests.DatabaseMigrationTests" name="WorldSchemaReadinessDraftIsLocalRollbackOnlyAndNotRegistered" />
    </UnitTest>
  </TestDefinitions>
  <TestEntries>
    <TestEntry testId="413633a1-3cae-17e3-e76a-10bd5fc067b7" executionId="dfb9077e-da14-4579-9c50-c811cdd94009" testListId="8c84fa94-04c1-424b-9868-57a2d4851a1d" />
    <TestEntry testId="c05917cd-dc1d-9516-0f0c-a6d48a5ad6e2" executionId="aaa640ac-6904-4bb5-83d4-d459e584b8b8" testListId="8c84fa94-04c1-424b-9868-57a2d4851a1d" />
    <TestEntry testId="f97be03f-e6f0-61eb-3aef-43a708defdea" executionId="f2571e26-c569-404e-8137-e39b7f33928b" testListId="8c84fa94-04c1-424b-9868-57a2d4851a1d" />
    <TestEntry testId="74876cc1-a4ee-5d25-631c-2d948a7f3841" executionId="ea2d0813-197b-4c51-890c-7a58b4e2c059" testListId="8c84fa94-04c1-424b-9868-57a2d4851a1d" />
    <TestEntry testId="da52c46a-c1f5-e1c7-1302-739cb2197329" executionId="4111c694-ba9b-48c5-af68-e119e5fc312a" testListId="8c84fa94-04c1-424b-9868-57a2d4851a1d" />
    <TestEntry testId="9a14d6fd-b822-ed4b-d0fc-2adc7c7ba11e" executionId="4f4f1549-f96a-47cb-8839-03f8afd308bd" testListId="8c84fa94-04c1-424b-9868-57a2d4851a1d" />
    <TestEntry testId="40e66d0a-b62b-544d-1fcd-3f653da086da" executionId="97a63ecc-b9b3-42dd-9889-d497c73c2e95" testListId="8c84fa94-04c1-424b-9868-57a2d4851a1d" />
    <TestEntry testId="564242bf-f912-6e88-4cf4-dffd2518fc5a" executionId="32cf7e55-9cf5-4464-af33-34c9c21c01dc" testListId="8c84fa94-04c1-424b-9868-57a2d4851a1d" />
    <TestEntry testId="11ff5d46-b204-bedb-7f6f-866d645fac23" executionId="7537837f-858c-47d5-b4fa-7e322cc56cc4" testListId="8c84fa94-04c1-424b-9868-57a2d4851a1d" />
    <TestEntry testId="63feae3c-5ca5-9121-15f2-1b37e0fa908f" executionId="62ca622d-7d6b-4c5d-ba7b-c0aa22b709b4" testListId="8c84fa94-04c1-424b-9868-57a2d4851a1d" />
    <TestEntry testId="55c548e6-4e40-87c9-7000-b3489a59b4ec" executionId="a8ebab17-ba70-4cf9-b935-8cec5a56e26a" testListId="8c84fa94-04c1-424b-9868-57a2d4851a1d" />
    <TestEntry testId="9905cde4-e4c2-fce0-b97f-0ee4e596bf32" executionId="bfe52115-b95c-46e7-bab1-10f2f9d06a1f" testListId="8c84fa94-04c1-424b-9868-57a2d4851a1d" />
    <TestEntry testId="e1299764-2d83-64a4-0556-9a329f3060a8" executionId="e7e80cd8-4919-4eec-af68-760389afd1ac" testListId="8c84fa94-04c1-424b-9868-57a2d4851a1d" />
    <TestEntry testId="f1a9bffb-0c7d-3499-4e2e-390de2ef88af" executionId="e134a302-0cd9-48af-a877-f76fe67804f7" testListId="8c84fa94-04c1-424b-9868-57a2d4851a1d" />
    <TestEntry testId="aa25d0fb-7b21-b631-0857-8d33bb3771aa" executionId="bfdf6150-7827-46d3-94d2-3d3d5ba82616" testListId="8c84fa94-04c1-424b-9868-57a2d4851a1d" />
    <TestEntry testId="3e322514-27b1-9b48-e6a1-e73e7cb4bf90" executionId="8543301b-a5af-4215-b39e-53d5b47e8992" testListId="8c84fa94-04c1-424b-9868-57a2d4851a1d" />
    <TestEntry testId="bab88469-e8e6-d748-cab7-0dacfccede3b" executionId="ac12bcd9-ec70-4ba7-89c3-1bdaafd385ac" testListId="8c84fa94-04c1-424b-9868-57a2d4851a1d" />
    <TestEntry testId="8f92e0be-a619-2744-5482-1239fb815f40" executionId="91f1e61f-59e4-4491-ae57-f6ca288e371f" testListId="8c84fa94-04c1-424b-9868-57a2d4851a1d" />
    <TestEntry testId="c8e1cc2f-3376-5897-97c6-5ad9dbed085d" executionId="954d8f9f-ba1c-42ec-a531-c365911b4d32" testListId="8c84fa94-04c1-424b-9868-57a2d4851a1d" />
    <TestEntry testId="c71958ff-b6a4-a80e-4a68-b592fa59ac8e" executionId="4c73f143-c5a1-493e-851a-128fa395db76" testListId="8c84fa94-04c1-424b-9868-57a2d4851a1d" />
    <TestEntry testId="9ddbcd57-f9b2-5064-362a-ee7464dab674" executionId="8763d65c-fd33-4442-85bb-fc4960ed99e8" testListId="8c84fa94-04c1-424b-9868-57a2d4851a1d" />
    <TestEntry testId="7169f730-4b2d-9ea7-1041-6f7ca7285e3e" executionId="e8540da4-6f8c-496a-a911-025d30c938de" testListId="8c84fa94-04c1-424b-9868-57a2d4851a1d" />
    <TestEntry testId="eb2c86bd-bc6d-896c-0a98-3c0e234c6fd3" executionId="0ccfbbb5-8624-4624-9831-32506e792fc1" testListId="8c84fa94-04c1-424b-9868-57a2d4851a1d" />
  </TestEntries>
  <TestLists>
    <TestList name="Les résultats ne figurent pas dans une liste" id="8c84fa94-04c1-424b-9868-57a2d4851a1d" />
    <TestList name="Tous les résultats chargés" id="19431567-8539-422a-85d7-44ee4e166bda" />
  </TestLists>
  <ResultSummary outcome="Completed">
    <Counters total="23" executed="23" passed="23" failed="0" error="0" timeout="0" aborted="0" inconclusive="0" passedButRunAborted="0" notRunnable="0" notExecuted="0" disconnected="0" warning="0" completed="0" inProgress="0" pending="0" />
    <Output>
      <StdOut>NUnit Adapter 4.5.0.0: Test execution started&#xD;
Running selected tests in C:\projets\beekingdomgame-master\Server\tests\BeeKingdom.Tests\bin\Release\net8.0\BeeKingdom.Tests.dll&#xD;
   NUnit3TestExecutor discovered 23 of 23 NUnit test cases using Current Discovery mode, Non-Explicit run&#xD;
NUnit Adapter 4.5.0.0: Test execution complete&#xD;
</StdOut>
    </Output>
    <RunInfos>
      <RunInfo computerName="DESKTOP-D3D29K7" outcome="Warning" timestamp="2026-07-13T23:29:53.0578320-04:00">
        <Text>info: BeeKingdom.Persistence.Migrations.SqlServerMigrationRunner[0]&#xD;
      Applying SQL migration 010_schema_version.sql&#xD;
info: BeeKingdom.Persistence.Migrations.SqlServerMigrationRunner[0]&#xD;
      Applying SQL migration 011_schema_version_uniqueness.sql&#xD;
info: BeeKingdom.Persistence.Migrations.SqlServerMigrationRunner[0]&#xD;
      Applying SQL migration 020_accounts.sql&#xD;
info: BeeKingdom.Persistence.Migrations.SqlServerMigrationRunner[0]&#xD;
      Applying SQL migration 030_authentication_sessions.sql&#xD;
info: BeeKingdom.Persistence.Migrations.SqlServerMigrationRunner[0]&#xD;
      Applying SQL migration 040_colonies.sql&#xD;
info: BeeKingdom.Persistence.Migrations.SqlServerMigrationRunner[0]&#xD;
      Applying SQL migration 050_colony_snapshots.sql&#xD;
</Text>
      </RunInfo>
      <RunInfo computerName="DESKTOP-D3D29K7" outcome="Warning" timestamp="2026-07-13T23:29:53.2446562-04:00">
        <Text>info: BeeKingdom.Persistence.Migrations.SqlServerMigrationRunner[0]&#xD;
      Applying SQL migration 010_schema_version.sql&#xD;
info: BeeKingdom.Persistence.Migrations.SqlServerMigrationRunner[0]&#xD;
      Applying SQL migration 011_schema_version_uniqueness.sql&#xD;
info: BeeKingdom.Persistence.Migrations.SqlServerMigrationRunner[0]&#xD;
      Applying SQL migration 020_accounts.sql&#xD;
info: BeeKingdom.Persistence.Migrations.SqlServerMigrationRunner[0]&#xD;
      Applying SQL migration 030_authentication_sessions.sql&#xD;
info: BeeKingdom.Persistence.Migrations.SqlServerMigrationRunner[0]&#xD;
      Applying SQL migration 040_colonies.sql&#xD;
info: BeeKingdom.Persistence.Migrations.SqlServerMigrationRunner[0]&#xD;
      Applying SQL migration 050_colony_snapshots.sql&#xD;
</Text>
      </RunInfo>
      <RunInfo computerName="DESKTOP-D3D29K7" outcome="Warning" timestamp="2026-07-13T23:29:53.4311203-04:00">
        <Text>info: BeeKingdom.Persistence.Migrations.SqlServerMigrationRunner[0]&#xD;
      Applying SQL migration 010_schema_version.sql&#xD;
info: BeeKingdom.Persistence.Migrations.SqlServerMigrationRunner[0]&#xD;
      Applying SQL migration 011_schema_version_uniqueness.sql&#xD;
info: BeeKingdom.Persistence.Migrations.SqlServerMigrationRunner[0]&#xD;
      Applying SQL migration 020_accounts.sql&#xD;
info: BeeKingdom.Persistence.Migrations.SqlServerMigrationRunner[0]&#xD;
      Applying SQL migration 030_authentication_sessions.sql&#xD;
info: BeeKingdom.Persistence.Migrations.SqlServerMigrationRunner[0]&#xD;
      Applying SQL migration 040_colonies.sql&#xD;
info: BeeKingdom.Persistence.Migrations.SqlServerMigrationRunner[0]&#xD;
      Applying SQL migration 050_colony_snapshots.sql&#xD;
</Text>
      </RunInfo>
      <RunInfo computerName="DESKTOP-D3D29K7" outcome="Warning" timestamp="2026-07-13T23:29:54.5603155-04:00">
        <Text>info: BeeKingdom.Persistence.Migrations.SqlServerMigrationRunner[0]&#xD;
      Applying SQL migration 010_schema_version.sql&#xD;
info: BeeKingdom.Persistence.Migrations.SqlServerMigrationRunner[0]&#xD;
      Applying SQL migration 011_schema_version_uniqueness.sql&#xD;
info: BeeKingdom.Persistence.Migrations.SqlServerMigrationRunner[0]&#xD;
      Applying SQL migration 020_accounts.sql&#xD;
info: BeeKingdom.Persistence.Migrations.SqlServerMigrationRunner[0]&#xD;
      Applying SQL migration 030_authentication_sessions.sql&#xD;
info: BeeKingdom.Persistence.Migrations.SqlServerMigrationRunner[0]&#xD;
      Applying SQL migration 040_colonies.sql&#xD;
info: BeeKingdom.Persistence.Migrations.SqlServerMigrationRunner[0]&#xD;
      Applying SQL migration 050_colony_snapshots.sql&#xD;
warn: BeeKingdom.Persistence.Migrations.SqlServerMigrationRunner[0]&#xD;
      Discarded a pooled SQL connection after session lock acquisition failure for BeeKingdom.Database.Create:BeeKingdom_Local_SERVERB057_ebd33727b5814dde8a741d80e2b52a6c.&#xD;
      Microsoft.Data.SqlClient.SqlException (0x80131904): Une erreur grave s'est produite pendant la commande actuelle. Les résultats devront être supprimés, le cas échéant.&#xD;
      Opération annulée par l'utilisateur.&#xD;
         at Microsoft.Data.SqlClient.SqlConnection.OnError(SqlException exception, Boolean breakConnection, Action`1 wrapCloseInAction)&#xD;
         at Microsoft.Data.SqlClient.SqlInternalConnection.OnError(SqlException exception, Boolean breakConnection, Action`1 wrapCloseInAction)&#xD;
         at Microsoft.Data.SqlClient.TdsParser.ThrowExceptionAndWarning(TdsParserStateObject stateObj, SqlCommand command, Boolean callerHasConnectionLock, Boolean asyncClose)&#xD;
         at Microsoft.Data.SqlClient.TdsParser.TryRun(RunBehavior runBehavior, SqlCommand cmdHandler, SqlDataReader dataStream, BulkCopySimpleResultSet bulkCopyHandler, TdsParserStateObject stateObj, Boolean&amp; dataReady)&#xD;
         at Microsoft.Data.SqlClient.SqlCommand.FinishExecuteReader(SqlDataReader ds, RunBehavior runBehavior, String resetOptionsString, Boolean isInternal, Boolean forDescribeParameterEncryption, Boolean shouldCacheForAlwaysEncrypted)&#xD;
         at Microsoft.Data.SqlClient.SqlCommand.CompleteAsyncExecuteReader(Boolean isInternal, Boolean forDescribeParameterEncryption)&#xD;
         at Microsoft.Data.SqlClient.SqlCommand.InternalEndExecuteNonQuery(IAsyncResult asyncResult, Boolean isInternal, String endMethod)&#xD;
         at Microsoft.Data.SqlClient.SqlCommand.EndExecuteNonQueryInternal(IAsyncResult asyncResult)&#xD;
         at Microsoft.Data.SqlClient.SqlCommand.EndExecuteNonQueryAsync(IAsyncResult asyncResult)&#xD;
         at Microsoft.Data.SqlClient.SqlCommand.&lt;&gt;c.&lt;InternalExecuteNonQueryAsync&gt;b__193_1(IAsyncResult asyncResult)&#xD;
         at System.Threading.Tasks.TaskFactory`1.FromAsyncCoreLogic(IAsyncResult iar, Func`2 endFunction, Action`1 endAction, Task`1 promise, Boolean requiresSynchronization)&#xD;
      --- End of stack trace from previous location ---&#xD;
         at BeeKingdom.Persistence.Migrations.SqlServerMigrationRunner.AcquireSessionLockAsync(SqlConnection connection, String resource, CancellationToken cancellationToken) in C:\projets\beekingdomgame-master\Server\src\BeeKingdom.Persistence\Migrations\SqlServerMigrationRunner.cs:line 203&#xD;
         at BeeKingdom.Persistence.Migrations.SqlServerMigrationRunner.AcquireSessionLockAsync(SqlConnection connection, String resource, CancellationToken cancellationToken) in C:\projets\beekingdomgame-master\Server\src\BeeKingdom.Persistence\Migrations\SqlServerMigrationRunner.cs:line 203&#xD;
         at BeeKingdom.Persistence.Migrations.SqlServerMigrationRunner.ExecuteWithSessionLockAsync[TResult](SqlConnection connection, String resource, Func`2 operation, CancellationToken cancellationToken) in C:\projets\beekingdomgame-master\Server\src\BeeKingdom.Persistence\Migrations\SqlServerMigrationRunner.cs:line 143&#xD;
      ClientConnectionId :c10e20f6-8f76-4078-b4c0-b6e3d2744b3b&#xD;
</Text>
      </RunInfo>
      <RunInfo computerName="DESKTOP-D3D29K7" outcome="Warning" timestamp="2026-07-13T23:29:54.7332083-04:00">
        <Text>info: BeeKingdom.Persistence.Migrations.SqlServerMigrationRunner[0]&#xD;
      Applying SQL migration 010_schema_version.sql&#xD;
info: BeeKingdom.Persistence.Migrations.SqlServerMigrationRunner[0]&#xD;
      Applying SQL migration 011_schema_version_uniqueness.sql&#xD;
info: BeeKingdom.Persistence.Migrations.SqlServerMigrationRunner[0]&#xD;
      Applying SQL migration 020_accounts.sql&#xD;
info: BeeKingdom.Persistence.Migrations.SqlServerMigrationRunner[0]&#xD;
      Applying SQL migration 030_authentication_sessions.sql&#xD;
info: BeeKingdom.Persistence.Migrations.SqlServerMigrationRunner[0]&#xD;
      Applying SQL migration 040_colonies.sql&#xD;
info: BeeKingdom.Persistence.Migrations.SqlServerMigrationRunner[0]&#xD;
      Applying SQL migration 050_colony_snapshots.sql&#xD;
</Text>
      </RunInfo>
      <RunInfo computerName="DESKTOP-D3D29K7" outcome="Warning" timestamp="2026-07-13T23:29:54.9294544-04:00">
        <Text>info: BeeKingdom.Persistence.Migrations.SqlServerMigrationRunner[0]&#xD;
      Applying SQL migration 010_schema_version.sql&#xD;
info: BeeKingdom.Persistence.Migrations.SqlServerMigrationRunner[0]&#xD;
      Applying SQL migration 011_schema_version_uniqueness.sql&#xD;
info: BeeKingdom.Persistence.Migrations.SqlServerMigrationRunner[0]&#xD;
      Applying SQL migration 020_accounts.sql&#xD;
info: BeeKingdom.Persistence.Migrations.SqlServerMigrationRunner[0]&#xD;
      Applying SQL migration 030_authentication_sessions.sql&#xD;
info: BeeKingdom.Persistence.Migrations.SqlServerMigrationRunner[0]&#xD;
      Applying SQL migration 040_colonies.sql&#xD;
info: BeeKingdom.Persistence.Migrations.SqlServerMigrationRunner[0]&#xD;
      Applying SQL migration 050_colony_snapshots.sql&#xD;
</Text>
      </RunInfo>
    </RunInfos>
  </ResultSummary>
</TestRun>